gamin-0.1.10/
gamin-0.1.10/install-sh
gamin-0.1.10/INSTALL
gamin-0.1.10/Copyright
gamin-0.1.10/configure.in
gamin-0.1.10/AUTHORS
gamin-0.1.10/server/
gamin-0.1.10/server/gam_inotify.h
gamin-0.1.10/server/gam_conf.c
gamin-0.1.10/server/gam_hurd_mach_notify.c
gamin-0.1.10/server/gam_excludes.c
gamin-0.1.10/server/gam_listener.c
gamin-0.1.10/server/inotify-path.c
gamin-0.1.10/server/gam_channel.c
gamin-0.1.10/server/gam_eq.h
gamin-0.1.10/server/gam_connection.h
gamin-0.1.10/server/inotify-path.h
gamin-0.1.10/server/inotify-diag.h
gamin-0.1.10/server/gam_poll_generic.h
gamin-0.1.10/server/gam_dnotify.h
gamin-0.1.10/server/gam_node.h
gamin-0.1.10/server/gam_dnotify.c
gamin-0.1.10/server/gam_pidname.h
gamin-0.1.10/server/gam_subscription.c
gamin-0.1.10/server/gam_connection.c
gamin-0.1.10/server/gam_poll_basic.c
gamin-0.1.10/server/Makefile.in
gamin-0.1.10/server/gam_hurd_mach_notify.h
gamin-0.1.10/server/gam_listener.h
gamin-0.1.10/server/gam_fs.c
gamin-0.1.10/server/gam_fs.h
gamin-0.1.10/server/gam_poll_generic.c
gamin-0.1.10/server/gam_debugging.h
gamin-0.1.10/server/inotify-missing.c
gamin-0.1.10/server/gam_kqueue.c
gamin-0.1.10/server/inotify-helper.c
gamin-0.1.10/server/gam_eq.c
gamin-0.1.10/server/gam_kqueue.h
gamin-0.1.10/server/gam_poll_basic.h
gamin-0.1.10/server/inotify-sub.h
gamin-0.1.10/server/Makefile.am
gamin-0.1.10/server/gam_channel.h
gamin-0.1.10/server/gam_server.c
gamin-0.1.10/server/gam_pidname.c
gamin-0.1.10/server/gam_conf.h
gamin-0.1.10/server/gam_tree.c
gamin-0.1.10/server/inotify-diag.c
gamin-0.1.10/server/gam_excludes.h
gamin-0.1.10/server/inotify-kernel.h
gamin-0.1.10/server/inotify-kernel.c
gamin-0.1.10/server/inotify-sub.c
gamin-0.1.10/server/gam_tree.h
gamin-0.1.10/server/gam_node.c
gamin-0.1.10/server/gam_poll_dnotify.h
gamin-0.1.10/server/gam_debugging.c
gamin-0.1.10/server/gam_inotify.c
gamin-0.1.10/server/gam_poll_dnotify.c
gamin-0.1.10/server/gam_subscription.h
gamin-0.1.10/server/inotify-helper.h
gamin-0.1.10/server/server_config.h
gamin-0.1.10/server/gam_server.h
gamin-0.1.10/server/inotify-missing.h
gamin-0.1.10/aclocal.m4
gamin-0.1.10/ChangeLog
gamin-0.1.10/libgamin/
gamin-0.1.10/libgamin/gam_data.c
gamin-0.1.10/libgamin/gam_api.c
gamin-0.1.10/libgamin/gam_fork.h
gamin-0.1.10/libgamin/fam.h
gamin-0.1.10/libgamin/gam_data.h
gamin-0.1.10/libgamin/TODO
gamin-0.1.10/libgamin/Makefile.in
gamin-0.1.10/libgamin/gam_event.c
gamin-0.1.10/libgamin/gam_protocol.h
gamin-0.1.10/libgamin/gamin.c
gamin-0.1.10/libgamin/gam_error.c
gamin-0.1.10/libgamin/Makefile.am
gamin-0.1.10/libgamin/gamin_sym.version
gamin-0.1.10/libgamin/gam_fork.c
gamin-0.1.10/NEWS
gamin-0.1.10/lib/
gamin-0.1.10/lib/gam_error.h
gamin-0.1.10/lib/gam_event.h
gamin-0.1.10/lib/Makefile.in
gamin-0.1.10/lib/gam_event.c
gamin-0.1.10/lib/gam_error.c
gamin-0.1.10/lib/Makefile.am
gamin-0.1.10/config.sub
gamin-0.1.10/gamin.spec.in
gamin-0.1.10/missing
gamin-0.1.10/acinclude.m4
gamin-0.1.10/TODO
gamin-0.1.10/depcomp
gamin-0.1.10/Makefile.in
gamin-0.1.10/mkinstalldirs
gamin-0.1.10/README
gamin-0.1.10/gamin.pc.in
gamin-0.1.10/doc/
gamin-0.1.10/doc/debug.html
gamin-0.1.10/doc/.cvsignore
gamin-0.1.10/doc/devel.html
gamin-0.1.10/doc/ChangeLog.awk
gamin-0.1.10/doc/desc
gamin-0.1.10/doc/index.html
gamin-0.1.10/doc/differences.html
gamin-0.1.10/doc/python.html
gamin-0.1.10/doc/server_structs.gif
gamin-0.1.10/doc/server_structs.fig
gamin-0.1.10/doc/using.html
gamin-0.1.10/doc/callbacks.gif
gamin-0.1.10/doc/gamin-api.xml
gamin-0.1.10/doc/Makefile.in
gamin-0.1.10/doc/FAQ.html
gamin-0.1.10/doc/callbacks.fig
gamin-0.1.10/doc/Makefile
gamin-0.1.10/doc/client_server.fig
gamin-0.1.10/doc/socket.txt
gamin-0.1.10/doc/debugging.txt
gamin-0.1.10/doc/Makefile.am
gamin-0.1.10/doc/overview.html
gamin-0.1.10/doc/site.xsl
gamin-0.1.10/doc/client_server.gif
gamin-0.1.10/doc/config.html
gamin-0.1.10/doc/gamin.html
gamin-0.1.10/doc/news.xsl
gamin-0.1.10/doc/internals.html
gamin-0.1.10/doc/apibuild.py
gamin-0.1.10/doc/security.html
gamin-0.1.10/doc/news.html
gamin-0.1.10/doc/gamin-refs.xml
gamin-0.1.10/doc/downloads.html
gamin-0.1.10/doc/contacts.html
gamin-0.1.10/Makefile.am
gamin-0.1.10/py-compile
gamin-0.1.10/tests/
gamin-0.1.10/tests/scenario/
gamin-0.1.10/tests/scenario/1.tst
gamin-0.1.10/tests/scenario/9.tst
gamin-0.1.10/tests/scenario/4.tst
gamin-0.1.10/tests/scenario/11.tst
gamin-0.1.10/tests/scenario/7.tst
gamin-0.1.10/tests/scenario/8.tst
gamin-0.1.10/tests/scenario/6.tst
gamin-0.1.10/tests/scenario/10.tst
gamin-0.1.10/tests/scenario/3.tst
gamin-0.1.10/tests/scenario/5.tst
gamin-0.1.10/tests/scenario/2.tst
gamin-0.1.10/tests/testing.c
gamin-0.1.10/tests/Makefile.in
gamin-0.1.10/tests/result/
gamin-0.1.10/tests/result/10
gamin-0.1.10/tests/result/9
gamin-0.1.10/tests/result/7
gamin-0.1.10/tests/result/5
gamin-0.1.10/tests/result/1
gamin-0.1.10/tests/result/3
gamin-0.1.10/tests/result/4
gamin-0.1.10/tests/result/8
gamin-0.1.10/tests/result/11
gamin-0.1.10/tests/result/2
gamin-0.1.10/tests/result/6
gamin-0.1.10/tests/Makefile.am
gamin-0.1.10/python/
gamin-0.1.10/python/gamin.py
gamin-0.1.10/python/Makefile.in
gamin-0.1.10/python/gamin.c
gamin-0.1.10/python/Makefile.am
gamin-0.1.10/python/tests/
gamin-0.1.10/python/tests/readonly.py
gamin-0.1.10/python/tests/dnotify5.py
gamin-0.1.10/python/tests/dnotify3.py
gamin-0.1.10/python/tests/flood4.py
gamin-0.1.10/python/tests/basic5.py
gamin-0.1.10/python/tests/flood2.py
gamin-0.1.10/python/tests/dnotify10.py
gamin-0.1.10/python/tests/dnotify9.py
gamin-0.1.10/python/tests/multiple3.py
gamin-0.1.10/python/tests/dnotify2.py
gamin-0.1.10/python/tests/dnotify12.py
gamin-0.1.10/python/tests/flood.py
gamin-0.1.10/python/tests/multiple.py
gamin-0.1.10/python/tests/dnotify13.py
gamin-0.1.10/python/tests/basic6.py
gamin-0.1.10/python/tests/dnotify7.py
gamin-0.1.10/python/tests/Makefile.in
gamin-0.1.10/python/tests/multiple2.py
gamin-0.1.10/python/tests/nokernel.py
gamin-0.1.10/python/tests/basic4.py
gamin-0.1.10/python/tests/Makefile.am
gamin-0.1.10/python/tests/basic3.py
gamin-0.1.10/python/tests/dnotify4.py
gamin-0.1.10/python/tests/noexists.py
gamin-0.1.10/python/tests/dnotify6.py
gamin-0.1.10/python/tests/level.py
gamin-0.1.10/python/tests/basic2.py
gamin-0.1.10/python/tests/dnotify11.py
gamin-0.1.10/python/tests/dnotify.py
gamin-0.1.10/python/tests/flood3.py
gamin-0.1.10/python/tests/bigfile.py
gamin-0.1.10/python/tests/dnotify8.py
gamin-0.1.10/python/tests/dnotify15.py
gamin-0.1.10/python/tests/basic.py
gamin-0.1.10/gamin.spec
gamin-0.1.10/configure
gamin-0.1.10/config.h.in
gamin-0.1.10/COPYING
gamin-0.1.10/config.guess
gamin-0.1.10/ltmain.sh
patching file libgamin/gam_data.c
Hmm...  Looks like a unified diff to me...
The text leading up to this was:
--------------------------
|diff -rupN gamin-0.1.10/server/inotify-helper.c gamin-0.1.10-new/server/inotify-helper.c
|--- gamin-0.1.10/server/inotify-helper.c	2008-11-12 21:45:28.000000000 +0100
|+++ gamin-0.1.10-new/server/inotify-helper.c	2012-02-02 23:11:47.247757385 +0100
--------------------------
patching file server/inotify-helper.c
Using Plan A...
Hunk #1 succeeded at 127.
Hunk #2 succeeded at 137.
done
Hmm...  Looks like a unified diff to me...
The text leading up to this was:
--------------------------
|--- ./server/gam_node.h.orig	2007-07-04 15:36:49.000000000 +0200
|+++ ./server/gam_node.h	2011-08-26 01:49:59.504423790 +0200
--------------------------
patching file server/gam_node.h
Using Plan A...
Hunk #1 succeeded at 58.
Hmm...  The next patch looks like a unified diff to me...
The text leading up to this was:
--------------------------
|--- ./server/gam_subscription.h.orig	2007-07-04 15:36:49.000000000 +0200
|+++ ./server/gam_subscription.h	2011-08-26 01:49:59.504423790 +0200
--------------------------
patching file server/gam_subscription.h
Using Plan A...
Hunk #1 succeeded at 21.
Hmm...  The next patch looks like a unified diff to me...
The text leading up to this was:
--------------------------
|--- ./server/gam_node.c.orig	2007-07-04 15:36:49.000000000 +0200
|+++ ./server/gam_node.c	2011-08-26 01:49:59.504423790 +0200
--------------------------
patching file server/gam_node.c
Using Plan A...
Hunk #1 succeeded at 122.
Hmm...  The next patch looks like a unified diff to me...
The text leading up to this was:
--------------------------
|--- ./server/gam_subscription.c.orig	2007-07-04 15:36:49.000000000 +0200
|+++ ./server/gam_subscription.c	2011-08-26 01:49:59.504423790 +0200
--------------------------
patching file server/gam_subscription.c
Using Plan A...
Hunk #1 succeeded at 141.
done
Hmm...  Looks like a unified diff to me...
The text leading up to this was:
--------------------------
|From b92b17ecced6df463da73d6de566740cf5cd00d4 Mon Sep 17 00:00:00 2001
|From: Marek Kasik <mkasik@redhat.com>
|Date: Fri, 1 Feb 2013 15:19:58 +0100
|Subject: [PATCH 1/2] Poll files on nfs4
|
|Add nfs4 among polled filesystems.
|
|https://bugzilla.gnome.org/show_bug.cgi?id=693006
|---
| server/gam_fs.c | 1 +
| 1 file changed, 1 insertion(+)
|
|diff --git a/server/gam_fs.c b/server/gam_fs.c
|index c8ca704..143a603 100644
|--- a/server/gam_fs.c
|+++ b/server/gam_fs.c
--------------------------
patching file server/gam_fs.c
Using Plan A...
Hunk #1 succeeded at 178.
Hmm...  Ignoring the trailing garbage.
done
checking build system type... x86_64-slackware-linux-gnu
checking host system type... x86_64-slackware-linux-gnu
checking target system type... x86_64-slackware-linux-gnu
checking for a BSD-compatible install... /usr/bin/ginstall -c
checking whether build environment is sane... yes
checking for a thread-safe mkdir -p... /usr/bin/mkdir -p
checking for gawk... gawk
checking whether make sets $(MAKE)... yes
checking for style of include used by make... GNU
checking for x86_64-slackware-linux-gcc... no
checking for gcc... gcc
checking for C compiler default output file name... a.out
checking whether the C compiler works... yes
checking whether we are cross compiling... no
checking for suffix of executables... 
checking for suffix of object files... o
checking whether we are using the GNU C compiler... yes
checking whether gcc accepts -g... yes
checking for gcc option to accept ISO C89... none needed
checking dependency style of gcc... gcc3
checking for a sed that does not truncate output... /usr/bin/sed
checking for grep that handles long lines and -e... /usr/bin/grep
checking for egrep... /usr/bin/grep -E
checking for ld used by gcc... /usr/bin/ld
checking if the linker (/usr/bin/ld) is GNU ld... yes
checking for /usr/bin/ld option to reload object files... -r
checking for BSD-compatible nm... /usr/bin/nm -B
checking whether ln -s works... yes
checking how to recognize dependent libraries... pass_all
checking how to run the C preprocessor... gcc -E
checking for ANSI C header files... yes
checking for sys/types.h... yes
checking for sys/stat.h... yes
checking for stdlib.h... yes
checking for string.h... yes
checking for memory.h... yes
checking for strings.h... yes
checking for inttypes.h... yes
checking for stdint.h... yes
checking for unistd.h... yes
checking dlfcn.h usability... yes
checking dlfcn.h presence... yes
checking for dlfcn.h... yes
checking for x86_64-slackware-linux-g++... no
checking for x86_64-slackware-linux-c++... no
checking for x86_64-slackware-linux-gpp... no
checking for x86_64-slackware-linux-aCC... no
checking for x86_64-slackware-linux-CC... no
checking for x86_64-slackware-linux-cxx... no
checking for x86_64-slackware-linux-cc++... no
checking for x86_64-slackware-linux-cl.exe... no
checking for x86_64-slackware-linux-FCC... no
checking for x86_64-slackware-linux-KCC... no
checking for x86_64-slackware-linux-RCC... no
checking for x86_64-slackware-linux-xlC_r... no
checking for x86_64-slackware-linux-xlC... no
checking for g++... g++
checking whether we are using the GNU C++ compiler... yes
checking whether g++ accepts -g... yes
checking dependency style of g++... gcc3
checking how to run the C++ preprocessor... g++ -E
checking for x86_64-slackware-linux-g77... no
checking for x86_64-slackware-linux-xlf... no
checking for x86_64-slackware-linux-f77... no
checking for x86_64-slackware-linux-frt... no
checking for x86_64-slackware-linux-pgf77... no
checking for x86_64-slackware-linux-cf77... no
checking for x86_64-slackware-linux-fort77... no
checking for x86_64-slackware-linux-fl32... no
checking for x86_64-slackware-linux-af77... no
checking for x86_64-slackware-linux-xlf90... no
checking for x86_64-slackware-linux-f90... no
checking for x86_64-slackware-linux-pgf90... no
checking for x86_64-slackware-linux-pghpf... no
checking for x86_64-slackware-linux-epcf90... no
checking for x86_64-slackware-linux-gfortran... no
checking for x86_64-slackware-linux-g95... no
checking for x86_64-slackware-linux-xlf95... no
checking for x86_64-slackware-linux-f95... no
checking for x86_64-slackware-linux-fort... no
checking for x86_64-slackware-linux-ifort... no
checking for x86_64-slackware-linux-ifc... no
checking for x86_64-slackware-linux-efc... no
checking for x86_64-slackware-linux-pgf95... no
checking for x86_64-slackware-linux-lf95... no
checking for x86_64-slackware-linux-ftn... no
checking for g77... g77
checking whether we are using the GNU Fortran 77 compiler... yes
checking whether g77 accepts -g... yes
checking the maximum length of command line arguments... 98304
checking command to parse /usr/bin/nm -B output from gcc object... ok
checking for objdir... .libs
checking for x86_64-slackware-linux-ar... no
checking for ar... ar
checking for x86_64-slackware-linux-ranlib... no
checking for ranlib... ranlib
checking for x86_64-slackware-linux-strip... no
checking for strip... strip
checking if gcc supports -fno-rtti -fno-exceptions... no
checking for gcc option to produce PIC... -fPIC
checking if gcc PIC flag -fPIC works... yes
checking if gcc static flag -static works... yes
checking if gcc supports -c -o file.o... yes
checking whether the gcc linker (/usr/bin/ld -m elf_x86_64) supports shared libraries... yes
checking whether -lc should be explicitly linked in... no
checking dynamic linker characteristics... GNU/Linux ld.so
checking how to hardcode library paths into programs... immediate
checking whether stripping libraries is possible... yes
checking if libtool supports shared libraries... yes
checking whether to build shared libraries... yes
checking whether to build static libraries... no
configure: creating libtool
appending configuration tag "CXX" to libtool
checking for ld used by g++... /usr/bin/ld -m elf_x86_64
checking if the linker (/usr/bin/ld -m elf_x86_64) is GNU ld... yes
checking whether the g++ linker (/usr/bin/ld -m elf_x86_64) supports shared libraries... yes
checking for g++ option to produce PIC... -fPIC
checking if g++ PIC flag -fPIC works... yes
checking if g++ static flag -static works... yes
checking if g++ supports -c -o file.o... yes
checking whether the g++ linker (/usr/bin/ld -m elf_x86_64) supports shared libraries... yes
checking dynamic linker characteristics... GNU/Linux ld.so
checking how to hardcode library paths into programs... immediate
appending configuration tag "F77" to libtool
checking if libtool supports shared libraries... yes
checking whether to build shared libraries... yes
checking whether to build static libraries... no
checking for g77 option to produce PIC... -fPIC
checking if g77 PIC flag -fPIC works... yes
checking if g77 static flag -static works... yes
checking if g77 supports -c -o file.o... yes
checking whether the g77 linker (/usr/bin/ld -m elf_x86_64) supports shared libraries... yes
checking dynamic linker characteristics... GNU/Linux ld.so
checking how to hardcode library paths into programs... immediate
checking for AIX... no
checking minix/config.h usability... no
checking minix/config.h presence... no
checking for minix/config.h... no
checking whether it is safe to define __EXTENSIONS__... yes
checking for x86_64-slackware-linux-gcc... gcc
checking whether we are using the GNU C compiler... (cached) yes
checking whether gcc accepts -g... (cached) yes
checking for gcc option to accept ISO C89... (cached) none needed
checking dependency style of gcc... (cached) gcc3
checking for x86_64-slackware-linux-gcc... (cached) gcc
checking whether we are using the GNU C compiler... (cached) yes
checking whether gcc accepts -g... (cached) yes
checking for gcc option to accept ISO C89... (cached) none needed
checking dependency style of gcc... (cached) gcc3
checking for ANSI C header files... (cached) yes
checking for a BSD-compatible install... /usr/bin/ginstall -c
checking whether make sets $(MAKE)... (cached) yes
checking gtk-doc version >= 1.0... yes
checking for usleep... yes
checking for setsid... yes
checking for setenv... yes
checking for putenv... yes
checking for getlogin_r... yes
checking for nanoseconds field of struct stat.st_mtim... tv_nsec
checking pkg-config is at least version 0.9.0... yes
checking for DAEMON... yes
checking for TEST... yes
checking sys/inotify.h usability... yes
checking sys/inotify.h presence... yes
checking for sys/inotify.h... yes
When using inotify, gamin sometimes needs dnotify as a fallback
so dnotify support will be enabled
checking for kevent... no
Enabling multithreaded support
checking pthread.h usability... yes
checking pthread.h presence... yes
checking for pthread.h... yes
checking for pthread_mutexattr_settype in -lpthread... yes
Use weak symbols !
checking for ISO C99 varargs macros in C... yes
checking for GNUC varargs macros... yes
checking for struct cmsgcred... no
checking abstract socket namespace... yes
checking for python... /usr/bin/python
Found Python version 2.7
checking for more compiler warnings... yes
checking whether gcc understands -Wno-sign-compare... yes
configure: creating ./config.status
config.status: creating Makefile
config.status: creating lib/Makefile
config.status: creating libgamin/Makefile
config.status: creating server/Makefile
config.status: creating tests/Makefile
config.status: creating python/Makefile
config.status: creating python/tests/Makefile
config.status: creating doc/Makefile
config.status: creating gamin.pc
config.status: creating gamin.spec
config.status: creating config.h
config.status: executing depfiles commands

gamin-0.1.10:

        prefix:                   /usr
        source code location:     .
        compiler:                 gcc
        compiler flags:            -Wall -Wchar-subscripts -Wmissing-declarations -Wmissing-prototypes -Wnested-externs -Wsign-compare -Wno-sign-compare -g -O2 -fPIC

	build gam_server:         yes
	build libgamin/libfam:    yes
	build python bindings:    yes
	build tests:              yes

	backends:                 polling, inotify, dnotify
	build documentation:      yes
	debug support:            yes

make  all-recursive
make[1]: Entering directory '/tmp/gamin-0.1.10'
Making all in lib
make[2]: Entering directory '/tmp/gamin-0.1.10/lib'
gcc -DHAVE_CONFIG_H -I. -I..  -I.. -I../lib -DGAM_DEBUG_ENABLED   -Wall -Wchar-subscripts -Wmissing-declarations -Wmissing-prototypes -Wnested-externs -Wsign-compare -Wno-sign-compare -g -O2 -fPIC -MT gam_event.o -MD -MP -MF .deps/gam_event.Tpo -c -o gam_event.o gam_event.c
gcc -DHAVE_CONFIG_H -I. -I..  -I.. -I../lib -DGAM_DEBUG_ENABLED   -Wall -Wchar-subscripts -Wmissing-declarations -Wmissing-prototypes -Wnested-externs -Wsign-compare -Wno-sign-compare -g -O2 -fPIC -MT gam_error.o -MD -MP -MF .deps/gam_error.Tpo -c -o gam_error.o gam_error.c
mv -f .deps/gam_event.Tpo .deps/gam_event.Po
mv -f .deps/gam_error.Tpo .deps/gam_error.Po
rm -f libgamin_shared.a
ar cru libgamin_shared.a gam_event.o gam_error.o 
ranlib libgamin_shared.a
make[2]: Leaving directory '/tmp/gamin-0.1.10/lib'
Making all in doc
make[2]: Entering directory '/tmp/gamin-0.1.10/doc'
make[2]: Nothing to be done for 'all'.
make[2]: Leaving directory '/tmp/gamin-0.1.10/doc'
Making all in libgamin
make[2]: Entering directory '/tmp/gamin-0.1.10/libgamin'
/bin/sh ../libtool --tag=CC   --mode=compile gcc -DHAVE_CONFIG_H -I. -I..  -I.. -I../lib -DBINDIR=\""/usr/libexec"\" -DBUILDDIR=\"".."\" -DGAM_DEBUG_ENABLED   -Wall -Wchar-subscripts -Wmissing-declarations -Wmissing-prototypes -Wnested-externs -Wsign-compare -Wno-sign-compare -g -O2 -fPIC -MT gam_api.lo -MD -MP -MF .deps/gam_api.Tpo -c -o gam_api.lo gam_api.c
/bin/sh ../libtool --tag=CC   --mode=compile gcc -DHAVE_CONFIG_H -I. -I..  -I.. -I../lib -DBINDIR=\""/usr/libexec"\" -DBUILDDIR=\"".."\" -DGAM_DEBUG_ENABLED   -Wall -Wchar-subscripts -Wmissing-declarations -Wmissing-prototypes -Wnested-externs -Wsign-compare -Wno-sign-compare -g -O2 -fPIC -MT gam_data.lo -MD -MP -MF .deps/gam_data.Tpo -c -o gam_data.lo gam_data.c
/bin/sh ../libtool --tag=CC   --mode=compile gcc -DHAVE_CONFIG_H -I. -I..  -I.. -I../lib -DBINDIR=\""/usr/libexec"\" -DBUILDDIR=\"".."\" -DGAM_DEBUG_ENABLED   -Wall -Wchar-subscripts -Wmissing-declarations -Wmissing-prototypes -Wnested-externs -Wsign-compare -Wno-sign-compare -g -O2 -fPIC -MT gam_fork.lo -MD -MP -MF .deps/gam_fork.Tpo -c -o gam_fork.lo gam_fork.c
mkdir .libs
 gcc -DHAVE_CONFIG_H -I. -I.. -I.. -I../lib -DBINDIR=\"/usr/libexec\" -DBUILDDIR=\"..\" -DGAM_DEBUG_ENABLED -Wall -Wchar-subscripts -Wmissing-declarations -Wmissing-prototypes -Wnested-externs -Wsign-compare -Wno-sign-compare -g -O2 -fPIC -MT gam_data.lo -MD -MP -MF .deps/gam_data.Tpo -c gam_data.c  -fPIC -DPIC -o .libs/gam_data.o
 gcc -DHAVE_CONFIG_H -I. -I.. -I.. -I../lib -DBINDIR=\"/usr/libexec\" -DBUILDDIR=\"..\" -DGAM_DEBUG_ENABLED -Wall -Wchar-subscripts -Wmissing-declarations -Wmissing-prototypes -Wnested-externs -Wsign-compare -Wno-sign-compare -g -O2 -fPIC -MT gam_api.lo -MD -MP -MF .deps/gam_api.Tpo -c gam_api.c  -fPIC -DPIC -o .libs/gam_api.o
 gcc -DHAVE_CONFIG_H -I. -I.. -I.. -I../lib -DBINDIR=\"/usr/libexec\" -DBUILDDIR=\"..\" -DGAM_DEBUG_ENABLED -Wall -Wchar-subscripts -Wmissing-declarations -Wmissing-prototypes -Wnested-externs -Wsign-compare -Wno-sign-compare -g -O2 -fPIC -MT gam_fork.lo -MD -MP -MF .deps/gam_fork.Tpo -c gam_fork.c  -fPIC -DPIC -o .libs/gam_fork.o
gam_data.c: In function 'gamin_data_new':
gam_data.c:461:26: warning: the comparison will always evaluate as 'true' for the address of 'pthread_mutex_init' will never be NULL [-Waddress]
  461 |      (pthread_mutex_init != NULL) &&
      |                          ^~
gam_api.c: In function 'gamin_get_user_name':
gam_api.c:123:2: warning: implicit declaration of function 'strncpy' [-Wimplicit-function-declaration]
  123 |  strncpy(user_name, pw->pw_name, 99);
      |  ^~~~~~~
gam_api.c:123:2: warning: incompatible implicit declaration of built-in function 'strncpy'
gam_api.c:22:1: note: include '<string.h>' or provide a declaration of 'strncpy'
   21 | #include "gam_error.h"
  +++ |+#include <string.h>
   22 | 
gam_api.c: In function 'gamin_get_socket_path':
gam_api.c:164:11: warning: implicit declaration of function 'strdup' [-Wimplicit-function-declaration]
  164 |     ret = strdup(path);
      |           ^~~~~~
gam_api.c:164:11: warning: incompatible implicit declaration of built-in function 'strdup'
gam_api.c: In function 'gamin_connect_unix_socket':
gam_api.c:366:5: warning: implicit declaration of function 'memset' [-Wimplicit-function-declaration]
  366 |     memset(&addr, 0, sizeof(addr));
      |     ^~~~~~
gam_api.c:366:5: warning: incompatible implicit declaration of built-in function 'memset'
gam_api.c:366:5: note: include '<string.h>' or provide a declaration of 'memset'
gam_api.c:370:5: warning: incompatible implicit declaration of built-in function 'strncpy'
  370 |     strncpy(&addr.sun_path[1], path, (sizeof(addr) - 4) - 2);
      |     ^~~~~~~
gam_api.c:370:5: note: include '<string.h>' or provide a declaration of 'strncpy'
gam_api.c: In function 'gamin_write_byte':
gam_api.c:541:27: warning: implicit declaration of function 'strerror'; did you mean 'perror'? [-Wimplicit-function-declaration]
  541 |         __FUNCTION__, fd, strerror (errno));
      |                           ^~~~~~~~
      |                           perror
gam_api.c:541:27: warning: nested extern declaration of 'strerror' [-Wnested-externs]
gam_api.c: In function 'gamin_send_request':
gam_api.c:627:9: warning: implicit declaration of function 'memcpy' [-Wimplicit-function-declaration]
  627 |         memcpy(&req.path[0], filename, len);
      |         ^~~~~~
gam_api.c:627:9: warning: incompatible implicit declaration of built-in function 'memcpy'
gam_api.c:627:9: note: include '<string.h>' or provide a declaration of 'memcpy'
gam_api.c: In function 'gamin_check_cred':
gam_api.c:680:5: warning: incompatible implicit declaration of built-in function 'memset'
  680 |     memset(&msg, 0, sizeof(msg));
      |     ^~~~~~
gam_api.c:680:5: note: include '<string.h>' or provide a declaration of 'memset'
gam_api.c: In function 'gamin_resend_request':
gam_api.c:856:9: warning: incompatible implicit declaration of built-in function 'memcpy'
  856 |         memcpy(&req.path[0], filename, len);
      |         ^~~~~~
gam_api.c:856:9: note: include '<string.h>' or provide a declaration of 'memcpy'
At top level:
gam_api.c:41:3: warning: 'FAMError' defined but not used [-Wunused-variable]
   41 | } FAMError;
      |   ^~~~~~~~
mv -f .deps/gam_fork.Tpo .deps/gam_fork.Plo
/bin/sh ../libtool --tag=CC   --mode=compile gcc -DHAVE_CONFIG_H -I. -I..  -I.. -I../lib -DBINDIR=\""/usr/libexec"\" -DBUILDDIR=\"".."\" -DGAM_DEBUG_ENABLED   -Wall -Wchar-subscripts -Wmissing-declarations -Wmissing-prototypes -Wnested-externs -Wsign-compare -Wno-sign-compare -g -O2 -fPIC -MT gam_error.lo -MD -MP -MF .deps/gam_error.Tpo -c -o gam_error.lo gam_error.c
mv -f .deps/gam_data.Tpo .deps/gam_data.Plo
/bin/sh ../libtool --tag=CC   --mode=compile gcc -DHAVE_CONFIG_H -I. -I..  -I.. -I../lib -DBINDIR=\""/usr/libexec"\" -DBUILDDIR=\"".."\" -DGAM_DEBUG_ENABLED   -Wall -Wchar-subscripts -Wmissing-declarations -Wmissing-prototypes -Wnested-externs -Wsign-compare -Wno-sign-compare -g -O2 -fPIC -MT gam_event.lo -MD -MP -MF .deps/gam_event.Tpo -c -o gam_event.lo gam_event.c
 gcc -DHAVE_CONFIG_H -I. -I.. -I.. -I../lib -DBINDIR=\"/usr/libexec\" -DBUILDDIR=\"..\" -DGAM_DEBUG_ENABLED -Wall -Wchar-subscripts -Wmissing-declarations -Wmissing-prototypes -Wnested-externs -Wsign-compare -Wno-sign-compare -g -O2 -fPIC -MT gam_error.lo -MD -MP -MF .deps/gam_error.Tpo -c gam_error.c  -fPIC -DPIC -o .libs/gam_error.o
gam_api.c: In function 'FAMNextEvent':
gam_api.c:79:30: warning: '%s' directive output may be truncated writing up to 4095 bytes into a region of size between 182 and 191 [-Wformat-truncation=]
   79 |     snprintf(res, 199, "%s : %s", type, &event->filename[0]);
      |                              ^~
gam_api.c:79:5: note: 'snprintf' output between 9 and 4113 bytes into a destination of size 199
   79 |     snprintf(res, 199, "%s : %s", type, &event->filename[0]);
      |     ^~~~~~~~~~~~~~~~~~~~~~~~~~~~~~~~~~~~~~~~~~~~~~~~~~~~~~~~
 gcc -DHAVE_CONFIG_H -I. -I.. -I.. -I../lib -DBINDIR=\"/usr/libexec\" -DBUILDDIR=\"..\" -DGAM_DEBUG_ENABLED -Wall -Wchar-subscripts -Wmissing-declarations -Wmissing-prototypes -Wnested-externs -Wsign-compare -Wno-sign-compare -g -O2 -fPIC -MT gam_event.lo -MD -MP -MF .deps/gam_event.Tpo -c gam_event.c  -fPIC -DPIC -o .libs/gam_event.o
mv -f .deps/gam_error.Tpo .deps/gam_error.Plo
gcc -DHAVE_CONFIG_H -I. -I..  -I.. -I../lib -DBINDIR=\""/usr/libexec"\" -DBUILDDIR=\"".."\" -DGAM_DEBUG_ENABLED   -Wall -Wchar-subscripts -Wmissing-declarations -Wmissing-prototypes -Wnested-externs -Wsign-compare -Wno-sign-compare -g -O2 -fPIC -MT gamin.o -MD -MP -MF .deps/gamin.Tpo -c -o gamin.o gamin.c
mv -f .deps/gam_api.Tpo .deps/gam_api.Plo
mv -f .deps/gam_event.Tpo .deps/gam_event.Plo
/bin/sh ../libtool --tag=CC   --mode=link gcc -Wall -Wchar-subscripts -Wmissing-declarations -Wmissing-prototypes -Wnested-externs -Wsign-compare -Wno-sign-compare -g -O2 -fPIC -Wl,--version-script=./gamin_sym.version -version-info 1:10:1   -o libgamin-1.la -rpath /usr/lib gam_api.lo gam_data.lo gam_fork.lo gam_error.lo gam_event.lo  
/bin/sh ../libtool --tag=CC   --mode=link gcc -Wall -Wchar-subscripts -Wmissing-declarations -Wmissing-prototypes -Wnested-externs -Wsign-compare -Wno-sign-compare -g -O2 -fPIC -Wl,--version-script=./gamin_sym.version -version-info 0:0:0   -o libfam.la -rpath /usr/lib gam_api.lo gam_data.lo gam_fork.lo gam_error.lo gam_event.lo  
mv -f .deps/gamin.Tpo .deps/gamin.Po
gcc -shared  .libs/gam_api.o .libs/gam_data.o .libs/gam_fork.o .libs/gam_error.o .libs/gam_event.o   -Wl,--version-script=./gamin_sym.version -Wl,-soname -Wl,libgamin-1.so.0 -o .libs/libgamin-1.so.0.1.10
gcc -shared  .libs/gam_api.o .libs/gam_data.o .libs/gam_fork.o .libs/gam_error.o .libs/gam_event.o   -Wl,--version-script=./gamin_sym.version -Wl,-soname -Wl,libfam.so.0 -o .libs/libfam.so.0.0.0
(cd .libs && rm -f libgamin-1.so.0 && ln -s libgamin-1.so.0.1.10 libgamin-1.so.0)
(cd .libs && rm -f libgamin-1.so && ln -s libgamin-1.so.0.1.10 libgamin-1.so)
creating libgamin-1.la
(cd .libs && rm -f libgamin-1.la && ln -s ../libgamin-1.la libgamin-1.la)
/bin/sh ../libtool --tag=CC   --mode=link gcc -Wall -Wchar-subscripts -Wmissing-declarations -Wmissing-prototypes -Wnested-externs -Wsign-compare -Wno-sign-compare -g -O2 -fPIC   -o gamin gamin.o  libgamin-1.la 
(cd .libs && rm -f libfam.so.0 && ln -s libfam.so.0.0.0 libfam.so.0)
(cd .libs && rm -f libfam.so && ln -s libfam.so.0.0.0 libfam.so)
creating libfam.la
(cd .libs && rm -f libfam.la && ln -s ../libfam.la libfam.la)
gcc -Wall -Wchar-subscripts -Wmissing-declarations -Wmissing-prototypes -Wnested-externs -Wsign-compare -Wno-sign-compare -g -O2 -fPIC -o .libs/gamin gamin.o  ./.libs/libgamin-1.so  -Wl,--rpath -Wl,/usr/lib
creating gamin
make[2]: Leaving directory '/tmp/gamin-0.1.10/libgamin'
Making all in python
make[2]: Entering directory '/tmp/gamin-0.1.10/python'
Making all in tests
make[3]: Entering directory '/tmp/gamin-0.1.10/python/tests'
make[3]: Nothing to be done for 'all'.
make[3]: Leaving directory '/tmp/gamin-0.1.10/python/tests'
make[3]: Entering directory '/tmp/gamin-0.1.10/python'
/bin/sh ../libtool --tag=CC   --mode=compile gcc -DHAVE_CONFIG_H -I. -I.. -I/usr/include/python2.7 -I../libgamin -I../lib   -Wall -Wchar-subscripts -Wmissing-declarations -Wmissing-prototypes -Wnested-externs -Wsign-compare -Wno-sign-compare -g -O2 -fPIC -MT gamin.lo -MD -MP -MF .deps/gamin.Tpo -c -o gamin.lo gamin.c
mkdir .libs
 gcc -DHAVE_CONFIG_H -I. -I.. -I/usr/include/python2.7 -I../libgamin -I../lib -Wall -Wchar-subscripts -Wmissing-declarations -Wmissing-prototypes -Wnested-externs -Wsign-compare -Wno-sign-compare -g -O2 -fPIC -MT gamin.lo -MD -MP -MF .deps/gamin.Tpo -c gamin.c  -fPIC -DPIC -o .libs/gamin.o
In file included from gamin.c:11:
../config.h:59: warning: "HAVE_PTHREAD_H" redefined
   59 | #define HAVE_PTHREAD_H
      | 
In file included from /usr/include/python2.7/Python.h:8,
                 from gamin.c:9:
/usr/include/python2.7/pyconfig.h:567: note: this is the location of the previous definition
  567 | #define HAVE_PTHREAD_H 1
      | 
mv -f .deps/gamin.Tpo .deps/gamin.Plo
/bin/sh ../libtool --tag=CC   --mode=link gcc -Wall -Wchar-subscripts -Wmissing-declarations -Wmissing-prototypes -Wnested-externs -Wsign-compare -Wno-sign-compare -g -O2 -fPIC -module -avoid-version  -o _gamin.la -rpath /usr/lib/python2.7/site-packages gamin.lo ../libgamin/libgamin-1.la 
gcc -shared  .libs/gamin.o  -Wl,--rpath -Wl,/tmp/gamin-0.1.10/libgamin/.libs -Wl,--rpath -Wl,/usr/lib ../libgamin/.libs/libgamin-1.so  -Wl,-soname -Wl,_gamin.so -o .libs/_gamin.so
creating _gamin.la
(cd .libs && rm -f _gamin.la && ln -s ../_gamin.la _gamin.la)
make[3]: Leaving directory '/tmp/gamin-0.1.10/python'
make[2]: Leaving directory '/tmp/gamin-0.1.10/python'
Making all in lib
make[2]: Entering directory '/tmp/gamin-0.1.10/lib'
make[2]: Nothing to be done for 'all'.
make[2]: Leaving directory '/tmp/gamin-0.1.10/lib'
Making all in server
make[2]: Entering directory '/tmp/gamin-0.1.10/server'
make  all-am
make[3]: Entering directory '/tmp/gamin-0.1.10/server'
gcc -DHAVE_CONFIG_H -I. -I..  -I.. -I../libgamin -I../protocol -I../lib -I../libgamin -I/usr/include/glib-2.0 -I/usr/lib/glib-2.0/include -DBINDIR=\""/usr/libexec"\" -DG_DISABLE_DEPRECATED -DGAM_DEBUG_ENABLED   -Wall -Wchar-subscripts -Wmissing-declarations -Wmissing-prototypes -Wnested-externs -Wsign-compare -Wno-sign-compare -g -O2 -fPIC -MT gam_subscription.o -MD -MP -MF .deps/gam_subscription.Tpo -c -o gam_subscription.o gam_subscription.c
gcc -DHAVE_CONFIG_H -I. -I..  -I.. -I../libgamin -I../protocol -I../lib -I../libgamin -I/usr/include/glib-2.0 -I/usr/lib/glib-2.0/include -DBINDIR=\""/usr/libexec"\" -DG_DISABLE_DEPRECATED -DGAM_DEBUG_ENABLED   -Wall -Wchar-subscripts -Wmissing-declarations -Wmissing-prototypes -Wnested-externs -Wsign-compare -Wno-sign-compare -g -O2 -fPIC -MT gam_listener.o -MD -MP -MF .deps/gam_listener.Tpo -c -o gam_listener.o gam_listener.c
gcc -DHAVE_CONFIG_H -I. -I..  -I.. -I../libgamin -I../protocol -I../lib -I../libgamin -I/usr/include/glib-2.0 -I/usr/lib/glib-2.0/include -DBINDIR=\""/usr/libexec"\" -DG_DISABLE_DEPRECATED -DGAM_DEBUG_ENABLED   -Wall -Wchar-subscripts -Wmissing-declarations -Wmissing-prototypes -Wnested-externs -Wsign-compare -Wno-sign-compare -g -O2 -fPIC -MT gam_server.o -MD -MP -MF .deps/gam_server.Tpo -c -o gam_server.o gam_server.c
gam_subscription.c:351:1: warning: no previous prototype for ‘gam_subscription_shutdown’ [-Wmissing-prototypes]
  351 | gam_subscription_shutdown ()
      | ^~~~~~~~~~~~~~~~~~~~~~~~~
gam_listener.c: In function ‘gam_listener_free_subscription’:
gam_listener.c:101:39: warning: implicit declaration of function ‘gam_exclude_check’; did you mean ‘gam_error_check’? [-Wimplicit-function-declaration]
  101 |     if (gam_inotify_is_running() && (!gam_exclude_check(path))) {
      |                                       ^~~~~~~~~~~~~~~~~
      |                                       gam_error_check
gam_listener.c:101:39: warning: nested extern declaration of ‘gam_exclude_check’ [-Wnested-externs]
gam_server.c: In function ‘gam_init_subscriptions’:
gam_server.c:167:6: warning: implicit declaration of function ‘gam_poll_basic_init’; did you mean ‘gam_poll_generic_init’? [-Wimplicit-function-declaration]
  167 |  if (gam_poll_basic_init()) {
      |      ^~~~~~~~~~~~~~~~~~~
      |      gam_poll_generic_init
gam_server.c:167:6: warning: nested extern declaration of ‘gam_poll_basic_init’ [-Wnested-externs]
gam_server.c: In function ‘gam_server_emit_event’:
gam_server.c:373:9: warning: variable ‘pathlen’ set but not used [-Wunused-but-set-variable]
  373 |     int pathlen;
      |         ^~~~~~~
gam_server.c: In function ‘gam_error_signal_pipe_handler’:
gam_server.c:535:1: warning: no return statement in function returning non-void [-Wreturn-type]
  535 | }
      | ^
mv -f .deps/gam_subscription.Tpo .deps/gam_subscription.Po
gcc -DHAVE_CONFIG_H -I. -I..  -I.. -I../libgamin -I../protocol -I../lib -I../libgamin -I/usr/include/glib-2.0 -I/usr/lib/glib-2.0/include -DBINDIR=\""/usr/libexec"\" -DG_DISABLE_DEPRECATED -DGAM_DEBUG_ENABLED   -Wall -Wchar-subscripts -Wmissing-declarations -Wmissing-prototypes -Wnested-externs -Wsign-compare -Wno-sign-compare -g -O2 -fPIC -MT gam_node.o -MD -MP -MF .deps/gam_node.Tpo -c -o gam_node.o gam_node.c
mv -f .deps/gam_listener.Tpo .deps/gam_listener.Po
gcc -DHAVE_CONFIG_H -I. -I..  -I.. -I../libgamin -I../protocol -I../lib -I../libgamin -I/usr/include/glib-2.0 -I/usr/lib/glib-2.0/include -DBINDIR=\""/usr/libexec"\" -DG_DISABLE_DEPRECATED -DGAM_DEBUG_ENABLED   -Wall -Wchar-subscripts -Wmissing-declarations -Wmissing-prototypes -Wnested-externs -Wsign-compare -Wno-sign-compare -g -O2 -fPIC -MT gam_tree.o -MD -MP -MF .deps/gam_tree.Tpo -c -o gam_tree.o gam_tree.c
gam_node.c: In function ‘gam_node_emit_event’:
gam_node.c:375:2: warning: implicit declaration of function ‘gam_server_emit_event’; did you mean ‘gam_node_emit_event’? [-Wimplicit-function-declaration]
  375 |  gam_server_emit_event(gam_node_get_path(node), is_dir_node, event, subs, 0);
      |  ^~~~~~~~~~~~~~~~~~~~~
      |  gam_node_emit_event
gam_node.c:375:2: warning: nested extern declaration of ‘gam_server_emit_event’ [-Wnested-externs]
mv -f .deps/gam_server.Tpo .deps/gam_server.Po
gcc -DHAVE_CONFIG_H -I. -I..  -I.. -I../libgamin -I../protocol -I../lib -I../libgamin -I/usr/include/glib-2.0 -I/usr/lib/glib-2.0/include -DBINDIR=\""/usr/libexec"\" -DG_DISABLE_DEPRECATED -DGAM_DEBUG_ENABLED   -Wall -Wchar-subscripts -Wmissing-declarations -Wmissing-prototypes -Wnested-externs -Wsign-compare -Wno-sign-compare -g -O2 -fPIC -MT gam_poll_basic.o -MD -MP -MF .deps/gam_poll_basic.Tpo -c -o gam_poll_basic.o gam_poll_basic.c
mv -f .deps/gam_tree.Tpo .deps/gam_tree.Po
gcc -DHAVE_CONFIG_H -I. -I..  -I.. -I../libgamin -I../protocol -I../lib -I../libgamin -I/usr/include/glib-2.0 -I/usr/lib/glib-2.0/include -DBINDIR=\""/usr/libexec"\" -DG_DISABLE_DEPRECATED -DGAM_DEBUG_ENABLED   -Wall -Wchar-subscripts -Wmissing-declarations -Wmissing-prototypes -Wnested-externs -Wsign-compare -Wno-sign-compare -g -O2 -fPIC -MT gam_poll_generic.o -MD -MP -MF .deps/gam_poll_generic.Tpo -c -o gam_poll_generic.o gam_poll_generic.c
mv -f .deps/gam_node.Tpo .deps/gam_node.Po
gcc -DHAVE_CONFIG_H -I. -I..  -I.. -I../libgamin -I../protocol -I../lib -I../libgamin -I/usr/include/glib-2.0 -I/usr/lib/glib-2.0/include -DBINDIR=\""/usr/libexec"\" -DG_DISABLE_DEPRECATED -DGAM_DEBUG_ENABLED   -Wall -Wchar-subscripts -Wmissing-declarations -Wmissing-prototypes -Wnested-externs -Wsign-compare -Wno-sign-compare -g -O2 -fPIC -MT gam_pidname.o -MD -MP -MF .deps/gam_pidname.Tpo -c -o gam_pidname.o gam_pidname.c
gam_poll_generic.c: In function ‘gam_poll_generic_trigger_file_handler’:
gam_poll_generic.c:199:5: warning: this ‘if’ clause does not guard... [-Wmisleading-indentation]
  199 |     if (node->mon_type != GFS_MT_KERNEL)
      |     ^~
gam_poll_generic.c:202:2: note: ...this statement, but the latter is misleadingly indented as if it were guarded by the ‘if’
  202 |  if (gam_server_get_kernel_handler() == GAMIN_K_DNOTIFY || gam_server_get_kernel_handler() == GAMIN_K_INOTIFY) {
      |  ^~
gam_poll_generic.c: In function ‘gam_poll_generic_scan_directory_internal’:
gam_poll_generic.c:282:15: warning: variable ‘exists’ set but not used [-Wunused-but-set-variable]
  282 |  unsigned int exists = 0;
      |               ^~~~~~
mv -f .deps/gam_pidname.Tpo .deps/gam_pidname.Po
gcc -DHAVE_CONFIG_H -I. -I..  -I.. -I../libgamin -I../protocol -I../lib -I../libgamin -I/usr/include/glib-2.0 -I/usr/lib/glib-2.0/include -DBINDIR=\""/usr/libexec"\" -DG_DISABLE_DEPRECATED -DGAM_DEBUG_ENABLED   -Wall -Wchar-subscripts -Wmissing-declarations -Wmissing-prototypes -Wnested-externs -Wsign-compare -Wno-sign-compare -g -O2 -fPIC -MT gam_channel.o -MD -MP -MF .deps/gam_channel.Tpo -c -o gam_channel.o gam_channel.c
mv -f .deps/gam_poll_basic.Tpo .deps/gam_poll_basic.Po
gcc -DHAVE_CONFIG_H -I. -I..  -I.. -I../libgamin -I../protocol -I../lib -I../libgamin -I/usr/include/glib-2.0 -I/usr/lib/glib-2.0/include -DBINDIR=\""/usr/libexec"\" -DG_DISABLE_DEPRECATED -DGAM_DEBUG_ENABLED   -Wall -Wchar-subscripts -Wmissing-declarations -Wmissing-prototypes -Wnested-externs -Wsign-compare -Wno-sign-compare -g -O2 -fPIC -MT gam_connection.o -MD -MP -MF .deps/gam_connection.Tpo -c -o gam_connection.o gam_connection.c
mv -f .deps/gam_poll_generic.Tpo .deps/gam_poll_generic.Po
gcc -DHAVE_CONFIG_H -I. -I..  -I.. -I../libgamin -I../protocol -I../lib -I../libgamin -I/usr/include/glib-2.0 -I/usr/lib/glib-2.0/include -DBINDIR=\""/usr/libexec"\" -DG_DISABLE_DEPRECATED -DGAM_DEBUG_ENABLED   -Wall -Wchar-subscripts -Wmissing-declarations -Wmissing-prototypes -Wnested-externs -Wsign-compare -Wno-sign-compare -g -O2 -fPIC -MT gam_debugging.o -MD -MP -MF .deps/gam_debugging.Tpo -c -o gam_debugging.o gam_debugging.c
gam_connection.c: In function ‘gam_connection_request’:
gam_connection.c:402:42: warning: implicit declaration of function ‘gam_exclude_check’; did you mean ‘gam_error_check’? [-Wimplicit-function-declaration]
  402 |      if ((gam_inotify_is_running()) && (!gam_exclude_check(path))) {
      |                                          ^~~~~~~~~~~~~~~~~
      |                                          gam_error_check
gam_connection.c:402:42: warning: nested extern declaration of ‘gam_exclude_check’ [-Wnested-externs]
mv -f .deps/gam_debugging.Tpo .deps/gam_debugging.Po
gcc -DHAVE_CONFIG_H -I. -I..  -I.. -I../libgamin -I../protocol -I../lib -I../libgamin -I/usr/include/glib-2.0 -I/usr/lib/glib-2.0/include -DBINDIR=\""/usr/libexec"\" -DG_DISABLE_DEPRECATED -DGAM_DEBUG_ENABLED   -Wall -Wchar-subscripts -Wmissing-declarations -Wmissing-prototypes -Wnested-externs -Wsign-compare -Wno-sign-compare -g -O2 -fPIC -MT gam_excludes.o -MD -MP -MF .deps/gam_excludes.Tpo -c -o gam_excludes.o gam_excludes.c
mv -f .deps/gam_channel.Tpo .deps/gam_channel.Po
gcc -DHAVE_CONFIG_H -I. -I..  -I.. -I../libgamin -I../protocol -I../lib -I../libgamin -I/usr/include/glib-2.0 -I/usr/lib/glib-2.0/include -DBINDIR=\""/usr/libexec"\" -DG_DISABLE_DEPRECATED -DGAM_DEBUG_ENABLED   -Wall -Wchar-subscripts -Wmissing-declarations -Wmissing-prototypes -Wnested-externs -Wsign-compare -Wno-sign-compare -g -O2 -fPIC -MT gam_fs.o -MD -MP -MF .deps/gam_fs.Tpo -c -o gam_fs.o gam_fs.c
mv -f .deps/gam_excludes.Tpo .deps/gam_excludes.Po
gcc -DHAVE_CONFIG_H -I. -I..  -I.. -I../libgamin -I../protocol -I../lib -I../libgamin -I/usr/include/glib-2.0 -I/usr/lib/glib-2.0/include -DBINDIR=\""/usr/libexec"\" -DG_DISABLE_DEPRECATED -DGAM_DEBUG_ENABLED   -Wall -Wchar-subscripts -Wmissing-declarations -Wmissing-prototypes -Wnested-externs -Wsign-compare -Wno-sign-compare -g -O2 -fPIC -MT gam_conf.o -MD -MP -MF .deps/gam_conf.Tpo -c -o gam_conf.o gam_conf.c
mv -f .deps/gam_connection.Tpo .deps/gam_connection.Po
gcc -DHAVE_CONFIG_H -I. -I..  -I.. -I../libgamin -I../protocol -I../lib -I../libgamin -I/usr/include/glib-2.0 -I/usr/lib/glib-2.0/include -DBINDIR=\""/usr/libexec"\" -DG_DISABLE_DEPRECATED -DGAM_DEBUG_ENABLED   -Wall -Wchar-subscripts -Wmissing-declarations -Wmissing-prototypes -Wnested-externs -Wsign-compare -Wno-sign-compare -g -O2 -fPIC -MT gam_eq.o -MD -MP -MF .deps/gam_eq.Tpo -c -o gam_eq.o gam_eq.c
mv -f .deps/gam_fs.Tpo .deps/gam_fs.Po
gcc -DHAVE_CONFIG_H -I. -I..  -I.. -I../libgamin -I../protocol -I../lib -I../libgamin -I/usr/include/glib-2.0 -I/usr/lib/glib-2.0/include -DBINDIR=\""/usr/libexec"\" -DG_DISABLE_DEPRECATED -DGAM_DEBUG_ENABLED   -Wall -Wchar-subscripts -Wmissing-declarations -Wmissing-prototypes -Wnested-externs -Wsign-compare -Wno-sign-compare -g -O2 -fPIC -MT gam_inotify.o -MD -MP -MF .deps/gam_inotify.Tpo -c -o gam_inotify.o gam_inotify.c
gam_eq.c: In function ‘gam_eq_flush’:
gam_eq.c:127:3: warning: ‘return’ with no value, in function returning non-void [-Wreturn-type]
  127 |   return;
      |   ^~~~~~
gam_eq.c:123:1: note: declared here
  123 | gam_eq_flush (gam_eq_t *eq, GamConnDataPtr conn)
      | ^~~~~~~~~~~~
mv -f .deps/gam_eq.Tpo .deps/gam_eq.Po
gam_inotify.c: In function ‘gam_inotify_init’:
gcc -DHAVE_CONFIG_H -I. -I..  -I.. -I../libgamin -I../protocol -I../lib -I../libgamin -I/usr/include/glib-2.0 -I/usr/lib/glib-2.0/include -DBINDIR=\""/usr/libexec"\" -DG_DISABLE_DEPRECATED -DGAM_DEBUG_ENABLED   -Wall -Wchar-subscripts -Wmissing-declarations -Wmissing-prototypes -Wnested-externs -Wsign-compare -Wno-sign-compare -g -O2 -fPIC -MT inotify-helper.o -MD -MP -MF .deps/inotify-helper.Tpo -c -o inotify-helper.o inotify-helper.c
gam_inotify.c:145:2: warning: implicit declaration of function ‘gam_poll_basic_init’ [-Wimplicit-function-declaration]
  145 |  gam_poll_basic_init ();
      |  ^~~~~~~~~~~~~~~~~~~
gam_inotify.c:145:2: warning: nested extern declaration of ‘gam_poll_basic_init’ [-Wnested-externs]
mv -f .deps/gam_conf.Tpo .deps/gam_conf.Po
gcc -DHAVE_CONFIG_H -I. -I..  -I.. -I../libgamin -I../protocol -I../lib -I../libgamin -I/usr/include/glib-2.0 -I/usr/lib/glib-2.0/include -DBINDIR=\""/usr/libexec"\" -DG_DISABLE_DEPRECATED -DGAM_DEBUG_ENABLED   -Wall -Wchar-subscripts -Wmissing-declarations -Wmissing-prototypes -Wnested-externs -Wsign-compare -Wno-sign-compare -g -O2 -fPIC -MT inotify-kernel.o -MD -MP -MF .deps/inotify-kernel.Tpo -c -o inotify-kernel.o inotify-kernel.c
mv -f .deps/gam_inotify.Tpo .deps/gam_inotify.Po
gcc -DHAVE_CONFIG_H -I. -I..  -I.. -I../libgamin -I../protocol -I../lib -I../libgamin -I/usr/include/glib-2.0 -I/usr/lib/glib-2.0/include -DBINDIR=\""/usr/libexec"\" -DG_DISABLE_DEPRECATED -DGAM_DEBUG_ENABLED   -Wall -Wchar-subscripts -Wmissing-declarations -Wmissing-prototypes -Wnested-externs -Wsign-compare -Wno-sign-compare -g -O2 -fPIC -MT inotify-missing.o -MD -MP -MF .deps/inotify-missing.Tpo -c -o inotify-missing.o inotify-missing.c
mv -f .deps/inotify-helper.Tpo .deps/inotify-helper.Po
inotify-kernel.c:68:2: warning: ‘GTimeVal’ is deprecated: Use 'GDateTime' instead [-Wdeprecated-declarations]
   68 |  GTimeVal hold_until;
      |  ^~~~~~~~
In file included from /usr/include/glib-2.0/glib/galloca.h:32,
                 from /usr/include/glib-2.0/glib.h:30,
                 from inotify-kernel.c:24:
/usr/include/glib-2.0/glib/gtypes.h:547:8: note: declared here
  547 | struct _GTimeVal
      |        ^~~~~~~~~
inotify-kernel.c: In function ‘ik_event_internal_new’:
inotify-kernel.c:217:2: warning: ‘GTimeVal’ is deprecated: Use 'GDateTime' instead [-Wdeprecated-declarations]
  217 |  GTimeVal tv;
      |  ^~~~~~~~
In file included from /usr/include/glib-2.0/glib/galloca.h:32,
                 from /usr/include/glib-2.0/glib.h:30,
                 from inotify-kernel.c:24:
/usr/include/glib-2.0/glib/gtypes.h:547:8: note: declared here
  547 | struct _GTimeVal
      |        ^~~~~~~~~
inotify-kernel.c:221:2: warning: ‘g_get_current_time’ is deprecated: Use 'g_get_real_time' instead [-Wdeprecated-declarations]
  221 |  g_get_current_time (&tv);
      |  ^~~~~~~~~~~~~~~~~~
gcc -DHAVE_CONFIG_H -I. -I..  -I.. -I../libgamin -I../protocol -I../lib -I../libgamin -I/usr/include/glib-2.0 -I/usr/lib/glib-2.0/include -DBINDIR=\""/usr/libexec"\" -DG_DISABLE_DEPRECATED -DGAM_DEBUG_ENABLED   -Wall -Wchar-subscripts -Wmissing-declarations -Wmissing-prototypes -Wnested-externs -Wsign-compare -Wno-sign-compare -g -O2 -fPIC -MT inotify-path.o -MD -MP -MF .deps/inotify-path.Tpo -c -o inotify-path.o inotify-path.c
In file included from /usr/include/glib-2.0/glib/giochannel.h:33,
                 from /usr/include/glib-2.0/glib.h:54,
                 from inotify-kernel.c:24:
/usr/include/glib-2.0/glib/gmain.h:681:8: note: declared here
  681 | void   g_get_current_time                 (GTimeVal       *result);
      |        ^~~~~~~~~~~~~~~~~~
inotify-kernel.c:222:2: warning: ‘g_time_val_add’ is deprecated [-Wdeprecated-declarations]
  222 |  g_time_val_add (&tv, DEFAULT_HOLD_UNTIL_TIME);
      |  ^~~~~~~~~~~~~~
In file included from /usr/include/glib-2.0/glib.h:88,
                 from inotify-kernel.c:24:
/usr/include/glib-2.0/glib/gtimer.h:67:10: note: declared here
   67 | void     g_time_val_add          (GTimeVal    *time_,
      |          ^~~~~~~~~~~~~~
inotify-kernel.c: At top level:
inotify-kernel.c:489:1: warning: ‘GTimeVal’ is deprecated: Use 'GDateTime' instead [-Wdeprecated-declarations]
  489 | g_timeval_lt(GTimeVal *val1, GTimeVal *val2)
      | ^~~~~~~~~~~~
In file included from /usr/include/glib-2.0/glib/galloca.h:32,
                 from /usr/include/glib-2.0/glib.h:30,
                 from inotify-kernel.c:24:
/usr/include/glib-2.0/glib/gtypes.h:547:8: note: declared here
  547 | struct _GTimeVal
      |        ^~~~~~~~~
inotify-kernel.c:489:1: warning: ‘GTimeVal’ is deprecated: Use 'GDateTime' instead [-Wdeprecated-declarations]
  489 | g_timeval_lt(GTimeVal *val1, GTimeVal *val2)
      | ^~~~~~~~~~~~
In file included from /usr/include/glib-2.0/glib/galloca.h:32,
                 from /usr/include/glib-2.0/glib.h:30,
                 from inotify-kernel.c:24:
/usr/include/glib-2.0/glib/gtypes.h:547:8: note: declared here
  547 | struct _GTimeVal
      |        ^~~~~~~~~
inotify-kernel.c:505:1: warning: ‘GTimeVal’ is deprecated: Use 'GDateTime' instead [-Wdeprecated-declarations]
  505 | g_timeval_eq(GTimeVal *val1, GTimeVal *val2)
      | ^~~~~~~~~~~~
In file included from /usr/include/glib-2.0/glib/galloca.h:32,
                 from /usr/include/glib-2.0/glib.h:30,
                 from inotify-kernel.c:24:
/usr/include/glib-2.0/glib/gtypes.h:547:8: note: declared here
  547 | struct _GTimeVal
      |        ^~~~~~~~~
inotify-kernel.c:505:1: warning: ‘GTimeVal’ is deprecated: Use 'GDateTime' instead [-Wdeprecated-declarations]
  505 | g_timeval_eq(GTimeVal *val1, GTimeVal *val2)
      | ^~~~~~~~~~~~
In file included from /usr/include/glib-2.0/glib/galloca.h:32,
                 from /usr/include/glib-2.0/glib.h:30,
                 from inotify-kernel.c:24:
/usr/include/glib-2.0/glib/gtypes.h:547:8: note: declared here
  547 | struct _GTimeVal
      |        ^~~~~~~~~
inotify-kernel.c: In function ‘ik_event_add_microseconds’:
inotify-kernel.c:533:2: warning: ‘g_time_val_add’ is deprecated [-Wdeprecated-declarations]
  533 |  g_time_val_add (&event->hold_until, ms);
      |  ^~~~~~~~~~~~~~
In file included from /usr/include/glib-2.0/glib.h:88,
                 from inotify-kernel.c:24:
/usr/include/glib-2.0/glib/gtimer.h:67:10: note: declared here
   67 | void     g_time_val_add          (GTimeVal    *time_,
      |          ^~~~~~~~~~~~~~
inotify-kernel.c: In function ‘ik_event_ready’:
inotify-kernel.c:539:2: warning: ‘GTimeVal’ is deprecated: Use 'GDateTime' instead [-Wdeprecated-declarations]
  539 |  GTimeVal tv;
      |  ^~~~~~~~
In file included from /usr/include/glib-2.0/glib/galloca.h:32,
                 from /usr/include/glib-2.0/glib.h:30,
                 from inotify-kernel.c:24:
/usr/include/glib-2.0/glib/gtypes.h:547:8: note: declared here
  547 | struct _GTimeVal
      |        ^~~~~~~~~
inotify-kernel.c:542:2: warning: ‘g_get_current_time’ is deprecated: Use 'g_get_real_time' instead [-Wdeprecated-declarations]
  542 |  g_get_current_time (&tv);
      |  ^~~~~~~~~~~~~~~~~~
In file included from /usr/include/glib-2.0/glib/giochannel.h:33,
                 from /usr/include/glib-2.0/glib.h:54,
                 from inotify-kernel.c:24:
/usr/include/glib-2.0/glib/gmain.h:681:8: note: declared here
  681 | void   g_get_current_time                 (GTimeVal       *result);
      |        ^~~~~~~~~~~~~~~~~~
mv -f .deps/inotify-missing.Tpo .deps/inotify-missing.Po
gcc -DHAVE_CONFIG_H -I. -I..  -I.. -I../libgamin -I../protocol -I../lib -I../libgamin -I/usr/include/glib-2.0 -I/usr/lib/glib-2.0/include -DBINDIR=\""/usr/libexec"\" -DG_DISABLE_DEPRECATED -DGAM_DEBUG_ENABLED   -Wall -Wchar-subscripts -Wmissing-declarations -Wmissing-prototypes -Wnested-externs -Wsign-compare -Wno-sign-compare -g -O2 -fPIC -MT inotify-sub.o -MD -MP -MF .deps/inotify-sub.Tpo -c -o inotify-sub.o inotify-sub.c
mv -f .deps/inotify-kernel.Tpo .deps/inotify-kernel.Po
gcc -DHAVE_CONFIG_H -I. -I..  -I.. -I../libgamin -I../protocol -I../lib -I../libgamin -I/usr/include/glib-2.0 -I/usr/lib/glib-2.0/include -DBINDIR=\""/usr/libexec"\" -DG_DISABLE_DEPRECATED -DGAM_DEBUG_ENABLED   -Wall -Wchar-subscripts -Wmissing-declarations -Wmissing-prototypes -Wnested-externs -Wsign-compare -Wno-sign-compare -g -O2 -fPIC -MT inotify-diag.o -MD -MP -MF .deps/inotify-diag.Tpo -c -o inotify-diag.o inotify-diag.c
mv -f .deps/inotify-sub.Tpo .deps/inotify-sub.Po
gcc -DHAVE_CONFIG_H -I. -I..  -I.. -I../libgamin -I../protocol -I../lib -I../libgamin -I/usr/include/glib-2.0 -I/usr/lib/glib-2.0/include -DBINDIR=\""/usr/libexec"\" -DG_DISABLE_DEPRECATED -DGAM_DEBUG_ENABLED   -Wall -Wchar-subscripts -Wmissing-declarations -Wmissing-prototypes -Wnested-externs -Wsign-compare -Wno-sign-compare -g -O2 -fPIC -MT gam_dnotify.o -MD -MP -MF .deps/gam_dnotify.Tpo -c -o gam_dnotify.o gam_dnotify.c
mv -f .deps/inotify-path.Tpo .deps/inotify-path.Po
gcc -DHAVE_CONFIG_H -I. -I..  -I.. -I../libgamin -I../protocol -I../lib -I../libgamin -I/usr/include/glib-2.0 -I/usr/lib/glib-2.0/include -DBINDIR=\""/usr/libexec"\" -DG_DISABLE_DEPRECATED -DGAM_DEBUG_ENABLED   -Wall -Wchar-subscripts -Wmissing-declarations -Wmissing-prototypes -Wnested-externs -Wsign-compare -Wno-sign-compare -g -O2 -fPIC -MT gam_poll_dnotify.o -MD -MP -MF .deps/gam_poll_dnotify.Tpo -c -o gam_poll_dnotify.o gam_poll_dnotify.c
gam_dnotify.c:21: warning: "_GNU_SOURCE" redefined
   21 | #define _GNU_SOURCE
      | 
In file included from server_config.h:19,
                 from gam_dnotify.c:20:
../config.h:136: note: this is the location of the previous definition
  136 | # define _GNU_SOURCE 1
      | 
mv -f .deps/inotify-diag.Tpo .deps/inotify-diag.Po
mv -f .deps/gam_dnotify.Tpo .deps/gam_dnotify.Po
mv -f .deps/gam_poll_dnotify.Tpo .deps/gam_poll_dnotify.Po
/bin/sh ../libtool --tag=CC   --mode=link gcc -Wall -Wchar-subscripts -Wmissing-declarations -Wmissing-prototypes -Wnested-externs -Wsign-compare -Wno-sign-compare -g -O2 -fPIC   -o gam_server gam_subscription.o gam_listener.o gam_server.o gam_node.o gam_tree.o gam_poll_basic.o gam_poll_generic.o gam_pidname.o gam_channel.o gam_connection.o gam_debugging.o gam_excludes.o gam_fs.o gam_conf.o gam_eq.o gam_inotify.o inotify-helper.o inotify-kernel.o inotify-missing.o inotify-path.o inotify-sub.o inotify-diag.o gam_dnotify.o gam_poll_dnotify.o   ../lib/libgamin_shared.a  -lglib-2.0  
mkdir .libs
gcc -Wall -Wchar-subscripts -Wmissing-declarations -Wmissing-prototypes -Wnested-externs -Wsign-compare -Wno-sign-compare -g -O2 -fPIC -o gam_server gam_subscription.o gam_listener.o gam_server.o gam_node.o gam_tree.o gam_poll_basic.o gam_poll_generic.o gam_pidname.o gam_channel.o gam_connection.o gam_debugging.o gam_excludes.o gam_fs.o gam_conf.o gam_eq.o gam_inotify.o inotify-helper.o inotify-kernel.o inotify-missing.o inotify-path.o inotify-sub.o inotify-diag.o gam_dnotify.o gam_poll_dnotify.o  ../lib/libgamin_shared.a -lglib-2.0  
make[3]: Leaving directory '/tmp/gamin-0.1.10/server'
make[2]: Leaving directory '/tmp/gamin-0.1.10/server'
Making all in tests
make[2]: Entering directory '/tmp/gamin-0.1.10/tests'
gcc -DHAVE_CONFIG_H -I. -I.. -I.. -I.. -I../libgamin -I../libgamin   -Wall -Wchar-subscripts -Wmissing-declarations -Wmissing-prototypes -Wnested-externs -Wsign-compare -Wno-sign-compare -g -O2 -fPIC -MT testing.o -MD -MP -MF .deps/testing.Tpo -c -o testing.o testing.c
mv -f .deps/testing.Tpo .deps/testing.Po
/bin/sh ../libtool --tag=CC   --mode=link gcc -Wall -Wchar-subscripts -Wmissing-declarations -Wmissing-prototypes -Wnested-externs -Wsign-compare -Wno-sign-compare -g -O2 -fPIC   -o testgam testing.o  -L../libgamin -lgamin-1 
mkdir .libs
gcc -Wall -Wchar-subscripts -Wmissing-declarations -Wmissing-prototypes -Wnested-externs -Wsign-compare -Wno-sign-compare -g -O2 -fPIC -o .libs/testgam testing.o  -L/tmp/gamin-0.1.10/libgamin /tmp/gamin-0.1.10/libgamin/.libs/libgamin-1.so  -Wl,--rpath -Wl,/usr/lib
creating testgam
make[2]: Leaving directory '/tmp/gamin-0.1.10/tests'
make[2]: Entering directory '/tmp/gamin-0.1.10'
make[2]: Leaving directory '/tmp/gamin-0.1.10'
make[1]: Leaving directory '/tmp/gamin-0.1.10'
Making install in lib
make[1]: Entering directory '/tmp/gamin-0.1.10/lib'
make[2]: Entering directory '/tmp/gamin-0.1.10/lib'
test -z "/usr/lib" || /usr/bin/mkdir -p "/tmp/package-gamin/usr/lib"
 /usr/bin/ginstall -c -m 644 'libgamin_shared.a' '/tmp/package-gamin/usr/lib/libgamin_shared.a'
 ranlib '/tmp/package-gamin/usr/lib/libgamin_shared.a'
make[2]: Nothing to be done for 'install-data-am'.
make[2]: Leaving directory '/tmp/gamin-0.1.10/lib'
make[1]: Leaving directory '/tmp/gamin-0.1.10/lib'
Making install in doc
make[1]: Entering directory '/tmp/gamin-0.1.10/doc'
make[2]: Entering directory '/tmp/gamin-0.1.10/doc'
make[2]: Nothing to be done for 'install-exec-am'.
make[2]: Nothing to be done for 'install-data-am'.
make[2]: Leaving directory '/tmp/gamin-0.1.10/doc'
make[1]: Leaving directory '/tmp/gamin-0.1.10/doc'
Making install in libgamin
make[1]: Entering directory '/tmp/gamin-0.1.10/libgamin'
make[2]: Entering directory '/tmp/gamin-0.1.10/libgamin'
test -z "/usr/lib" || /usr/bin/mkdir -p "/tmp/package-gamin/usr/lib"
 /bin/sh ../libtool   --mode=install /usr/bin/ginstall -c  'libgamin-1.la' '/tmp/package-gamin/usr/lib/libgamin-1.la'
/usr/bin/ginstall -c .libs/libgamin-1.so.0.1.10 /tmp/package-gamin/usr/lib/libgamin-1.so.0.1.10
(cd /tmp/package-gamin/usr/lib && { ln -s -f libgamin-1.so.0.1.10 libgamin-1.so.0 || { rm -f libgamin-1.so.0 && ln -s libgamin-1.so.0.1.10 libgamin-1.so.0; }; })
(cd /tmp/package-gamin/usr/lib && { ln -s -f libgamin-1.so.0.1.10 libgamin-1.so || { rm -f libgamin-1.so && ln -s libgamin-1.so.0.1.10 libgamin-1.so; }; })
/usr/bin/ginstall -c .libs/libgamin-1.lai /tmp/package-gamin/usr/lib/libgamin-1.la
libtool: install: warning: remember to run `libtool --finish /usr/lib'
 /bin/sh ../libtool   --mode=install /usr/bin/ginstall -c  'libfam.la' '/tmp/package-gamin/usr/lib/libfam.la'
/usr/bin/ginstall -c .libs/libfam.so.0.0.0 /tmp/package-gamin/usr/lib/libfam.so.0.0.0
(cd /tmp/package-gamin/usr/lib && { ln -s -f libfam.so.0.0.0 libfam.so.0 || { rm -f libfam.so.0 && ln -s libfam.so.0.0.0 libfam.so.0; }; })
(cd /tmp/package-gamin/usr/lib && { ln -s -f libfam.so.0.0.0 libfam.so || { rm -f libfam.so && ln -s libfam.so.0.0.0 libfam.so; }; })
/usr/bin/ginstall -c .libs/libfam.lai /tmp/package-gamin/usr/lib/libfam.la
libtool: install: warning: remember to run `libtool --finish /usr/lib'
test -z "/usr/include/" || /usr/bin/mkdir -p "/tmp/package-gamin/usr/include/"
 /usr/bin/ginstall -c -m 644 'fam.h' '/tmp/package-gamin/usr/include//fam.h'
make[2]: Leaving directory '/tmp/gamin-0.1.10/libgamin'
make[1]: Leaving directory '/tmp/gamin-0.1.10/libgamin'
Making install in python
make[1]: Entering directory '/tmp/gamin-0.1.10/python'
Making install in tests
make[2]: Entering directory '/tmp/gamin-0.1.10/python/tests'
make[3]: Entering directory '/tmp/gamin-0.1.10/python/tests'
make[3]: Nothing to be done for 'install-exec-am'.
make[3]: Nothing to be done for 'install-data-am'.
make[3]: Leaving directory '/tmp/gamin-0.1.10/python/tests'
make[2]: Leaving directory '/tmp/gamin-0.1.10/python/tests'
make[2]: Entering directory '/tmp/gamin-0.1.10/python'
make[3]: Entering directory '/tmp/gamin-0.1.10/python'
make[3]: Nothing to be done for 'install-exec-am'.
test -z "/usr/lib/python2.7/site-packages" || /usr/bin/mkdir -p "/tmp/package-gamin/usr/lib/python2.7/site-packages"
 /bin/sh ../libtool   --mode=install /usr/bin/ginstall -c  '_gamin.la' '/tmp/package-gamin/usr/lib/python2.7/site-packages/_gamin.la'
libtool: install: warning: relinking `_gamin.la'
(cd /tmp/gamin-0.1.10/python; /bin/sh ../libtool  --tag=CC --mode=relink gcc -Wall -Wchar-subscripts -Wmissing-declarations -Wmissing-prototypes -Wnested-externs -Wsign-compare -Wno-sign-compare -g -O2 -fPIC -module -avoid-version -o _gamin.la -rpath /usr/lib/python2.7/site-packages gamin.lo ../libgamin/libgamin-1.la -inst-prefix-dir /tmp/package-gamin)  
gcc -shared  .libs/gamin.o  -Wl,--rpath -Wl,/usr/lib -L/tmp/package-gamin/usr/lib -L/usr/lib -lgamin-1  -Wl,-soname -Wl,_gamin.so -o .libs/_gamin.so
/usr/bin/ginstall -c .libs/_gamin.soT /tmp/package-gamin/usr/lib/python2.7/site-packages/_gamin.so
/usr/bin/ginstall -c .libs/_gamin.lai /tmp/package-gamin/usr/lib/python2.7/site-packages/_gamin.la
libtool: install: warning: remember to run `libtool --finish /usr/lib/python2.7/site-packages'
test -z "/usr/lib/python2.7/site-packages" || /usr/bin/mkdir -p "/tmp/package-gamin/usr/lib/python2.7/site-packages"
 /usr/bin/ginstall -c -m 644 'gamin.py' '/tmp/package-gamin/usr/lib/python2.7/site-packages/gamin.py'
Byte-compiling python modules...
gamin.py
Byte-compiling python modules (optimized versions) ...
gamin.py
make[3]: Leaving directory '/tmp/gamin-0.1.10/python'
make[2]: Leaving directory '/tmp/gamin-0.1.10/python'
make[1]: Leaving directory '/tmp/gamin-0.1.10/python'
Making install in lib
make[1]: Entering directory '/tmp/gamin-0.1.10/lib'
make[2]: Entering directory '/tmp/gamin-0.1.10/lib'
test -z "/usr/lib" || /usr/bin/mkdir -p "/tmp/package-gamin/usr/lib"
 /usr/bin/ginstall -c -m 644 'libgamin_shared.a' '/tmp/package-gamin/usr/lib/libgamin_shared.a'
 ranlib '/tmp/package-gamin/usr/lib/libgamin_shared.a'
make[2]: Nothing to be done for 'install-data-am'.
make[2]: Leaving directory '/tmp/gamin-0.1.10/lib'
make[1]: Leaving directory '/tmp/gamin-0.1.10/lib'
Making install in server
make[1]: Entering directory '/tmp/gamin-0.1.10/server'
make  install-am
make[2]: Entering directory '/tmp/gamin-0.1.10/server'
make[3]: Entering directory '/tmp/gamin-0.1.10/server'
test -z "/usr/libexec" || /usr/bin/mkdir -p "/tmp/package-gamin/usr/libexec"
  /bin/sh ../libtool   --mode=install /usr/bin/ginstall -c 'gam_server' '/tmp/package-gamin/usr/libexec/gam_server'
/usr/bin/ginstall -c gam_server /tmp/package-gamin/usr/libexec/gam_server
make[3]: Nothing to be done for 'install-data-am'.
make[3]: Leaving directory '/tmp/gamin-0.1.10/server'
make[2]: Leaving directory '/tmp/gamin-0.1.10/server'
make[1]: Leaving directory '/tmp/gamin-0.1.10/server'
Making install in tests
make[1]: Entering directory '/tmp/gamin-0.1.10/tests'
make[2]: Entering directory '/tmp/gamin-0.1.10/tests'
make[2]: Nothing to be done for 'install-exec-am'.
make[2]: Nothing to be done for 'install-data-am'.
make[2]: Leaving directory '/tmp/gamin-0.1.10/tests'
make[1]: Leaving directory '/tmp/gamin-0.1.10/tests'
make[1]: Entering directory '/tmp/gamin-0.1.10'
make[2]: Entering directory '/tmp/gamin-0.1.10'
make[2]: Nothing to be done for 'install-exec-am'.
test -z "/usr/lib/pkgconfig" || /usr/bin/mkdir -p "/tmp/package-gamin/usr/lib/pkgconfig"
 /usr/bin/ginstall -c -m 644 'gamin.pc' '/tmp/package-gamin/usr/lib/pkgconfig/gamin.pc'
make[2]: Leaving directory '/tmp/gamin-0.1.10'
make[1]: Leaving directory '/tmp/gamin-0.1.10'

Slackware package maker, version 3.14159265.

Searching for symbolic links:
usr/lib/libfam.so	libfam.so.0.0.0
usr/lib/libfam.so.0	libfam.so.0.0.0
usr/lib/libgamin-1.so	libgamin-1.so.0.1.10
usr/lib/libgamin-1.so.0	libgamin-1.so.0.1.10

Making symbolic link creation script:
( cd usr/lib ; rm -rf libfam.so )
( cd usr/lib ; ln -sf libfam.so.0.0.0 libfam.so )
( cd usr/lib ; rm -rf libfam.so.0 )
( cd usr/lib ; ln -sf libfam.so.0.0.0 libfam.so.0 )
( cd usr/lib ; rm -rf libgamin-1.so )
( cd usr/lib ; ln -sf libgamin-1.so.0.1.10 libgamin-1.so )
( cd usr/lib ; rm -rf libgamin-1.so.0 )
( cd usr/lib ; ln -sf libgamin-1.so.0.1.10 libgamin-1.so.0 )

Unless your existing installation script already contains the code
to create these links, you should append these lines to your existing
install script. Now's your chance. :^)

Would you like to add this stuff to the existing install script and
remove the symbolic links ([y]es, [n]o)? y


Removing symbolic links:
removed './usr/lib/libgamin-1.so.0'
removed './usr/lib/libgamin-1.so'
removed './usr/lib/libfam.so.0'
removed './usr/lib/libfam.so'

Updating your ./install/doinst.sh...

This next step is optional - you can set the directories in your package
to some sane permissions. If any of the directories in your package have
special permissions, then DO NOT reset them here!

Would you like to reset all directory permissions to 755 (drwxr-xr-x) and
directory ownerships to root.root ([y]es, [n]o)? n

Creating Slackware package:  /tmp/gamin-0.1.10-x86_64-8.txz

./
etc/
etc/gamin/
etc/gamin/gaminrc.new
install/
install/doinst.sh
install/slack-desc
usr/
usr/doc/
usr/doc/gamin-0.1.10/
usr/doc/gamin-0.1.10/AUTHORS
usr/doc/gamin-0.1.10/COPYING
usr/doc/gamin-0.1.10/ChangeLog
usr/doc/gamin-0.1.10/Copyright
usr/doc/gamin-0.1.10/NEWS
usr/doc/gamin-0.1.10/README
usr/doc/gamin-0.1.10/TODO
usr/doc/gamin-0.1.10/debugging.txt
usr/doc/gamin-0.1.10/html/
usr/doc/gamin-0.1.10/html/FAQ.html
usr/doc/gamin-0.1.10/html/callbacks.gif
usr/doc/gamin-0.1.10/html/client_server.gif
usr/doc/gamin-0.1.10/html/config.html
usr/doc/gamin-0.1.10/html/contacts.html
usr/doc/gamin-0.1.10/html/debug.html
usr/doc/gamin-0.1.10/html/devel.html
usr/doc/gamin-0.1.10/html/differences.html
usr/doc/gamin-0.1.10/html/downloads.html
usr/doc/gamin-0.1.10/html/gamin.html
usr/doc/gamin-0.1.10/html/index.html
usr/doc/gamin-0.1.10/html/internals.html
usr/doc/gamin-0.1.10/html/news.html
usr/doc/gamin-0.1.10/html/overview.html
usr/doc/gamin-0.1.10/html/python.html
usr/doc/gamin-0.1.10/html/security.html
usr/doc/gamin-0.1.10/html/server_structs.gif
usr/doc/gamin-0.1.10/html/using.html
usr/doc/gamin-0.1.10/socket.txt
usr/include/
usr/include/fam.h
usr/lib/
usr/lib/libfam.so.0.0.0
usr/lib/libgamin-1.so.0.1.10
usr/lib/libgamin_shared.a
usr/lib/pkgconfig/
usr/lib/pkgconfig/gamin.pc
usr/lib/python2.7/
usr/lib/python2.7/site-packages/
usr/lib/python2.7/site-packages/_gamin.la
usr/lib/python2.7/site-packages/_gamin.so
usr/lib/python2.7/site-packages/gamin.py
usr/lib/python2.7/site-packages/gamin.pyc
usr/lib/python2.7/site-packages/gamin.pyo
usr/libexec/
usr/libexec/gam_server

Slackware package /tmp/gamin-0.1.10-x86_64-8.txz created.

