nghttp2-1.43.0/
nghttp2-1.43.0/script/
nghttp2-1.43.0/script/CMakeLists.txt
nghttp2-1.43.0/script/README.rst
nghttp2-1.43.0/script/Makefile.in
nghttp2-1.43.0/script/fetch-ocsp-response
nghttp2-1.43.0/script/Makefile.am
nghttp2-1.43.0/contrib/
nghttp2-1.43.0/contrib/tlsticketupdate.go
nghttp2-1.43.0/contrib/nghttpx-logrotate
nghttp2-1.43.0/contrib/nghttpx-upstart.conf.in
nghttp2-1.43.0/contrib/nghttpx.service.in
nghttp2-1.43.0/contrib/nghttpx-init.in
nghttp2-1.43.0/contrib/CMakeLists.txt
nghttp2-1.43.0/contrib/Makefile.in
nghttp2-1.43.0/contrib/Makefile.am
nghttp2-1.43.0/doc/
nghttp2-1.43.0/doc/h2load.1
nghttp2-1.43.0/doc/nghttpx.1
nghttp2-1.43.0/doc/nghttpd.1
nghttp2-1.43.0/doc/nghttp.1
nghttp2-1.43.0/doc/nghttp2_version.rst
nghttp2-1.43.0/doc/nghttp2_submit_window_update.rst
nghttp2-1.43.0/doc/nghttp2_submit_trailer.rst
nghttp2-1.43.0/doc/nghttp2_submit_shutdown_notice.rst
nghttp2-1.43.0/doc/nghttp2_submit_settings.rst
nghttp2-1.43.0/doc/nghttp2_submit_rst_stream.rst
nghttp2-1.43.0/doc/nghttp2_submit_response.rst
nghttp2-1.43.0/doc/nghttp2_submit_request.rst
nghttp2-1.43.0/doc/nghttp2_submit_push_promise.rst
nghttp2-1.43.0/doc/nghttp2_submit_priority.rst
nghttp2-1.43.0/doc/nghttp2_submit_ping.rst
nghttp2-1.43.0/doc/nghttp2_submit_origin.rst
nghttp2-1.43.0/doc/nghttp2_submit_headers.rst
nghttp2-1.43.0/doc/nghttp2_submit_goaway.rst
nghttp2-1.43.0/doc/nghttp2_submit_extension.rst
nghttp2-1.43.0/doc/nghttp2_submit_data.rst
nghttp2-1.43.0/doc/nghttp2_submit_altsvc.rst
nghttp2-1.43.0/doc/nghttp2_strerror.rst
nghttp2-1.43.0/doc/nghttp2_stream_get_weight.rst
nghttp2-1.43.0/doc/nghttp2_stream_get_sum_dependency_weight.rst
nghttp2-1.43.0/doc/nghttp2_stream_get_state.rst
nghttp2-1.43.0/doc/nghttp2_stream_get_previous_sibling.rst
nghttp2-1.43.0/doc/nghttp2_stream_get_parent.rst
nghttp2-1.43.0/doc/nghttp2_stream_get_next_sibling.rst
nghttp2-1.43.0/doc/nghttp2_stream_get_first_child.rst
nghttp2-1.43.0/doc/nghttp2_set_debug_vprintf_callback.rst
nghttp2-1.43.0/doc/nghttp2_session_want_write.rst
nghttp2-1.43.0/doc/nghttp2_session_want_read.rst
nghttp2-1.43.0/doc/nghttp2_session_upgrade2.rst
nghttp2-1.43.0/doc/nghttp2_session_upgrade.rst
nghttp2-1.43.0/doc/nghttp2_session_terminate_session2.rst
nghttp2-1.43.0/doc/nghttp2_session_terminate_session.rst
nghttp2-1.43.0/doc/nghttp2_session_set_user_data.rst
nghttp2-1.43.0/doc/nghttp2_session_set_stream_user_data.rst
nghttp2-1.43.0/doc/nghttp2_session_set_next_stream_id.rst
nghttp2-1.43.0/doc/nghttp2_session_set_local_window_size.rst
nghttp2-1.43.0/doc/nghttp2_session_server_new3.rst
nghttp2-1.43.0/doc/nghttp2_session_server_new2.rst
nghttp2-1.43.0/doc/nghttp2_session_server_new.rst
nghttp2-1.43.0/doc/nghttp2_session_send.rst
nghttp2-1.43.0/doc/nghttp2_session_resume_data.rst
nghttp2-1.43.0/doc/nghttp2_session_recv.rst
nghttp2-1.43.0/doc/nghttp2_session_mem_send.rst
nghttp2-1.43.0/doc/nghttp2_session_mem_recv.rst
nghttp2-1.43.0/doc/nghttp2_session_get_stream_user_data.rst
nghttp2-1.43.0/doc/nghttp2_session_get_stream_remote_window_size.rst
nghttp2-1.43.0/doc/nghttp2_session_get_stream_remote_close.rst
nghttp2-1.43.0/doc/nghttp2_session_get_stream_local_window_size.rst
nghttp2-1.43.0/doc/nghttp2_session_get_stream_local_close.rst
nghttp2-1.43.0/doc/nghttp2_session_get_stream_effective_recv_data_length.rst
nghttp2-1.43.0/doc/nghttp2_session_get_stream_effective_local_window_size.rst
nghttp2-1.43.0/doc/nghttp2_session_get_root_stream.rst
nghttp2-1.43.0/doc/nghttp2_session_get_remote_window_size.rst
nghttp2-1.43.0/doc/nghttp2_session_get_remote_settings.rst
nghttp2-1.43.0/doc/nghttp2_session_get_outbound_queue_size.rst
nghttp2-1.43.0/doc/nghttp2_session_get_next_stream_id.rst
nghttp2-1.43.0/doc/nghttp2_session_get_local_window_size.rst
nghttp2-1.43.0/doc/nghttp2_session_get_local_settings.rst
nghttp2-1.43.0/doc/nghttp2_session_get_last_proc_stream_id.rst
nghttp2-1.43.0/doc/nghttp2_session_get_hd_inflate_dynamic_table_size.rst
nghttp2-1.43.0/doc/nghttp2_session_get_hd_deflate_dynamic_table_size.rst
nghttp2-1.43.0/doc/nghttp2_session_get_effective_recv_data_length.rst
nghttp2-1.43.0/doc/nghttp2_session_get_effective_local_window_size.rst
nghttp2-1.43.0/doc/nghttp2_session_find_stream.rst
nghttp2-1.43.0/doc/nghttp2_session_del.rst
nghttp2-1.43.0/doc/nghttp2_session_create_idle_stream.rst
nghttp2-1.43.0/doc/nghttp2_session_consume_stream.rst
nghttp2-1.43.0/doc/nghttp2_session_consume_connection.rst
nghttp2-1.43.0/doc/nghttp2_session_consume.rst
nghttp2-1.43.0/doc/nghttp2_session_client_new3.rst
nghttp2-1.43.0/doc/nghttp2_session_client_new2.rst
nghttp2-1.43.0/doc/nghttp2_session_client_new.rst
nghttp2-1.43.0/doc/nghttp2_session_check_server_session.rst
nghttp2-1.43.0/doc/nghttp2_session_check_request_allowed.rst
nghttp2-1.43.0/doc/nghttp2_session_change_stream_priority.rst
nghttp2-1.43.0/doc/nghttp2_session_callbacks_set_unpack_extension_callback.rst
nghttp2-1.43.0/doc/nghttp2_session_callbacks_set_send_data_callback.rst
nghttp2-1.43.0/doc/nghttp2_session_callbacks_set_send_callback.rst
nghttp2-1.43.0/doc/nghttp2_session_callbacks_set_select_padding_callback.rst
nghttp2-1.43.0/doc/nghttp2_session_callbacks_set_recv_callback.rst
nghttp2-1.43.0/doc/nghttp2_session_callbacks_set_pack_extension_callback.rst
nghttp2-1.43.0/doc/nghttp2_session_callbacks_set_on_stream_close_callback.rst
nghttp2-1.43.0/doc/nghttp2_session_callbacks_set_on_invalid_header_callback2.rst
nghttp2-1.43.0/doc/nghttp2_session_callbacks_set_on_invalid_header_callback.rst
nghttp2-1.43.0/doc/nghttp2_session_callbacks_set_on_invalid_frame_recv_callback.rst
nghttp2-1.43.0/doc/nghttp2_session_callbacks_set_on_header_callback2.rst
nghttp2-1.43.0/doc/nghttp2_session_callbacks_set_on_header_callback.rst
nghttp2-1.43.0/doc/nghttp2_session_callbacks_set_on_frame_send_callback.rst
nghttp2-1.43.0/doc/nghttp2_session_callbacks_set_on_frame_recv_callback.rst
nghttp2-1.43.0/doc/nghttp2_session_callbacks_set_on_frame_not_send_callback.rst
nghttp2-1.43.0/doc/nghttp2_session_callbacks_set_on_extension_chunk_recv_callback.rst
nghttp2-1.43.0/doc/nghttp2_session_callbacks_set_on_data_chunk_recv_callback.rst
nghttp2-1.43.0/doc/nghttp2_session_callbacks_set_on_begin_headers_callback.rst
nghttp2-1.43.0/doc/nghttp2_session_callbacks_set_on_begin_frame_callback.rst
nghttp2-1.43.0/doc/nghttp2_session_callbacks_set_error_callback2.rst
nghttp2-1.43.0/doc/nghttp2_session_callbacks_set_error_callback.rst
nghttp2-1.43.0/doc/nghttp2_session_callbacks_set_data_source_read_length_callback.rst
nghttp2-1.43.0/doc/nghttp2_session_callbacks_set_before_frame_send_callback.rst
nghttp2-1.43.0/doc/nghttp2_session_callbacks_new.rst
nghttp2-1.43.0/doc/nghttp2_session_callbacks_del.rst
nghttp2-1.43.0/doc/nghttp2_select_next_protocol.rst
nghttp2-1.43.0/doc/nghttp2_rcbuf_is_static.rst
nghttp2-1.43.0/doc/nghttp2_rcbuf_incref.rst
nghttp2-1.43.0/doc/nghttp2_rcbuf_get_buf.rst
nghttp2-1.43.0/doc/nghttp2_rcbuf_decref.rst
nghttp2-1.43.0/doc/nghttp2_priority_spec_init.rst
nghttp2-1.43.0/doc/nghttp2_priority_spec_default_init.rst
nghttp2-1.43.0/doc/nghttp2_priority_spec_check_default.rst
nghttp2-1.43.0/doc/nghttp2_pack_settings_payload.rst
nghttp2-1.43.0/doc/nghttp2_option_set_max_settings.rst
nghttp2-1.43.0/doc/nghttp2_option_set_max_outbound_ack.rst
nghttp2-1.43.0/doc/nghttp2_option_set_user_recv_extension_type.rst
nghttp2-1.43.0/doc/nghttp2_option_set_peer_max_concurrent_streams.rst
nghttp2-1.43.0/doc/nghttp2_option_set_no_recv_client_magic.rst
nghttp2-1.43.0/doc/nghttp2_option_set_no_http_messaging.rst
nghttp2-1.43.0/doc/nghttp2_option_set_no_closed_streams.rst
nghttp2-1.43.0/doc/nghttp2_option_set_no_auto_window_update.rst
nghttp2-1.43.0/doc/nghttp2_option_set_no_auto_ping_ack.rst
nghttp2-1.43.0/doc/nghttp2_option_set_max_send_header_block_length.rst
nghttp2-1.43.0/doc/nghttp2_option_set_max_reserved_remote_streams.rst
nghttp2-1.43.0/doc/nghttp2_option_set_max_deflate_dynamic_table_size.rst
nghttp2-1.43.0/doc/nghttp2_option_set_builtin_recv_extension_type.rst
nghttp2-1.43.0/doc/nghttp2_option_new.rst
nghttp2-1.43.0/doc/nghttp2_option_del.rst
nghttp2-1.43.0/doc/nghttp2_nv_compare_name.rst
nghttp2-1.43.0/doc/nghttp2_is_fatal.rst
nghttp2-1.43.0/doc/nghttp2_http2_strerror.rst
nghttp2-1.43.0/doc/nghttp2_hd_inflate_new2.rst
nghttp2-1.43.0/doc/nghttp2_hd_inflate_new.rst
nghttp2-1.43.0/doc/nghttp2_hd_inflate_hd2.rst
nghttp2-1.43.0/doc/nghttp2_hd_inflate_hd.rst
nghttp2-1.43.0/doc/nghttp2_hd_inflate_get_table_entry.rst
nghttp2-1.43.0/doc/nghttp2_hd_inflate_get_num_table_entries.rst
nghttp2-1.43.0/doc/nghttp2_hd_inflate_get_max_dynamic_table_size.rst
nghttp2-1.43.0/doc/nghttp2_hd_inflate_get_dynamic_table_size.rst
nghttp2-1.43.0/doc/nghttp2_hd_inflate_end_headers.rst
nghttp2-1.43.0/doc/nghttp2_hd_inflate_del.rst
nghttp2-1.43.0/doc/nghttp2_hd_inflate_change_table_size.rst
nghttp2-1.43.0/doc/nghttp2_hd_deflate_new2.rst
nghttp2-1.43.0/doc/nghttp2_hd_deflate_new.rst
nghttp2-1.43.0/doc/nghttp2_hd_deflate_hd_vec.rst
nghttp2-1.43.0/doc/nghttp2_hd_deflate_hd.rst
nghttp2-1.43.0/doc/nghttp2_hd_deflate_get_table_entry.rst
nghttp2-1.43.0/doc/nghttp2_hd_deflate_get_num_table_entries.rst
nghttp2-1.43.0/doc/nghttp2_hd_deflate_get_max_dynamic_table_size.rst
nghttp2-1.43.0/doc/nghttp2_hd_deflate_get_dynamic_table_size.rst
nghttp2-1.43.0/doc/nghttp2_hd_deflate_del.rst
nghttp2-1.43.0/doc/nghttp2_hd_deflate_change_table_size.rst
nghttp2-1.43.0/doc/nghttp2_hd_deflate_bound.rst
nghttp2-1.43.0/doc/nghttp2_check_header_value.rst
nghttp2-1.43.0/doc/nghttp2_check_header_name.rst
nghttp2-1.43.0/doc/nghttp2_check_authority.rst
nghttp2-1.43.0/doc/types.rst
nghttp2-1.43.0/doc/enums.rst
nghttp2-1.43.0/doc/macros.rst
nghttp2-1.43.0/doc/h2load.1.rst
nghttp2-1.43.0/doc/nghttpx.1.rst
nghttp2-1.43.0/doc/nghttpd.1.rst
nghttp2-1.43.0/doc/nghttp.1.rst
nghttp2-1.43.0/doc/programmers-guide.rst
nghttp2-1.43.0/doc/README.rst
nghttp2-1.43.0/doc/mkapiref.py
nghttp2-1.43.0/doc/CMakeLists.txt
nghttp2-1.43.0/doc/tutorial-server.rst.in
nghttp2-1.43.0/doc/tutorial-hpack.rst.in
nghttp2-1.43.0/doc/tutorial-client.rst.in
nghttp2-1.43.0/doc/python-apiref.rst.in
nghttp2-1.43.0/doc/package_README.rst.in
nghttp2-1.43.0/doc/nghttpx-howto.rst.in
nghttp2-1.43.0/doc/nghttp2ver.h.rst.in
nghttp2-1.43.0/doc/nghttp2.h.rst.in
nghttp2-1.43.0/doc/libnghttp2_asio.rst.in
nghttp2-1.43.0/doc/index.rst.in
nghttp2-1.43.0/doc/h2load-howto.rst.in
nghttp2-1.43.0/doc/contribute.rst.in
nghttp2-1.43.0/doc/conf.py.in
nghttp2-1.43.0/doc/building-android-binary.rst.in
nghttp2-1.43.0/doc/asio_http2_server.h.rst.in
nghttp2-1.43.0/doc/asio_http2_client.h.rst.in
nghttp2-1.43.0/doc/asio_http2.h.rst.in
nghttp2-1.43.0/doc/Makefile.in
nghttp2-1.43.0/doc/Makefile.am
nghttp2-1.43.0/doc/sources/
nghttp2-1.43.0/doc/sources/security.rst
nghttp2-1.43.0/doc/sources/contribute.rst
nghttp2-1.43.0/doc/sources/building-android-binary.rst
nghttp2-1.43.0/doc/sources/python-apiref.rst
nghttp2-1.43.0/doc/sources/libnghttp2_asio.rst
nghttp2-1.43.0/doc/sources/h2load-howto.rst
nghttp2-1.43.0/doc/sources/nghttpx-howto.rst
nghttp2-1.43.0/doc/sources/tutorial-hpack.rst
nghttp2-1.43.0/doc/sources/tutorial-server.rst
nghttp2-1.43.0/doc/sources/tutorial-client.rst
nghttp2-1.43.0/doc/sources/index.rst
nghttp2-1.43.0/doc/bash_completion/
nghttp2-1.43.0/doc/bash_completion/h2load
nghttp2-1.43.0/doc/bash_completion/nghttpx
nghttp2-1.43.0/doc/bash_completion/nghttpd
nghttp2-1.43.0/doc/bash_completion/nghttp
nghttp2-1.43.0/doc/_themes/
nghttp2-1.43.0/doc/_themes/sphinx_rtd_theme/
nghttp2-1.43.0/doc/_themes/sphinx_rtd_theme/versions.html
nghttp2-1.43.0/doc/_themes/sphinx_rtd_theme/theme.conf
nghttp2-1.43.0/doc/_themes/sphinx_rtd_theme/searchbox.html
nghttp2-1.43.0/doc/_themes/sphinx_rtd_theme/search.html
nghttp2-1.43.0/doc/_themes/sphinx_rtd_theme/layout.html
nghttp2-1.43.0/doc/_themes/sphinx_rtd_theme/footer.html
nghttp2-1.43.0/doc/_themes/sphinx_rtd_theme/breadcrumbs.html
nghttp2-1.43.0/doc/_themes/sphinx_rtd_theme/__init__.py
nghttp2-1.43.0/doc/_themes/sphinx_rtd_theme/static/
nghttp2-1.43.0/doc/_themes/sphinx_rtd_theme/static/js/
nghttp2-1.43.0/doc/_themes/sphinx_rtd_theme/static/js/theme.js
nghttp2-1.43.0/doc/_themes/sphinx_rtd_theme/static/js/badge_only.js
nghttp2-1.43.0/doc/_themes/sphinx_rtd_theme/static/css/
nghttp2-1.43.0/doc/_themes/sphinx_rtd_theme/static/css/theme.css
nghttp2-1.43.0/doc/_themes/sphinx_rtd_theme/static/css/badge_only.css
nghttp2-1.43.0/doc/_themes/sphinx_rtd_theme/static/css/fonts/
nghttp2-1.43.0/doc/_themes/sphinx_rtd_theme/static/css/fonts/lato-normal.woff2
nghttp2-1.43.0/doc/_themes/sphinx_rtd_theme/static/css/fonts/lato-normal.woff
nghttp2-1.43.0/doc/_themes/sphinx_rtd_theme/static/css/fonts/lato-normal-italic.woff2
nghttp2-1.43.0/doc/_themes/sphinx_rtd_theme/static/css/fonts/lato-normal-italic.woff
nghttp2-1.43.0/doc/_themes/sphinx_rtd_theme/static/css/fonts/lato-bold.woff2
nghttp2-1.43.0/doc/_themes/sphinx_rtd_theme/static/css/fonts/lato-bold.woff
nghttp2-1.43.0/doc/_themes/sphinx_rtd_theme/static/css/fonts/lato-bold-italic.woff2
nghttp2-1.43.0/doc/_themes/sphinx_rtd_theme/static/css/fonts/lato-bold-italic.woff
nghttp2-1.43.0/doc/_themes/sphinx_rtd_theme/static/css/fonts/fontawesome-webfont.woff2
nghttp2-1.43.0/doc/_themes/sphinx_rtd_theme/static/css/fonts/fontawesome-webfont.woff
nghttp2-1.43.0/doc/_themes/sphinx_rtd_theme/static/css/fonts/fontawesome-webfont.ttf
nghttp2-1.43.0/doc/_themes/sphinx_rtd_theme/static/css/fonts/fontawesome-webfont.svg
nghttp2-1.43.0/doc/_themes/sphinx_rtd_theme/static/css/fonts/fontawesome-webfont.eot
nghttp2-1.43.0/doc/_themes/sphinx_rtd_theme/static/css/fonts/Roboto-Slab-Regular.woff2
nghttp2-1.43.0/doc/_themes/sphinx_rtd_theme/static/css/fonts/Roboto-Slab-Regular.woff
nghttp2-1.43.0/doc/_themes/sphinx_rtd_theme/static/css/fonts/Roboto-Slab-Bold.woff2
nghttp2-1.43.0/doc/_themes/sphinx_rtd_theme/static/css/fonts/Roboto-Slab-Bold.woff
nghttp2-1.43.0/doc/_themes/sphinx_rtd_theme/locale/
nghttp2-1.43.0/doc/_themes/sphinx_rtd_theme/locale/sphinx.pot
nghttp2-1.43.0/doc/_themes/sphinx_rtd_theme/locale/zh_CN/
nghttp2-1.43.0/doc/_themes/sphinx_rtd_theme/locale/zh_CN/LC_MESSAGES/
nghttp2-1.43.0/doc/_themes/sphinx_rtd_theme/locale/zh_CN/LC_MESSAGES/sphinx.po
nghttp2-1.43.0/doc/_themes/sphinx_rtd_theme/locale/zh_CN/LC_MESSAGES/sphinx.mo
nghttp2-1.43.0/doc/_themes/sphinx_rtd_theme/locale/tr/
nghttp2-1.43.0/doc/_themes/sphinx_rtd_theme/locale/tr/LC_MESSAGES/
nghttp2-1.43.0/doc/_themes/sphinx_rtd_theme/locale/tr/LC_MESSAGES/sphinx.po
nghttp2-1.43.0/doc/_themes/sphinx_rtd_theme/locale/tr/LC_MESSAGES/sphinx.mo
nghttp2-1.43.0/doc/_themes/sphinx_rtd_theme/locale/sv/
nghttp2-1.43.0/doc/_themes/sphinx_rtd_theme/locale/sv/LC_MESSAGES/
nghttp2-1.43.0/doc/_themes/sphinx_rtd_theme/locale/sv/LC_MESSAGES/sphinx.po
nghttp2-1.43.0/doc/_themes/sphinx_rtd_theme/locale/sv/LC_MESSAGES/sphinx.mo
nghttp2-1.43.0/doc/_themes/sphinx_rtd_theme/locale/ru/
nghttp2-1.43.0/doc/_themes/sphinx_rtd_theme/locale/ru/LC_MESSAGES/
nghttp2-1.43.0/doc/_themes/sphinx_rtd_theme/locale/ru/LC_MESSAGES/sphinx.po
nghttp2-1.43.0/doc/_themes/sphinx_rtd_theme/locale/ru/LC_MESSAGES/sphinx.mo
nghttp2-1.43.0/doc/_themes/sphinx_rtd_theme/locale/pt_BR/
nghttp2-1.43.0/doc/_themes/sphinx_rtd_theme/locale/pt_BR/LC_MESSAGES/
nghttp2-1.43.0/doc/_themes/sphinx_rtd_theme/locale/pt_BR/LC_MESSAGES/sphinx.po
nghttp2-1.43.0/doc/_themes/sphinx_rtd_theme/locale/pt_BR/LC_MESSAGES/sphinx.mo
nghttp2-1.43.0/doc/_themes/sphinx_rtd_theme/locale/nl/
nghttp2-1.43.0/doc/_themes/sphinx_rtd_theme/locale/nl/LC_MESSAGES/
nghttp2-1.43.0/doc/_themes/sphinx_rtd_theme/locale/nl/LC_MESSAGES/sphinx.po
nghttp2-1.43.0/doc/_themes/sphinx_rtd_theme/locale/nl/LC_MESSAGES/sphinx.mo
nghttp2-1.43.0/doc/_themes/sphinx_rtd_theme/locale/fr/
nghttp2-1.43.0/doc/_themes/sphinx_rtd_theme/locale/fr/LC_MESSAGES/
nghttp2-1.43.0/doc/_themes/sphinx_rtd_theme/locale/fr/LC_MESSAGES/sphinx.po
nghttp2-1.43.0/doc/_themes/sphinx_rtd_theme/locale/fr/LC_MESSAGES/sphinx.mo
nghttp2-1.43.0/doc/_themes/sphinx_rtd_theme/locale/et/
nghttp2-1.43.0/doc/_themes/sphinx_rtd_theme/locale/et/LC_MESSAGES/
nghttp2-1.43.0/doc/_themes/sphinx_rtd_theme/locale/et/LC_MESSAGES/sphinx.po
nghttp2-1.43.0/doc/_themes/sphinx_rtd_theme/locale/et/LC_MESSAGES/sphinx.mo
nghttp2-1.43.0/doc/_themes/sphinx_rtd_theme/locale/es/
nghttp2-1.43.0/doc/_themes/sphinx_rtd_theme/locale/es/LC_MESSAGES/
nghttp2-1.43.0/doc/_themes/sphinx_rtd_theme/locale/es/LC_MESSAGES/sphinx.po
nghttp2-1.43.0/doc/_themes/sphinx_rtd_theme/locale/es/LC_MESSAGES/sphinx.mo
nghttp2-1.43.0/doc/_themes/sphinx_rtd_theme/locale/en/
nghttp2-1.43.0/doc/_themes/sphinx_rtd_theme/locale/en/LC_MESSAGES/
nghttp2-1.43.0/doc/_themes/sphinx_rtd_theme/locale/en/LC_MESSAGES/sphinx.po
nghttp2-1.43.0/doc/_themes/sphinx_rtd_theme/locale/en/LC_MESSAGES/sphinx.mo
nghttp2-1.43.0/doc/_themes/sphinx_rtd_theme/locale/de/
nghttp2-1.43.0/doc/_themes/sphinx_rtd_theme/locale/de/LC_MESSAGES/
nghttp2-1.43.0/doc/_themes/sphinx_rtd_theme/locale/de/LC_MESSAGES/sphinx.po
nghttp2-1.43.0/doc/_themes/sphinx_rtd_theme/locale/de/LC_MESSAGES/sphinx.mo
nghttp2-1.43.0/doc/_exts/
nghttp2-1.43.0/doc/_exts/sphinxcontrib/
nghttp2-1.43.0/doc/_exts/sphinxcontrib/rubydomain.py
nghttp2-1.43.0/doc/_exts/sphinxcontrib/__init__.py
nghttp2-1.43.0/doc/_exts/sphinxcontrib/LICENSE.rubydomain
nghttp2-1.43.0/integration-tests/
nghttp2-1.43.0/integration-tests/resp-return.rb
nghttp2-1.43.0/integration-tests/req-return.rb
nghttp2-1.43.0/integration-tests/resp-set-header.rb
nghttp2-1.43.0/integration-tests/req-set-header.rb
nghttp2-1.43.0/integration-tests/setenv
nghttp2-1.43.0/integration-tests/alt-server.crt
nghttp2-1.43.0/integration-tests/alt-server.key
nghttp2-1.43.0/integration-tests/server.crt
nghttp2-1.43.0/integration-tests/server.key
nghttp2-1.43.0/integration-tests/server_tester.go
nghttp2-1.43.0/integration-tests/nghttpx_http2_test.go
nghttp2-1.43.0/integration-tests/nghttpx_http1_test.go
nghttp2-1.43.0/integration-tests/CMakeLists.txt
nghttp2-1.43.0/integration-tests/setenv.in
nghttp2-1.43.0/integration-tests/config.go.in
nghttp2-1.43.0/integration-tests/Makefile.in
nghttp2-1.43.0/integration-tests/Makefile.am
nghttp2-1.43.0/tests/
nghttp2-1.43.0/tests/testdata/
nghttp2-1.43.0/tests/testdata/privkey.pem
nghttp2-1.43.0/tests/testdata/index.html
nghttp2-1.43.0/tests/testdata/cacert.pem
nghttp2-1.43.0/tests/testdata/Makefile.in
nghttp2-1.43.0/tests/testdata/Makefile.am
nghttp2-1.43.0/tests/CMakeLists.txt
nghttp2-1.43.0/tests/nghttp2_buf_test.c
nghttp2-1.43.0/tests/nghttp2_helper_test.c
nghttp2-1.43.0/tests/nghttp2_npn_test.c
nghttp2-1.43.0/tests/nghttp2_hd_test.c
nghttp2-1.43.0/tests/nghttp2_session_test.c
nghttp2-1.43.0/tests/nghttp2_stream_test.c
nghttp2-1.43.0/tests/nghttp2_frame_test.c
nghttp2-1.43.0/tests/nghttp2_queue_test.c
nghttp2-1.43.0/tests/nghttp2_map_test.c
nghttp2-1.43.0/tests/nghttp2_pq_test.c
nghttp2-1.43.0/tests/main.c
nghttp2-1.43.0/tests/nghttp2_buf_test.h
nghttp2-1.43.0/tests/nghttp2_helper_test.h
nghttp2-1.43.0/tests/nghttp2_npn_test.h
nghttp2-1.43.0/tests/nghttp2_hd_test.h
nghttp2-1.43.0/tests/nghttp2_stream_test.h
nghttp2-1.43.0/tests/nghttp2_frame_test.h
nghttp2-1.43.0/tests/nghttp2_session_test.h
nghttp2-1.43.0/tests/nghttp2_queue_test.h
nghttp2-1.43.0/tests/nghttp2_map_test.h
nghttp2-1.43.0/tests/nghttp2_pq_test.h
nghttp2-1.43.0/tests/nghttp2_test_helper.h
nghttp2-1.43.0/tests/nghttp2_test_helper.c
nghttp2-1.43.0/tests/malloc_wrapper.h
nghttp2-1.43.0/tests/malloc_wrapper.c
nghttp2-1.43.0/tests/failmalloc_test.h
nghttp2-1.43.0/tests/failmalloc_test.c
nghttp2-1.43.0/tests/failmalloc.c
nghttp2-1.43.0/tests/Makefile.in
nghttp2-1.43.0/tests/Makefile.am
nghttp2-1.43.0/python/
nghttp2-1.43.0/python/install-python.cmake.in
nghttp2-1.43.0/python/CMakeLists.txt
nghttp2-1.43.0/python/nghttp2.pyx
nghttp2-1.43.0/python/cnghttp2.pxd
nghttp2-1.43.0/python/setup.py.in
nghttp2-1.43.0/python/Makefile.in
nghttp2-1.43.0/python/Makefile.am
nghttp2-1.43.0/examples/
nghttp2-1.43.0/examples/CMakeLists.txt
nghttp2-1.43.0/examples/libevent-server.c
nghttp2-1.43.0/examples/libevent-client.c
nghttp2-1.43.0/examples/deflate.c
nghttp2-1.43.0/examples/client.c
nghttp2-1.43.0/examples/asio-sv2.cc
nghttp2-1.43.0/examples/asio-sv.cc
nghttp2-1.43.0/examples/asio-cl2.cc
nghttp2-1.43.0/examples/asio-cl.cc
nghttp2-1.43.0/examples/Makefile.in
nghttp2-1.43.0/examples/Makefile.am
nghttp2-1.43.0/test-driver
nghttp2-1.43.0/src/
nghttp2-1.43.0/src/includes/
nghttp2-1.43.0/src/includes/CMakeLists.txt
nghttp2-1.43.0/src/includes/Makefile.in
nghttp2-1.43.0/src/includes/Makefile.am
nghttp2-1.43.0/src/includes/nghttp2/
nghttp2-1.43.0/src/includes/nghttp2/asio_http2_server.h
nghttp2-1.43.0/src/includes/nghttp2/asio_http2_client.h
nghttp2-1.43.0/src/includes/nghttp2/asio_http2.h
nghttp2-1.43.0/src/test.nghttp2.org.pem
nghttp2-1.43.0/src/test.example.com.pem
nghttp2-1.43.0/src/CMakeLists.txt
nghttp2-1.43.0/src/base64_test.h
nghttp2-1.43.0/src/base64_test.cc
nghttp2-1.43.0/src/template_test.h
nghttp2-1.43.0/src/template_test.cc
nghttp2-1.43.0/src/memchunk_test.h
nghttp2-1.43.0/src/memchunk_test.cc
nghttp2-1.43.0/src/buffer_test.h
nghttp2-1.43.0/src/buffer_test.cc
nghttp2-1.43.0/src/nghttp2_gzip_test.h
nghttp2-1.43.0/src/nghttp2_gzip_test.c
nghttp2-1.43.0/src/util_test.h
nghttp2-1.43.0/src/util_test.cc
nghttp2-1.43.0/src/http2_test.h
nghttp2-1.43.0/src/http2_test.cc
nghttp2-1.43.0/src/shrpx_router_test.h
nghttp2-1.43.0/src/shrpx_router_test.cc
nghttp2-1.43.0/src/shrpx_http_test.h
nghttp2-1.43.0/src/shrpx_http_test.cc
nghttp2-1.43.0/src/shrpx_worker_test.h
nghttp2-1.43.0/src/shrpx_worker_test.cc
nghttp2-1.43.0/src/shrpx_config_test.h
nghttp2-1.43.0/src/shrpx_config_test.cc
nghttp2-1.43.0/src/shrpx_downstream_test.h
nghttp2-1.43.0/src/shrpx_downstream_test.cc
nghttp2-1.43.0/src/shrpx_tls_test.h
nghttp2-1.43.0/src/shrpx_tls_test.cc
nghttp2-1.43.0/src/shrpx-unittest.cc
nghttp2-1.43.0/src/shrpx.h
nghttp2-1.43.0/src/shrpx.cc
nghttp2-1.43.0/src/HttpServer.h
nghttp2-1.43.0/src/HttpServer.cc
nghttp2-1.43.0/src/nghttpd.cc
nghttp2-1.43.0/src/HtmlParser.h
nghttp2-1.43.0/src/HtmlParser.cc
nghttp2-1.43.0/src/nghttp.h
nghttp2-1.43.0/src/nghttp.cc
nghttp2-1.43.0/src/network.h
nghttp2-1.43.0/src/nghttp2_gzip.h
nghttp2-1.43.0/src/nghttp2_config.h
nghttp2-1.43.0/src/nghttp2_gzip.c
nghttp2-1.43.0/src/inflatehd.cc
nghttp2-1.43.0/src/h2load_http1_session.h
nghttp2-1.43.0/src/h2load_http1_session.cc
nghttp2-1.43.0/src/h2load_http2_session.h
nghttp2-1.43.0/src/h2load_http2_session.cc
nghttp2-1.43.0/src/h2load_session.h
nghttp2-1.43.0/src/h2load.h
nghttp2-1.43.0/src/h2load.cc
nghttp2-1.43.0/src/comp_helper.h
nghttp2-1.43.0/src/comp_helper.c
nghttp2-1.43.0/src/deflatehd.cc
nghttp2-1.43.0/src/asio_client_tls_context.h
nghttp2-1.43.0/src/asio_client_tls_context.cc
nghttp2-1.43.0/src/asio_client_stream.h
nghttp2-1.43.0/src/asio_client_stream.cc
nghttp2-1.43.0/src/asio_client_request_impl.h
nghttp2-1.43.0/src/asio_client_request_impl.cc
nghttp2-1.43.0/src/asio_client_request.cc
nghttp2-1.43.0/src/asio_client_response_impl.h
nghttp2-1.43.0/src/asio_client_response_impl.cc
nghttp2-1.43.0/src/asio_client_response.cc
nghttp2-1.43.0/src/asio_client_session_tls_impl.h
nghttp2-1.43.0/src/asio_client_session_tls_impl.cc
nghttp2-1.43.0/src/asio_client_session_tcp_impl.h
nghttp2-1.43.0/src/asio_client_session_tcp_impl.cc
nghttp2-1.43.0/src/asio_client_session_impl.h
nghttp2-1.43.0/src/asio_client_session_impl.cc
nghttp2-1.43.0/src/asio_client_session.cc
nghttp2-1.43.0/src/asio_server_tls_context.h
nghttp2-1.43.0/src/asio_server_tls_context.cc
nghttp2-1.43.0/src/asio_server_request_handler.h
nghttp2-1.43.0/src/asio_server_request_handler.cc
nghttp2-1.43.0/src/asio_server_serve_mux.h
nghttp2-1.43.0/src/asio_server_serve_mux.cc
nghttp2-1.43.0/src/asio_server_stream.h
nghttp2-1.43.0/src/asio_server_stream.cc
nghttp2-1.43.0/src/asio_server_response_impl.h
nghttp2-1.43.0/src/asio_server_response_impl.cc
nghttp2-1.43.0/src/asio_server_response.cc
nghttp2-1.43.0/src/asio_server_request_impl.h
nghttp2-1.43.0/src/asio_server_request_impl.cc
nghttp2-1.43.0/src/asio_server_request.cc
nghttp2-1.43.0/src/asio_server_connection.h
nghttp2-1.43.0/src/asio_server_http2_handler.h
nghttp2-1.43.0/src/asio_server_http2_handler.cc
nghttp2-1.43.0/src/asio_server.h
nghttp2-1.43.0/src/asio_server.cc
nghttp2-1.43.0/src/asio_server_http2_impl.h
nghttp2-1.43.0/src/asio_server_http2_impl.cc
nghttp2-1.43.0/src/asio_server_http2.cc
nghttp2-1.43.0/src/asio_io_service_pool.h
nghttp2-1.43.0/src/asio_io_service_pool.cc
nghttp2-1.43.0/src/asio_common.h
nghttp2-1.43.0/src/asio_common.cc
nghttp2-1.43.0/src/ssl_compat.h
nghttp2-1.43.0/src/shrpx_mruby_module_response.h
nghttp2-1.43.0/src/shrpx_mruby_module_response.cc
nghttp2-1.43.0/src/shrpx_mruby_module_request.h
nghttp2-1.43.0/src/shrpx_mruby_module_request.cc
nghttp2-1.43.0/src/shrpx_mruby_module_env.h
nghttp2-1.43.0/src/shrpx_mruby_module_env.cc
nghttp2-1.43.0/src/shrpx_mruby_module.h
nghttp2-1.43.0/src/shrpx_mruby_module.cc
nghttp2-1.43.0/src/shrpx_mruby.h
nghttp2-1.43.0/src/shrpx_mruby.cc
nghttp2-1.43.0/src/xsi_strerror.h
nghttp2-1.43.0/src/xsi_strerror.c
nghttp2-1.43.0/src/allocator.h
nghttp2-1.43.0/src/template.h
nghttp2-1.43.0/src/memchunk.h
nghttp2-1.43.0/src/buffer.h
nghttp2-1.43.0/src/shrpx_dns_tracker.h
nghttp2-1.43.0/src/shrpx_dns_tracker.cc
nghttp2-1.43.0/src/shrpx_dual_dns_resolver.h
nghttp2-1.43.0/src/shrpx_dual_dns_resolver.cc
nghttp2-1.43.0/src/shrpx_dns_resolver.h
nghttp2-1.43.0/src/shrpx_dns_resolver.cc
nghttp2-1.43.0/src/shrpx_exec.h
nghttp2-1.43.0/src/shrpx_exec.cc
nghttp2-1.43.0/src/shrpx_health_monitor_downstream_connection.h
nghttp2-1.43.0/src/shrpx_health_monitor_downstream_connection.cc
nghttp2-1.43.0/src/shrpx_api_downstream_connection.h
nghttp2-1.43.0/src/shrpx_api_downstream_connection.cc
nghttp2-1.43.0/src/shrpx_router.h
nghttp2-1.43.0/src/shrpx_router.cc
nghttp2-1.43.0/src/shrpx_signal.h
nghttp2-1.43.0/src/shrpx_signal.cc
nghttp2-1.43.0/src/shrpx_process.h
nghttp2-1.43.0/src/shrpx_worker_process.h
nghttp2-1.43.0/src/shrpx_worker_process.cc
nghttp2-1.43.0/src/shrpx_memcached_result.h
nghttp2-1.43.0/src/shrpx_memcached_request.h
nghttp2-1.43.0/src/shrpx_memcached_connection.h
nghttp2-1.43.0/src/shrpx_memcached_connection.cc
nghttp2-1.43.0/src/shrpx_memcached_dispatcher.h
nghttp2-1.43.0/src/shrpx_memcached_dispatcher.cc
nghttp2-1.43.0/src/shrpx_connection.h
nghttp2-1.43.0/src/shrpx_connection.cc
nghttp2-1.43.0/src/shrpx_rate_limit.h
nghttp2-1.43.0/src/shrpx_rate_limit.cc
nghttp2-1.43.0/src/shrpx_downstream_connection_pool.h
nghttp2-1.43.0/src/shrpx_downstream_connection_pool.cc
nghttp2-1.43.0/src/shrpx_live_check.h
nghttp2-1.43.0/src/shrpx_live_check.cc
nghttp2-1.43.0/src/shrpx_connect_blocker.h
nghttp2-1.43.0/src/shrpx_connect_blocker.cc
nghttp2-1.43.0/src/shrpx_log_config.h
nghttp2-1.43.0/src/shrpx_log_config.cc
nghttp2-1.43.0/src/shrpx_worker.h
nghttp2-1.43.0/src/shrpx_worker.cc
nghttp2-1.43.0/src/shrpx_tls.h
nghttp2-1.43.0/src/shrpx_tls.cc
nghttp2-1.43.0/src/shrpx_io_control.h
nghttp2-1.43.0/src/shrpx_io_control.cc
nghttp2-1.43.0/src/shrpx_http.h
nghttp2-1.43.0/src/shrpx_http.cc
nghttp2-1.43.0/src/shrpx_log.h
nghttp2-1.43.0/src/shrpx_log.cc
nghttp2-1.43.0/src/shrpx_downstream_queue.h
nghttp2-1.43.0/src/shrpx_downstream_queue.cc
nghttp2-1.43.0/src/shrpx_http2_session.h
nghttp2-1.43.0/src/shrpx_http2_session.cc
nghttp2-1.43.0/src/shrpx_http2_downstream_connection.h
nghttp2-1.43.0/src/shrpx_http2_downstream_connection.cc
nghttp2-1.43.0/src/shrpx_http_downstream_connection.h
nghttp2-1.43.0/src/shrpx_http_downstream_connection.cc
nghttp2-1.43.0/src/shrpx_downstream_connection.h
nghttp2-1.43.0/src/shrpx_downstream_connection.cc
nghttp2-1.43.0/src/shrpx_downstream.h
nghttp2-1.43.0/src/shrpx_downstream.cc
nghttp2-1.43.0/src/shrpx_https_upstream.h
nghttp2-1.43.0/src/shrpx_https_upstream.cc
nghttp2-1.43.0/src/shrpx_http2_upstream.h
nghttp2-1.43.0/src/shrpx_http2_upstream.cc
nghttp2-1.43.0/src/shrpx_upstream.h
nghttp2-1.43.0/src/shrpx_client_handler.h
nghttp2-1.43.0/src/shrpx_client_handler.cc
nghttp2-1.43.0/src/shrpx_connection_handler.h
nghttp2-1.43.0/src/shrpx_connection_handler.cc
nghttp2-1.43.0/src/shrpx_accept_handler.h
nghttp2-1.43.0/src/shrpx_accept_handler.cc
nghttp2-1.43.0/src/shrpx_error.h
nghttp2-1.43.0/src/shrpx_config.h
nghttp2-1.43.0/src/shrpx_config.cc
nghttp2-1.43.0/src/tls.h
nghttp2-1.43.0/src/tls.cc
nghttp2-1.43.0/src/app_helper.h
nghttp2-1.43.0/src/app_helper.cc
nghttp2-1.43.0/src/base64.h
nghttp2-1.43.0/src/timegm.h
nghttp2-1.43.0/src/timegm.c
nghttp2-1.43.0/src/http2.h
nghttp2-1.43.0/src/http2.cc
nghttp2-1.43.0/src/util.h
nghttp2-1.43.0/src/util.cc
nghttp2-1.43.0/src/libnghttp2_asio.pc.in
nghttp2-1.43.0/src/Makefile.in
nghttp2-1.43.0/src/Makefile.am
nghttp2-1.43.0/third-party/
nghttp2-1.43.0/third-party/build_config.rb
nghttp2-1.43.0/third-party/CMakeLists.txt
nghttp2-1.43.0/third-party/Makefile.in
nghttp2-1.43.0/third-party/Makefile.am
nghttp2-1.43.0/third-party/url-parser/
nghttp2-1.43.0/third-party/url-parser/url_parser.h
nghttp2-1.43.0/third-party/url-parser/url_parser.c
nghttp2-1.43.0/third-party/neverbleed/
nghttp2-1.43.0/third-party/neverbleed/neverbleed.h
nghttp2-1.43.0/third-party/neverbleed/neverbleed.c
nghttp2-1.43.0/third-party/mruby/
nghttp2-1.43.0/third-party/mruby/travis_config.rb
nghttp2-1.43.0/third-party/mruby/test/
nghttp2-1.43.0/third-party/mruby/test/t/
nghttp2-1.43.0/third-party/mruby/test/t/vformat.rb
nghttp2-1.43.0/third-party/mruby/test/t/unicode.rb
nghttp2-1.43.0/third-party/mruby/test/t/typeerror.rb
nghttp2-1.43.0/third-party/mruby/test/t/true.rb
nghttp2-1.43.0/third-party/mruby/test/t/syntax.rb
nghttp2-1.43.0/third-party/mruby/test/t/symbol.rb
nghttp2-1.43.0/third-party/mruby/test/t/superclass.rb
nghttp2-1.43.0/third-party/mruby/test/t/string.rb
nghttp2-1.43.0/third-party/mruby/test/t/standarderror.rb
nghttp2-1.43.0/third-party/mruby/test/t/runtimeerror.rb
nghttp2-1.43.0/third-party/mruby/test/t/regexperror.rb
nghttp2-1.43.0/third-party/mruby/test/t/rangeerror.rb
nghttp2-1.43.0/third-party/mruby/test/t/range.rb
nghttp2-1.43.0/third-party/mruby/test/t/proc.rb
nghttp2-1.43.0/third-party/mruby/test/t/object.rb
nghttp2-1.43.0/third-party/mruby/test/t/numeric.rb
nghttp2-1.43.0/third-party/mruby/test/t/nomethoderror.rb
nghttp2-1.43.0/third-party/mruby/test/t/nil.rb
nghttp2-1.43.0/third-party/mruby/test/t/nameerror.rb
nghttp2-1.43.0/third-party/mruby/test/t/module.rb
nghttp2-1.43.0/third-party/mruby/test/t/methods.rb
nghttp2-1.43.0/third-party/mruby/test/t/localjumperror.rb
nghttp2-1.43.0/third-party/mruby/test/t/literals.rb
nghttp2-1.43.0/third-party/mruby/test/t/lang.rb
nghttp2-1.43.0/third-party/mruby/test/t/kernel.rb
nghttp2-1.43.0/third-party/mruby/test/t/iterations.rb
nghttp2-1.43.0/third-party/mruby/test/t/integer.rb
nghttp2-1.43.0/third-party/mruby/test/t/indexerror.rb
nghttp2-1.43.0/third-party/mruby/test/t/hash.rb
nghttp2-1.43.0/third-party/mruby/test/t/gc.rb
nghttp2-1.43.0/third-party/mruby/test/t/float.rb
nghttp2-1.43.0/third-party/mruby/test/t/false.rb
nghttp2-1.43.0/third-party/mruby/test/t/exception.rb
nghttp2-1.43.0/third-party/mruby/test/t/enumerable.rb
nghttp2-1.43.0/third-party/mruby/test/t/ensure.rb
nghttp2-1.43.0/third-party/mruby/test/t/comparable.rb
nghttp2-1.43.0/third-party/mruby/test/t/codegen.rb
nghttp2-1.43.0/third-party/mruby/test/t/class.rb
nghttp2-1.43.0/third-party/mruby/test/t/bs_literal.rb
nghttp2-1.43.0/third-party/mruby/test/t/bs_block.rb
nghttp2-1.43.0/third-party/mruby/test/t/basicobject.rb
nghttp2-1.43.0/third-party/mruby/test/t/array.rb
nghttp2-1.43.0/third-party/mruby/test/t/argumenterror.rb
nghttp2-1.43.0/third-party/mruby/test/bintest.rb
nghttp2-1.43.0/third-party/mruby/test/assert.rb
nghttp2-1.43.0/third-party/mruby/tasks/
nghttp2-1.43.0/third-party/mruby/tasks/toolchains/
nghttp2-1.43.0/third-party/mruby/tasks/toolchains/visualcpp.rake
nghttp2-1.43.0/third-party/mruby/tasks/toolchains/openwrt.rake
nghttp2-1.43.0/third-party/mruby/tasks/toolchains/gcc.rake
nghttp2-1.43.0/third-party/mruby/tasks/toolchains/clang.rake
nghttp2-1.43.0/third-party/mruby/tasks/toolchains/android.rake
nghttp2-1.43.0/third-party/mruby/tasks/mrbgems.rake
nghttp2-1.43.0/third-party/mruby/tasks/libmruby.rake
nghttp2-1.43.0/third-party/mruby/tasks/gitlab.rake
nghttp2-1.43.0/third-party/mruby/tasks/doc.rake
nghttp2-1.43.0/third-party/mruby/tasks/benchmark.rake
nghttp2-1.43.0/third-party/mruby/src/
nghttp2-1.43.0/third-party/mruby/src/vm.c
nghttp2-1.43.0/third-party/mruby/src/version.c
nghttp2-1.43.0/third-party/mruby/src/variable.c
nghttp2-1.43.0/third-party/mruby/src/value_array.h
nghttp2-1.43.0/third-party/mruby/src/symbol.c
nghttp2-1.43.0/third-party/mruby/src/string.c
nghttp2-1.43.0/third-party/mruby/src/state.c
nghttp2-1.43.0/third-party/mruby/src/range.c
nghttp2-1.43.0/third-party/mruby/src/proc.c
nghttp2-1.43.0/third-party/mruby/src/print.c
nghttp2-1.43.0/third-party/mruby/src/pool.c
nghttp2-1.43.0/third-party/mruby/src/opcode.h
nghttp2-1.43.0/third-party/mruby/src/object.c
nghttp2-1.43.0/third-party/mruby/src/numeric.c
nghttp2-1.43.0/third-party/mruby/src/mruby_core.rake
nghttp2-1.43.0/third-party/mruby/src/load.c
nghttp2-1.43.0/third-party/mruby/src/kernel.c
nghttp2-1.43.0/third-party/mruby/src/init.c
nghttp2-1.43.0/third-party/mruby/src/hash.c
nghttp2-1.43.0/third-party/mruby/src/gc.c
nghttp2-1.43.0/third-party/mruby/src/fmt_fp.c
nghttp2-1.43.0/third-party/mruby/src/etc.c
nghttp2-1.43.0/third-party/mruby/src/error.h
nghttp2-1.43.0/third-party/mruby/src/error.c
nghttp2-1.43.0/third-party/mruby/src/enum.c
nghttp2-1.43.0/third-party/mruby/src/dump.c
nghttp2-1.43.0/third-party/mruby/src/debug.c
nghttp2-1.43.0/third-party/mruby/src/crc.c
nghttp2-1.43.0/third-party/mruby/src/compar.c
nghttp2-1.43.0/third-party/mruby/src/codedump.c
nghttp2-1.43.0/third-party/mruby/src/class.c
nghttp2-1.43.0/third-party/mruby/src/backtrace.c
nghttp2-1.43.0/third-party/mruby/src/array.c
nghttp2-1.43.0/third-party/mruby/oss-fuzz/
nghttp2-1.43.0/third-party/mruby/oss-fuzz/ruby.proto
nghttp2-1.43.0/third-party/mruby/oss-fuzz/proto_to_ruby.h
nghttp2-1.43.0/third-party/mruby/oss-fuzz/proto_to_ruby.cpp
nghttp2-1.43.0/third-party/mruby/oss-fuzz/mruby_proto_fuzzer.cpp
nghttp2-1.43.0/third-party/mruby/oss-fuzz/mruby_fuzzer.c
nghttp2-1.43.0/third-party/mruby/oss-fuzz/config/
nghttp2-1.43.0/third-party/mruby/oss-fuzz/config/mruby_proto_fuzzer.options
nghttp2-1.43.0/third-party/mruby/oss-fuzz/config/mruby_fuzzer.options
nghttp2-1.43.0/third-party/mruby/oss-fuzz/config/mruby.dict
nghttp2-1.43.0/third-party/mruby/mruby-source.gemspec
nghttp2-1.43.0/third-party/mruby/mrblib/
nghttp2-1.43.0/third-party/mruby/mrblib/symbol.rb
nghttp2-1.43.0/third-party/mruby/mrblib/string.rb
nghttp2-1.43.0/third-party/mruby/mrblib/range.rb
nghttp2-1.43.0/third-party/mruby/mrblib/numeric.rb
nghttp2-1.43.0/third-party/mruby/mrblib/mrblib.rake
nghttp2-1.43.0/third-party/mruby/mrblib/kernel.rb
nghttp2-1.43.0/third-party/mruby/mrblib/init_mrblib.c
nghttp2-1.43.0/third-party/mruby/mrblib/hash.rb
nghttp2-1.43.0/third-party/mruby/mrblib/enum.rb
nghttp2-1.43.0/third-party/mruby/mrblib/compar.rb
nghttp2-1.43.0/third-party/mruby/mrblib/array.rb
nghttp2-1.43.0/third-party/mruby/mrblib/10error.rb
nghttp2-1.43.0/third-party/mruby/mrblib/00class.rb
nghttp2-1.43.0/third-party/mruby/mrbgems/
nghttp2-1.43.0/third-party/mruby/mrbgems/mruby-toplevel-ext/
nghttp2-1.43.0/third-party/mruby/mrbgems/mruby-toplevel-ext/test/
nghttp2-1.43.0/third-party/mruby/mrbgems/mruby-toplevel-ext/test/toplevel.rb
nghttp2-1.43.0/third-party/mruby/mrbgems/mruby-toplevel-ext/mrblib/
nghttp2-1.43.0/third-party/mruby/mrbgems/mruby-toplevel-ext/mrblib/toplevel.rb
nghttp2-1.43.0/third-party/mruby/mrbgems/mruby-toplevel-ext/mrbgem.rake
nghttp2-1.43.0/third-party/mruby/mrbgems/mruby-time/
nghttp2-1.43.0/third-party/mruby/mrbgems/mruby-time/test/
nghttp2-1.43.0/third-party/mruby/mrbgems/mruby-time/test/time.rb
nghttp2-1.43.0/third-party/mruby/mrbgems/mruby-time/src/
nghttp2-1.43.0/third-party/mruby/mrbgems/mruby-time/src/time.c
nghttp2-1.43.0/third-party/mruby/mrbgems/mruby-time/mrblib/
nghttp2-1.43.0/third-party/mruby/mrbgems/mruby-time/mrblib/time.rb
nghttp2-1.43.0/third-party/mruby/mrbgems/mruby-time/mrbgem.rake
nghttp2-1.43.0/third-party/mruby/mrbgems/mruby-time/include/
nghttp2-1.43.0/third-party/mruby/mrbgems/mruby-time/include/mruby/
nghttp2-1.43.0/third-party/mruby/mrbgems/mruby-time/include/mruby/time.h
nghttp2-1.43.0/third-party/mruby/mrbgems/mruby-test/
nghttp2-1.43.0/third-party/mruby/mrbgems/mruby-test/vformat.c
nghttp2-1.43.0/third-party/mruby/mrbgems/mruby-test/mrbgem.rake
nghttp2-1.43.0/third-party/mruby/mrbgems/mruby-test/driver.c
nghttp2-1.43.0/third-party/mruby/mrbgems/mruby-test/README.md
nghttp2-1.43.0/third-party/mruby/mrbgems/mruby-symbol-ext/
nghttp2-1.43.0/third-party/mruby/mrbgems/mruby-symbol-ext/test/
nghttp2-1.43.0/third-party/mruby/mrbgems/mruby-symbol-ext/test/symbol.rb
nghttp2-1.43.0/third-party/mruby/mrbgems/mruby-symbol-ext/src/
nghttp2-1.43.0/third-party/mruby/mrbgems/mruby-symbol-ext/src/symbol.c
nghttp2-1.43.0/third-party/mruby/mrbgems/mruby-symbol-ext/mrblib/
nghttp2-1.43.0/third-party/mruby/mrbgems/mruby-symbol-ext/mrblib/symbol.rb
nghttp2-1.43.0/third-party/mruby/mrbgems/mruby-symbol-ext/mrbgem.rake
nghttp2-1.43.0/third-party/mruby/mrbgems/mruby-struct/
nghttp2-1.43.0/third-party/mruby/mrbgems/mruby-struct/test/
nghttp2-1.43.0/third-party/mruby/mrbgems/mruby-struct/test/struct.rb
nghttp2-1.43.0/third-party/mruby/mrbgems/mruby-struct/src/
nghttp2-1.43.0/third-party/mruby/mrbgems/mruby-struct/src/struct.c
nghttp2-1.43.0/third-party/mruby/mrbgems/mruby-struct/mrblib/
nghttp2-1.43.0/third-party/mruby/mrbgems/mruby-struct/mrblib/struct.rb
nghttp2-1.43.0/third-party/mruby/mrbgems/mruby-struct/mrbgem.rake
nghttp2-1.43.0/third-party/mruby/mrbgems/mruby-string-ext/
nghttp2-1.43.0/third-party/mruby/mrbgems/mruby-string-ext/test/
nghttp2-1.43.0/third-party/mruby/mrbgems/mruby-string-ext/test/string.rb
nghttp2-1.43.0/third-party/mruby/mrbgems/mruby-string-ext/test/range.rb
nghttp2-1.43.0/third-party/mruby/mrbgems/mruby-string-ext/test/numeric.rb
nghttp2-1.43.0/third-party/mruby/mrbgems/mruby-string-ext/src/
nghttp2-1.43.0/third-party/mruby/mrbgems/mruby-string-ext/src/string.c
nghttp2-1.43.0/third-party/mruby/mrbgems/mruby-string-ext/mrblib/
nghttp2-1.43.0/third-party/mruby/mrbgems/mruby-string-ext/mrblib/string.rb
nghttp2-1.43.0/third-party/mruby/mrbgems/mruby-string-ext/mrbgem.rake
nghttp2-1.43.0/third-party/mruby/mrbgems/mruby-sprintf/
nghttp2-1.43.0/third-party/mruby/mrbgems/mruby-sprintf/test/
nghttp2-1.43.0/third-party/mruby/mrbgems/mruby-sprintf/test/sprintf.rb
nghttp2-1.43.0/third-party/mruby/mrbgems/mruby-sprintf/src/
nghttp2-1.43.0/third-party/mruby/mrbgems/mruby-sprintf/src/sprintf.c
nghttp2-1.43.0/third-party/mruby/mrbgems/mruby-sprintf/src/kernel.c
nghttp2-1.43.0/third-party/mruby/mrbgems/mruby-sprintf/mrblib/
nghttp2-1.43.0/third-party/mruby/mrbgems/mruby-sprintf/mrblib/string.rb
nghttp2-1.43.0/third-party/mruby/mrbgems/mruby-sprintf/mrbgem.rake
nghttp2-1.43.0/third-party/mruby/mrbgems/mruby-socket/
nghttp2-1.43.0/third-party/mruby/mrbgems/mruby-socket/test/
nghttp2-1.43.0/third-party/mruby/mrbgems/mruby-socket/test/unix.rb
nghttp2-1.43.0/third-party/mruby/mrbgems/mruby-socket/test/udpsocket.rb
nghttp2-1.43.0/third-party/mruby/mrbgems/mruby-socket/test/tcpsocket.rb
nghttp2-1.43.0/third-party/mruby/mrbgems/mruby-socket/test/sockettest.c
nghttp2-1.43.0/third-party/mruby/mrbgems/mruby-socket/test/socket.rb
nghttp2-1.43.0/third-party/mruby/mrbgems/mruby-socket/test/ipsocket.rb
nghttp2-1.43.0/third-party/mruby/mrbgems/mruby-socket/test/basicsocket.rb
nghttp2-1.43.0/third-party/mruby/mrbgems/mruby-socket/test/addrinfo.rb
nghttp2-1.43.0/third-party/mruby/mrbgems/mruby-socket/src/
nghttp2-1.43.0/third-party/mruby/mrbgems/mruby-socket/src/socket.c
nghttp2-1.43.0/third-party/mruby/mrbgems/mruby-socket/src/gen.rb
nghttp2-1.43.0/third-party/mruby/mrbgems/mruby-socket/src/const.def
nghttp2-1.43.0/third-party/mruby/mrbgems/mruby-socket/src/const.cstub
nghttp2-1.43.0/third-party/mruby/mrbgems/mruby-socket/mrblib/
nghttp2-1.43.0/third-party/mruby/mrbgems/mruby-socket/mrblib/socket.rb
nghttp2-1.43.0/third-party/mruby/mrbgems/mruby-socket/mrbgem.rake
nghttp2-1.43.0/third-party/mruby/mrbgems/mruby-socket/README.md
nghttp2-1.43.0/third-party/mruby/mrbgems/mruby-sleep/
nghttp2-1.43.0/third-party/mruby/mrbgems/mruby-sleep/test/
nghttp2-1.43.0/third-party/mruby/mrbgems/mruby-sleep/test/sleep_test.rb
nghttp2-1.43.0/third-party/mruby/mrbgems/mruby-sleep/src/
nghttp2-1.43.0/third-party/mruby/mrbgems/mruby-sleep/src/mrb_sleep.c
nghttp2-1.43.0/third-party/mruby/mrbgems/mruby-sleep/mrbgem.rake
nghttp2-1.43.0/third-party/mruby/mrbgems/mruby-sleep/example/
nghttp2-1.43.0/third-party/mruby/mrbgems/mruby-sleep/example/sleep.rb
nghttp2-1.43.0/third-party/mruby/mrbgems/mruby-sleep/README.md
nghttp2-1.43.0/third-party/mruby/mrbgems/mruby-rational/
nghttp2-1.43.0/third-party/mruby/mrbgems/mruby-rational/test/
nghttp2-1.43.0/third-party/mruby/mrbgems/mruby-rational/test/rational.rb
nghttp2-1.43.0/third-party/mruby/mrbgems/mruby-rational/src/
nghttp2-1.43.0/third-party/mruby/mrbgems/mruby-rational/src/rational.c
nghttp2-1.43.0/third-party/mruby/mrbgems/mruby-rational/mrblib/
nghttp2-1.43.0/third-party/mruby/mrbgems/mruby-rational/mrblib/rational.rb
nghttp2-1.43.0/third-party/mruby/mrbgems/mruby-rational/mrbgem.rake
nghttp2-1.43.0/third-party/mruby/mrbgems/mruby-range-ext/
nghttp2-1.43.0/third-party/mruby/mrbgems/mruby-range-ext/test/
nghttp2-1.43.0/third-party/mruby/mrbgems/mruby-range-ext/test/range.rb
nghttp2-1.43.0/third-party/mruby/mrbgems/mruby-range-ext/src/
nghttp2-1.43.0/third-party/mruby/mrbgems/mruby-range-ext/src/range.c
nghttp2-1.43.0/third-party/mruby/mrbgems/mruby-range-ext/mrblib/
nghttp2-1.43.0/third-party/mruby/mrbgems/mruby-range-ext/mrblib/range.rb
nghttp2-1.43.0/third-party/mruby/mrbgems/mruby-range-ext/mrbgem.rake
nghttp2-1.43.0/third-party/mruby/mrbgems/mruby-random/
nghttp2-1.43.0/third-party/mruby/mrbgems/mruby-random/test/
nghttp2-1.43.0/third-party/mruby/mrbgems/mruby-random/test/random.rb
nghttp2-1.43.0/third-party/mruby/mrbgems/mruby-random/src/
nghttp2-1.43.0/third-party/mruby/mrbgems/mruby-random/src/random.c
nghttp2-1.43.0/third-party/mruby/mrbgems/mruby-random/mrbgem.rake
nghttp2-1.43.0/third-party/mruby/mrbgems/mruby-proc-ext/
nghttp2-1.43.0/third-party/mruby/mrbgems/mruby-proc-ext/test/
nghttp2-1.43.0/third-party/mruby/mrbgems/mruby-proc-ext/test/proc.rb
nghttp2-1.43.0/third-party/mruby/mrbgems/mruby-proc-ext/test/proc.c
nghttp2-1.43.0/third-party/mruby/mrbgems/mruby-proc-ext/src/
nghttp2-1.43.0/third-party/mruby/mrbgems/mruby-proc-ext/src/proc.c
nghttp2-1.43.0/third-party/mruby/mrbgems/mruby-proc-ext/mrblib/
nghttp2-1.43.0/third-party/mruby/mrbgems/mruby-proc-ext/mrblib/proc.rb
nghttp2-1.43.0/third-party/mruby/mrbgems/mruby-proc-ext/mrbgem.rake
nghttp2-1.43.0/third-party/mruby/mrbgems/mruby-print/
nghttp2-1.43.0/third-party/mruby/mrbgems/mruby-print/src/
nghttp2-1.43.0/third-party/mruby/mrbgems/mruby-print/src/print.c
nghttp2-1.43.0/third-party/mruby/mrbgems/mruby-print/mrblib/
nghttp2-1.43.0/third-party/mruby/mrbgems/mruby-print/mrblib/print.rb
nghttp2-1.43.0/third-party/mruby/mrbgems/mruby-print/mrbgem.rake
nghttp2-1.43.0/third-party/mruby/mrbgems/mruby-pack/
nghttp2-1.43.0/third-party/mruby/mrbgems/mruby-pack/test/
nghttp2-1.43.0/third-party/mruby/mrbgems/mruby-pack/test/pack.rb
nghttp2-1.43.0/third-party/mruby/mrbgems/mruby-pack/src/
nghttp2-1.43.0/third-party/mruby/mrbgems/mruby-pack/src/pack.c
nghttp2-1.43.0/third-party/mruby/mrbgems/mruby-pack/mrbgem.rake
nghttp2-1.43.0/third-party/mruby/mrbgems/mruby-pack/README.md
nghttp2-1.43.0/third-party/mruby/mrbgems/mruby-objectspace/
nghttp2-1.43.0/third-party/mruby/mrbgems/mruby-objectspace/test/
nghttp2-1.43.0/third-party/mruby/mrbgems/mruby-objectspace/test/objectspace.rb
nghttp2-1.43.0/third-party/mruby/mrbgems/mruby-objectspace/src/
nghttp2-1.43.0/third-party/mruby/mrbgems/mruby-objectspace/src/mruby_objectspace.c
nghttp2-1.43.0/third-party/mruby/mrbgems/mruby-objectspace/mrbgem.rake
nghttp2-1.43.0/third-party/mruby/mrbgems/mruby-object-ext/
nghttp2-1.43.0/third-party/mruby/mrbgems/mruby-object-ext/test/
nghttp2-1.43.0/third-party/mruby/mrbgems/mruby-object-ext/test/object.rb
nghttp2-1.43.0/third-party/mruby/mrbgems/mruby-object-ext/test/nil.rb
nghttp2-1.43.0/third-party/mruby/mrbgems/mruby-object-ext/src/
nghttp2-1.43.0/third-party/mruby/mrbgems/mruby-object-ext/src/object.c
nghttp2-1.43.0/third-party/mruby/mrbgems/mruby-object-ext/mrblib/
nghttp2-1.43.0/third-party/mruby/mrbgems/mruby-object-ext/mrblib/object.rb
nghttp2-1.43.0/third-party/mruby/mrbgems/mruby-object-ext/mrbgem.rake
nghttp2-1.43.0/third-party/mruby/mrbgems/mruby-numeric-ext/
nghttp2-1.43.0/third-party/mruby/mrbgems/mruby-numeric-ext/test/
nghttp2-1.43.0/third-party/mruby/mrbgems/mruby-numeric-ext/test/numeric.rb
nghttp2-1.43.0/third-party/mruby/mrbgems/mruby-numeric-ext/src/
nghttp2-1.43.0/third-party/mruby/mrbgems/mruby-numeric-ext/src/numeric_ext.c
nghttp2-1.43.0/third-party/mruby/mrbgems/mruby-numeric-ext/mrblib/
nghttp2-1.43.0/third-party/mruby/mrbgems/mruby-numeric-ext/mrblib/numeric_ext.rb
nghttp2-1.43.0/third-party/mruby/mrbgems/mruby-numeric-ext/mrbgem.rake
nghttp2-1.43.0/third-party/mruby/mrbgems/mruby-method/
nghttp2-1.43.0/third-party/mruby/mrbgems/mruby-method/test/
nghttp2-1.43.0/third-party/mruby/mrbgems/mruby-method/test/method.rb
nghttp2-1.43.0/third-party/mruby/mrbgems/mruby-method/src/
nghttp2-1.43.0/third-party/mruby/mrbgems/mruby-method/src/method.c
nghttp2-1.43.0/third-party/mruby/mrbgems/mruby-method/mrblib/
nghttp2-1.43.0/third-party/mruby/mrbgems/mruby-method/mrblib/method.rb
nghttp2-1.43.0/third-party/mruby/mrbgems/mruby-method/mrblib/kernel.rb
nghttp2-1.43.0/third-party/mruby/mrbgems/mruby-method/mrbgem.rake
nghttp2-1.43.0/third-party/mruby/mrbgems/mruby-method/README.md
nghttp2-1.43.0/third-party/mruby/mrbgems/mruby-metaprog/
nghttp2-1.43.0/third-party/mruby/mrbgems/mruby-metaprog/test/
nghttp2-1.43.0/third-party/mruby/mrbgems/mruby-metaprog/test/metaprog.rb
nghttp2-1.43.0/third-party/mruby/mrbgems/mruby-metaprog/src/
nghttp2-1.43.0/third-party/mruby/mrbgems/mruby-metaprog/src/metaprog.c
nghttp2-1.43.0/third-party/mruby/mrbgems/mruby-metaprog/mrbgem.rake
nghttp2-1.43.0/third-party/mruby/mrbgems/mruby-math/
nghttp2-1.43.0/third-party/mruby/mrbgems/mruby-math/test/
nghttp2-1.43.0/third-party/mruby/mrbgems/mruby-math/test/math.rb
nghttp2-1.43.0/third-party/mruby/mrbgems/mruby-math/src/
nghttp2-1.43.0/third-party/mruby/mrbgems/mruby-math/src/math.c
nghttp2-1.43.0/third-party/mruby/mrbgems/mruby-math/mrbgem.rake
nghttp2-1.43.0/third-party/mruby/mrbgems/mruby-kernel-ext/
nghttp2-1.43.0/third-party/mruby/mrbgems/mruby-kernel-ext/test/
nghttp2-1.43.0/third-party/mruby/mrbgems/mruby-kernel-ext/test/kernel.rb
nghttp2-1.43.0/third-party/mruby/mrbgems/mruby-kernel-ext/src/
nghttp2-1.43.0/third-party/mruby/mrbgems/mruby-kernel-ext/src/kernel.c
nghttp2-1.43.0/third-party/mruby/mrbgems/mruby-kernel-ext/mrbgem.rake
nghttp2-1.43.0/third-party/mruby/mrbgems/mruby-io/
nghttp2-1.43.0/third-party/mruby/mrbgems/mruby-io/test/
nghttp2-1.43.0/third-party/mruby/mrbgems/mruby-io/test/mruby_io_test.c
nghttp2-1.43.0/third-party/mruby/mrbgems/mruby-io/test/io.rb
nghttp2-1.43.0/third-party/mruby/mrbgems/mruby-io/test/file_test.rb
nghttp2-1.43.0/third-party/mruby/mrbgems/mruby-io/test/file.rb
nghttp2-1.43.0/third-party/mruby/mrbgems/mruby-io/src/
nghttp2-1.43.0/third-party/mruby/mrbgems/mruby-io/src/mruby_io_gem.c
nghttp2-1.43.0/third-party/mruby/mrbgems/mruby-io/src/io.c
nghttp2-1.43.0/third-party/mruby/mrbgems/mruby-io/src/file_test.c
nghttp2-1.43.0/third-party/mruby/mrbgems/mruby-io/src/file.c
nghttp2-1.43.0/third-party/mruby/mrbgems/mruby-io/mrblib/
nghttp2-1.43.0/third-party/mruby/mrbgems/mruby-io/mrblib/kernel.rb
nghttp2-1.43.0/third-party/mruby/mrbgems/mruby-io/mrblib/io.rb
nghttp2-1.43.0/third-party/mruby/mrbgems/mruby-io/mrblib/file_constants.rb
nghttp2-1.43.0/third-party/mruby/mrbgems/mruby-io/mrblib/file.rb
nghttp2-1.43.0/third-party/mruby/mrbgems/mruby-io/mrbgem.rake
nghttp2-1.43.0/third-party/mruby/mrbgems/mruby-io/include/
nghttp2-1.43.0/third-party/mruby/mrbgems/mruby-io/include/mruby/
nghttp2-1.43.0/third-party/mruby/mrbgems/mruby-io/include/mruby/ext/
nghttp2-1.43.0/third-party/mruby/mrbgems/mruby-io/include/mruby/ext/io.h
nghttp2-1.43.0/third-party/mruby/mrbgems/mruby-io/README.md
nghttp2-1.43.0/third-party/mruby/mrbgems/mruby-inline-struct/
nghttp2-1.43.0/third-party/mruby/mrbgems/mruby-inline-struct/test/
nghttp2-1.43.0/third-party/mruby/mrbgems/mruby-inline-struct/test/inline.rb
nghttp2-1.43.0/third-party/mruby/mrbgems/mruby-inline-struct/test/inline.c
nghttp2-1.43.0/third-party/mruby/mrbgems/mruby-inline-struct/mrbgem.rake
nghttp2-1.43.0/third-party/mruby/mrbgems/mruby-hash-ext/
nghttp2-1.43.0/third-party/mruby/mrbgems/mruby-hash-ext/test/
nghttp2-1.43.0/third-party/mruby/mrbgems/mruby-hash-ext/test/hash.rb
nghttp2-1.43.0/third-party/mruby/mrbgems/mruby-hash-ext/src/
nghttp2-1.43.0/third-party/mruby/mrbgems/mruby-hash-ext/src/hash-ext.c
nghttp2-1.43.0/third-party/mruby/mrbgems/mruby-hash-ext/mrblib/
nghttp2-1.43.0/third-party/mruby/mrbgems/mruby-hash-ext/mrblib/hash.rb
nghttp2-1.43.0/third-party/mruby/mrbgems/mruby-hash-ext/mrbgem.rake
nghttp2-1.43.0/third-party/mruby/mrbgems/mruby-fiber/
nghttp2-1.43.0/third-party/mruby/mrbgems/mruby-fiber/test/
nghttp2-1.43.0/third-party/mruby/mrbgems/mruby-fiber/test/fiber.rb
nghttp2-1.43.0/third-party/mruby/mrbgems/mruby-fiber/src/
nghttp2-1.43.0/third-party/mruby/mrbgems/mruby-fiber/src/fiber.c
nghttp2-1.43.0/third-party/mruby/mrbgems/mruby-fiber/mrbgem.rake
nghttp2-1.43.0/third-party/mruby/mrbgems/mruby-exit/
nghttp2-1.43.0/third-party/mruby/mrbgems/mruby-exit/src/
nghttp2-1.43.0/third-party/mruby/mrbgems/mruby-exit/src/mruby-exit.c
nghttp2-1.43.0/third-party/mruby/mrbgems/mruby-exit/mrbgem.rake
nghttp2-1.43.0/third-party/mruby/mrbgems/mruby-eval/
nghttp2-1.43.0/third-party/mruby/mrbgems/mruby-eval/test/
nghttp2-1.43.0/third-party/mruby/mrbgems/mruby-eval/test/eval.rb
nghttp2-1.43.0/third-party/mruby/mrbgems/mruby-eval/src/
nghttp2-1.43.0/third-party/mruby/mrbgems/mruby-eval/src/eval.c
nghttp2-1.43.0/third-party/mruby/mrbgems/mruby-eval/mrbgem.rake
nghttp2-1.43.0/third-party/mruby/mrbgems/mruby-error/
nghttp2-1.43.0/third-party/mruby/mrbgems/mruby-error/test/
nghttp2-1.43.0/third-party/mruby/mrbgems/mruby-error/test/exception.rb
nghttp2-1.43.0/third-party/mruby/mrbgems/mruby-error/test/exception.c
nghttp2-1.43.0/third-party/mruby/mrbgems/mruby-error/src/
nghttp2-1.43.0/third-party/mruby/mrbgems/mruby-error/src/exception.c
nghttp2-1.43.0/third-party/mruby/mrbgems/mruby-error/mrbgem.rake
nghttp2-1.43.0/third-party/mruby/mrbgems/mruby-enumerator/
nghttp2-1.43.0/third-party/mruby/mrbgems/mruby-enumerator/test/
nghttp2-1.43.0/third-party/mruby/mrbgems/mruby-enumerator/test/enumerator.rb
nghttp2-1.43.0/third-party/mruby/mrbgems/mruby-enumerator/mrblib/
nghttp2-1.43.0/third-party/mruby/mrbgems/mruby-enumerator/mrblib/enumerator.rb
nghttp2-1.43.0/third-party/mruby/mrbgems/mruby-enumerator/mrbgem.rake
nghttp2-1.43.0/third-party/mruby/mrbgems/mruby-enum-lazy/
nghttp2-1.43.0/third-party/mruby/mrbgems/mruby-enum-lazy/test/
nghttp2-1.43.0/third-party/mruby/mrbgems/mruby-enum-lazy/test/lazy.rb
nghttp2-1.43.0/third-party/mruby/mrbgems/mruby-enum-lazy/mrblib/
nghttp2-1.43.0/third-party/mruby/mrbgems/mruby-enum-lazy/mrblib/lazy.rb
nghttp2-1.43.0/third-party/mruby/mrbgems/mruby-enum-lazy/mrbgem.rake
nghttp2-1.43.0/third-party/mruby/mrbgems/mruby-enum-ext/
nghttp2-1.43.0/third-party/mruby/mrbgems/mruby-enum-ext/test/
nghttp2-1.43.0/third-party/mruby/mrbgems/mruby-enum-ext/test/enum.rb
nghttp2-1.43.0/third-party/mruby/mrbgems/mruby-enum-ext/mrblib/
nghttp2-1.43.0/third-party/mruby/mrbgems/mruby-enum-ext/mrblib/enum.rb
nghttp2-1.43.0/third-party/mruby/mrbgems/mruby-enum-ext/mrbgem.rake
nghttp2-1.43.0/third-party/mruby/mrbgems/mruby-enum-chain/
nghttp2-1.43.0/third-party/mruby/mrbgems/mruby-enum-chain/test/
nghttp2-1.43.0/third-party/mruby/mrbgems/mruby-enum-chain/test/enum_chain.rb
nghttp2-1.43.0/third-party/mruby/mrbgems/mruby-enum-chain/mrblib/
nghttp2-1.43.0/third-party/mruby/mrbgems/mruby-enum-chain/mrblib/chain.rb
nghttp2-1.43.0/third-party/mruby/mrbgems/mruby-enum-chain/mrbgem.rake
nghttp2-1.43.0/third-party/mruby/mrbgems/mruby-complex/
nghttp2-1.43.0/third-party/mruby/mrbgems/mruby-complex/test/
nghttp2-1.43.0/third-party/mruby/mrbgems/mruby-complex/test/complex.rb
nghttp2-1.43.0/third-party/mruby/mrbgems/mruby-complex/src/
nghttp2-1.43.0/third-party/mruby/mrbgems/mruby-complex/src/complex.c
nghttp2-1.43.0/third-party/mruby/mrbgems/mruby-complex/mrblib/
nghttp2-1.43.0/third-party/mruby/mrbgems/mruby-complex/mrblib/complex.rb
nghttp2-1.43.0/third-party/mruby/mrbgems/mruby-complex/mrbgem.rake
nghttp2-1.43.0/third-party/mruby/mrbgems/mruby-compiler/
nghttp2-1.43.0/third-party/mruby/mrbgems/mruby-compiler/mrbgem.rake
nghttp2-1.43.0/third-party/mruby/mrbgems/mruby-compiler/core/
nghttp2-1.43.0/third-party/mruby/mrbgems/mruby-compiler/core/y.tab.c
nghttp2-1.43.0/third-party/mruby/mrbgems/mruby-compiler/core/parse.y
nghttp2-1.43.0/third-party/mruby/mrbgems/mruby-compiler/core/node.h
nghttp2-1.43.0/third-party/mruby/mrbgems/mruby-compiler/core/lex.def
nghttp2-1.43.0/third-party/mruby/mrbgems/mruby-compiler/core/keywords
nghttp2-1.43.0/third-party/mruby/mrbgems/mruby-compiler/core/codegen.c
nghttp2-1.43.0/third-party/mruby/mrbgems/mruby-compiler/bintest/
nghttp2-1.43.0/third-party/mruby/mrbgems/mruby-compiler/bintest/mrbc.rb
nghttp2-1.43.0/third-party/mruby/mrbgems/mruby-compar-ext/
nghttp2-1.43.0/third-party/mruby/mrbgems/mruby-compar-ext/mrblib/
nghttp2-1.43.0/third-party/mruby/mrbgems/mruby-compar-ext/mrblib/compar.rb
nghttp2-1.43.0/third-party/mruby/mrbgems/mruby-compar-ext/mrbgem.rake
nghttp2-1.43.0/third-party/mruby/mrbgems/mruby-class-ext/
nghttp2-1.43.0/third-party/mruby/mrbgems/mruby-class-ext/test/
nghttp2-1.43.0/third-party/mruby/mrbgems/mruby-class-ext/test/module.rb
nghttp2-1.43.0/third-party/mruby/mrbgems/mruby-class-ext/src/
nghttp2-1.43.0/third-party/mruby/mrbgems/mruby-class-ext/src/class.c
nghttp2-1.43.0/third-party/mruby/mrbgems/mruby-class-ext/mrblib/
nghttp2-1.43.0/third-party/mruby/mrbgems/mruby-class-ext/mrblib/module.rb
nghttp2-1.43.0/third-party/mruby/mrbgems/mruby-class-ext/mrbgem.rake
nghttp2-1.43.0/third-party/mruby/mrbgems/mruby-bin-strip/
nghttp2-1.43.0/third-party/mruby/mrbgems/mruby-bin-strip/tools/
nghttp2-1.43.0/third-party/mruby/mrbgems/mruby-bin-strip/tools/mruby-strip/
nghttp2-1.43.0/third-party/mruby/mrbgems/mruby-bin-strip/tools/mruby-strip/mruby-strip.c
nghttp2-1.43.0/third-party/mruby/mrbgems/mruby-bin-strip/mrbgem.rake
nghttp2-1.43.0/third-party/mruby/mrbgems/mruby-bin-strip/bintest/
nghttp2-1.43.0/third-party/mruby/mrbgems/mruby-bin-strip/bintest/mruby-strip.rb
nghttp2-1.43.0/third-party/mruby/mrbgems/mruby-bin-mruby/
nghttp2-1.43.0/third-party/mruby/mrbgems/mruby-bin-mruby/tools/
nghttp2-1.43.0/third-party/mruby/mrbgems/mruby-bin-mruby/tools/mruby/
nghttp2-1.43.0/third-party/mruby/mrbgems/mruby-bin-mruby/tools/mruby/mruby.c
nghttp2-1.43.0/third-party/mruby/mrbgems/mruby-bin-mruby/mrbgem.rake
nghttp2-1.43.0/third-party/mruby/mrbgems/mruby-bin-mruby/bintest/
nghttp2-1.43.0/third-party/mruby/mrbgems/mruby-bin-mruby/bintest/mruby.rb
nghttp2-1.43.0/third-party/mruby/mrbgems/mruby-bin-mrbc/
nghttp2-1.43.0/third-party/mruby/mrbgems/mruby-bin-mrbc/tools/
nghttp2-1.43.0/third-party/mruby/mrbgems/mruby-bin-mrbc/tools/mrbc/
nghttp2-1.43.0/third-party/mruby/mrbgems/mruby-bin-mrbc/tools/mrbc/mrbc.c
nghttp2-1.43.0/third-party/mruby/mrbgems/mruby-bin-mrbc/mrbgem.rake
nghttp2-1.43.0/third-party/mruby/mrbgems/mruby-bin-mirb/
nghttp2-1.43.0/third-party/mruby/mrbgems/mruby-bin-mirb/tools/
nghttp2-1.43.0/third-party/mruby/mrbgems/mruby-bin-mirb/tools/mirb/
nghttp2-1.43.0/third-party/mruby/mrbgems/mruby-bin-mirb/tools/mirb/mirb.c
nghttp2-1.43.0/third-party/mruby/mrbgems/mruby-bin-mirb/mrbgem.rake
nghttp2-1.43.0/third-party/mruby/mrbgems/mruby-bin-mirb/bintest/
nghttp2-1.43.0/third-party/mruby/mrbgems/mruby-bin-mirb/bintest/mirb.rb
nghttp2-1.43.0/third-party/mruby/mrbgems/mruby-bin-debugger/
nghttp2-1.43.0/third-party/mruby/mrbgems/mruby-bin-debugger/tools/
nghttp2-1.43.0/third-party/mruby/mrbgems/mruby-bin-debugger/tools/mrdb/
nghttp2-1.43.0/third-party/mruby/mrbgems/mruby-bin-debugger/tools/mrdb/mrdberror.h
nghttp2-1.43.0/third-party/mruby/mrbgems/mruby-bin-debugger/tools/mrdb/mrdbconf.h
nghttp2-1.43.0/third-party/mruby/mrbgems/mruby-bin-debugger/tools/mrdb/mrdb.h
nghttp2-1.43.0/third-party/mruby/mrbgems/mruby-bin-debugger/tools/mrdb/mrdb.c
nghttp2-1.43.0/third-party/mruby/mrbgems/mruby-bin-debugger/tools/mrdb/cmdrun.c
nghttp2-1.43.0/third-party/mruby/mrbgems/mruby-bin-debugger/tools/mrdb/cmdprint.c
nghttp2-1.43.0/third-party/mruby/mrbgems/mruby-bin-debugger/tools/mrdb/cmdmisc.c
nghttp2-1.43.0/third-party/mruby/mrbgems/mruby-bin-debugger/tools/mrdb/cmdbreak.c
nghttp2-1.43.0/third-party/mruby/mrbgems/mruby-bin-debugger/tools/mrdb/apiprint.h
nghttp2-1.43.0/third-party/mruby/mrbgems/mruby-bin-debugger/tools/mrdb/apiprint.c
nghttp2-1.43.0/third-party/mruby/mrbgems/mruby-bin-debugger/tools/mrdb/apilist.h
nghttp2-1.43.0/third-party/mruby/mrbgems/mruby-bin-debugger/tools/mrdb/apilist.c
nghttp2-1.43.0/third-party/mruby/mrbgems/mruby-bin-debugger/tools/mrdb/apibreak.h
nghttp2-1.43.0/third-party/mruby/mrbgems/mruby-bin-debugger/tools/mrdb/apibreak.c
nghttp2-1.43.0/third-party/mruby/mrbgems/mruby-bin-debugger/mrbgem.rake
nghttp2-1.43.0/third-party/mruby/mrbgems/mruby-bin-debugger/bintest/
nghttp2-1.43.0/third-party/mruby/mrbgems/mruby-bin-debugger/bintest/print.rb
nghttp2-1.43.0/third-party/mruby/mrbgems/mruby-bin-debugger/bintest/mrdb.rb
nghttp2-1.43.0/third-party/mruby/mrbgems/mruby-bin-config/
nghttp2-1.43.0/third-party/mruby/mrbgems/mruby-bin-config/mruby-config.bat
nghttp2-1.43.0/third-party/mruby/mrbgems/mruby-bin-config/mruby-config
nghttp2-1.43.0/third-party/mruby/mrbgems/mruby-bin-config/mrbgem.rake
nghttp2-1.43.0/third-party/mruby/mrbgems/mruby-array-ext/
nghttp2-1.43.0/third-party/mruby/mrbgems/mruby-array-ext/test/
nghttp2-1.43.0/third-party/mruby/mrbgems/mruby-array-ext/test/array.rb
nghttp2-1.43.0/third-party/mruby/mrbgems/mruby-array-ext/src/
nghttp2-1.43.0/third-party/mruby/mrbgems/mruby-array-ext/src/array.c
nghttp2-1.43.0/third-party/mruby/mrbgems/mruby-array-ext/mrblib/
nghttp2-1.43.0/third-party/mruby/mrbgems/mruby-array-ext/mrblib/array.rb
nghttp2-1.43.0/third-party/mruby/mrbgems/mruby-array-ext/mrbgem.rake
nghttp2-1.43.0/third-party/mruby/mrbgems/full-core.gembox
nghttp2-1.43.0/third-party/mruby/mrbgems/default.gembox
nghttp2-1.43.0/third-party/mruby/minirake
nghttp2-1.43.0/third-party/mruby/lib/
nghttp2-1.43.0/third-party/mruby/lib/mruby/
nghttp2-1.43.0/third-party/mruby/lib/mruby/source.rb
nghttp2-1.43.0/third-party/mruby/lib/mruby/lockfile.rb
nghttp2-1.43.0/third-party/mruby/lib/mruby/gem.rb
nghttp2-1.43.0/third-party/mruby/lib/mruby/build/
nghttp2-1.43.0/third-party/mruby/lib/mruby/build/load_gems.rb
nghttp2-1.43.0/third-party/mruby/lib/mruby/build/command.rb
nghttp2-1.43.0/third-party/mruby/lib/mruby/build.rb
nghttp2-1.43.0/third-party/mruby/lib/mruby-core-ext.rb
nghttp2-1.43.0/third-party/mruby/include/
nghttp2-1.43.0/third-party/mruby/include/mruby/
nghttp2-1.43.0/third-party/mruby/include/mruby/version.h
nghttp2-1.43.0/third-party/mruby/include/mruby/variable.h
nghttp2-1.43.0/third-party/mruby/include/mruby/value.h
nghttp2-1.43.0/third-party/mruby/include/mruby/throw.h
nghttp2-1.43.0/third-party/mruby/include/mruby/string.h
nghttp2-1.43.0/third-party/mruby/include/mruby/re.h
nghttp2-1.43.0/third-party/mruby/include/mruby/range.h
nghttp2-1.43.0/third-party/mruby/include/mruby/proc.h
nghttp2-1.43.0/third-party/mruby/include/mruby/ops.h
nghttp2-1.43.0/third-party/mruby/include/mruby/opcode.h
nghttp2-1.43.0/third-party/mruby/include/mruby/object.h
nghttp2-1.43.0/third-party/mruby/include/mruby/numeric.h
nghttp2-1.43.0/third-party/mruby/include/mruby/khash.h
nghttp2-1.43.0/third-party/mruby/include/mruby/istruct.h
nghttp2-1.43.0/third-party/mruby/include/mruby/irep.h
nghttp2-1.43.0/third-party/mruby/include/mruby/hash.h
nghttp2-1.43.0/third-party/mruby/include/mruby/gc.h
nghttp2-1.43.0/third-party/mruby/include/mruby/error.h
nghttp2-1.43.0/third-party/mruby/include/mruby/dump.h
nghttp2-1.43.0/third-party/mruby/include/mruby/debug.h
nghttp2-1.43.0/third-party/mruby/include/mruby/data.h
nghttp2-1.43.0/third-party/mruby/include/mruby/compile.h
nghttp2-1.43.0/third-party/mruby/include/mruby/common.h
nghttp2-1.43.0/third-party/mruby/include/mruby/class.h
nghttp2-1.43.0/third-party/mruby/include/mruby/boxing_word.h
nghttp2-1.43.0/third-party/mruby/include/mruby/boxing_no.h
nghttp2-1.43.0/third-party/mruby/include/mruby/boxing_nan.h
nghttp2-1.43.0/third-party/mruby/include/mruby/array.h
nghttp2-1.43.0/third-party/mruby/include/mruby.h
nghttp2-1.43.0/third-party/mruby/include/mrbconf.h
nghttp2-1.43.0/third-party/mruby/examples/
nghttp2-1.43.0/third-party/mruby/examples/targets/
nghttp2-1.43.0/third-party/mruby/examples/targets/build_config_dreamcast_shelf.rb
nghttp2-1.43.0/third-party/mruby/examples/targets/build_config_chipKITMax32.rb
nghttp2-1.43.0/third-party/mruby/examples/targets/build_config_android_armeabi_v7a_neon_hard.rb
nghttp2-1.43.0/third-party/mruby/examples/targets/build_config_android_armeabi.rb
nghttp2-1.43.0/third-party/mruby/examples/targets/build_config_android_arm64-v8a.rb
nghttp2-1.43.0/third-party/mruby/examples/targets/build_config_RX630.rb
nghttp2-1.43.0/third-party/mruby/examples/targets/build_config_IntelGalileo.rb
nghttp2-1.43.0/third-party/mruby/examples/targets/build_config_IntelEdison.rb
nghttp2-1.43.0/third-party/mruby/examples/targets/build_config_ArduinoDue.rb
nghttp2-1.43.0/third-party/mruby/examples/mrbgems/
nghttp2-1.43.0/third-party/mruby/examples/mrbgems/ruby_extension_example/
nghttp2-1.43.0/third-party/mruby/examples/mrbgems/ruby_extension_example/test/
nghttp2-1.43.0/third-party/mruby/examples/mrbgems/ruby_extension_example/test/example.rb
nghttp2-1.43.0/third-party/mruby/examples/mrbgems/ruby_extension_example/mrblib/
nghttp2-1.43.0/third-party/mruby/examples/mrbgems/ruby_extension_example/mrblib/example.rb
nghttp2-1.43.0/third-party/mruby/examples/mrbgems/ruby_extension_example/mrbgem.rake
nghttp2-1.43.0/third-party/mruby/examples/mrbgems/ruby_extension_example/README.md
nghttp2-1.43.0/third-party/mruby/examples/mrbgems/c_extension_example/
nghttp2-1.43.0/third-party/mruby/examples/mrbgems/c_extension_example/test/
nghttp2-1.43.0/third-party/mruby/examples/mrbgems/c_extension_example/test/example.rb
nghttp2-1.43.0/third-party/mruby/examples/mrbgems/c_extension_example/test/example.c
nghttp2-1.43.0/third-party/mruby/examples/mrbgems/c_extension_example/src/
nghttp2-1.43.0/third-party/mruby/examples/mrbgems/c_extension_example/src/example.c
nghttp2-1.43.0/third-party/mruby/examples/mrbgems/c_extension_example/mrbgem.rake
nghttp2-1.43.0/third-party/mruby/examples/mrbgems/c_extension_example/README.md
nghttp2-1.43.0/third-party/mruby/examples/mrbgems/c_and_ruby_extension_example/
nghttp2-1.43.0/third-party/mruby/examples/mrbgems/c_and_ruby_extension_example/test/
nghttp2-1.43.0/third-party/mruby/examples/mrbgems/c_and_ruby_extension_example/test/example.rb
nghttp2-1.43.0/third-party/mruby/examples/mrbgems/c_and_ruby_extension_example/src/
nghttp2-1.43.0/third-party/mruby/examples/mrbgems/c_and_ruby_extension_example/src/example.c
nghttp2-1.43.0/third-party/mruby/examples/mrbgems/c_and_ruby_extension_example/mrblib/
nghttp2-1.43.0/third-party/mruby/examples/mrbgems/c_and_ruby_extension_example/mrblib/example.rb
nghttp2-1.43.0/third-party/mruby/examples/mrbgems/c_and_ruby_extension_example/mrbgem.rake
nghttp2-1.43.0/third-party/mruby/examples/mrbgems/c_and_ruby_extension_example/README.md
nghttp2-1.43.0/third-party/mruby/doc/
nghttp2-1.43.0/third-party/mruby/doc/opcode.md
nghttp2-1.43.0/third-party/mruby/doc/mruby_logo_red_icon.png
nghttp2-1.43.0/third-party/mruby/doc/limitations.md
nghttp2-1.43.0/third-party/mruby/doc/guides/
nghttp2-1.43.0/third-party/mruby/doc/guides/mrbgems.md
nghttp2-1.43.0/third-party/mruby/doc/guides/mrbconf.md
nghttp2-1.43.0/third-party/mruby/doc/guides/gc-arena-howto.md
nghttp2-1.43.0/third-party/mruby/doc/guides/debugger.md
nghttp2-1.43.0/third-party/mruby/doc/guides/compile.md
nghttp2-1.43.0/third-party/mruby/build_config.rb
nghttp2-1.43.0/third-party/mruby/benchmark/
nghttp2-1.43.0/third-party/mruby/benchmark/plot.gpl
nghttp2-1.43.0/third-party/mruby/benchmark/build_config_cc.rb
nghttp2-1.43.0/third-party/mruby/benchmark/build_config_boxing.rb
nghttp2-1.43.0/third-party/mruby/benchmark/bm_so_lists.rb
nghttp2-1.43.0/third-party/mruby/benchmark/bm_fib.rb
nghttp2-1.43.0/third-party/mruby/benchmark/bm_app_lc_fizzbuzz.rb
nghttp2-1.43.0/third-party/mruby/benchmark/bm_ao_render.rb
nghttp2-1.43.0/third-party/mruby/appveyor_config.rb
nghttp2-1.43.0/third-party/mruby/appveyor.yml
nghttp2-1.43.0/third-party/mruby/TODO
nghttp2-1.43.0/third-party/mruby/Rakefile
nghttp2-1.43.0/third-party/mruby/README.md
nghttp2-1.43.0/third-party/mruby/NEWS
nghttp2-1.43.0/third-party/mruby/Makefile
nghttp2-1.43.0/third-party/mruby/LICENSE
nghttp2-1.43.0/third-party/mruby/LEGAL
nghttp2-1.43.0/third-party/mruby/Doxyfile
nghttp2-1.43.0/third-party/mruby/CONTRIBUTING.md
nghttp2-1.43.0/third-party/mruby/AUTHORS
nghttp2-1.43.0/third-party/llhttp/
nghttp2-1.43.0/third-party/llhttp/src/
nghttp2-1.43.0/third-party/llhttp/src/llhttp.c
nghttp2-1.43.0/third-party/llhttp/src/http.c
nghttp2-1.43.0/third-party/llhttp/src/api.c
nghttp2-1.43.0/third-party/llhttp/include/
nghttp2-1.43.0/third-party/llhttp/include/llhttp.h
nghttp2-1.43.0/depcomp
nghttp2-1.43.0/CMakeOptions.txt
nghttp2-1.43.0/CMakeLists.txt
nghttp2-1.43.0/cmakeconfig.h.in
nghttp2-1.43.0/Dockerfile.android
nghttp2-1.43.0/android-make
nghttp2-1.43.0/android-config
nghttp2-1.43.0/proxy.pac.sample
nghttp2-1.43.0/nghttpx.conf.sample
nghttp2-1.43.0/missing
nghttp2-1.43.0/ltmain.sh
nghttp2-1.43.0/install-sh
nghttp2-1.43.0/config.sub
nghttp2-1.43.0/config.guess
nghttp2-1.43.0/compile
nghttp2-1.43.0/README
nghttp2-1.43.0/NEWS
nghttp2-1.43.0/INSTALL
nghttp2-1.43.0/ChangeLog
nghttp2-1.43.0/COPYING
nghttp2-1.43.0/AUTHORS
nghttp2-1.43.0/config.h.in
nghttp2-1.43.0/Makefile.in
nghttp2-1.43.0/README.rst
nghttp2-1.43.0/aclocal.m4
nghttp2-1.43.0/configure.ac
nghttp2-1.43.0/configure
nghttp2-1.43.0/Makefile.am
nghttp2-1.43.0/m4/
nghttp2-1.43.0/m4/lt~obsolete.m4
nghttp2-1.43.0/m4/ltversion.m4
nghttp2-1.43.0/m4/ltsugar.m4
nghttp2-1.43.0/m4/ltoptions.m4
nghttp2-1.43.0/m4/libtool.m4
nghttp2-1.43.0/m4/ax_python_devel.m4
nghttp2-1.43.0/m4/ax_cxx_compile_stdcxx.m4
nghttp2-1.43.0/m4/ax_check_compile_flag.m4
nghttp2-1.43.0/m4/ax_boost_thread.m4
nghttp2-1.43.0/m4/ax_boost_system.m4
nghttp2-1.43.0/m4/ax_boost_base.m4
nghttp2-1.43.0/m4/ax_boost_asio.m4
nghttp2-1.43.0/lib/
nghttp2-1.43.0/lib/version.rc.in
nghttp2-1.43.0/lib/CMakeLists.txt
nghttp2-1.43.0/lib/Makefile.msvc
nghttp2-1.43.0/lib/nghttp2_ksl.c
nghttp2-1.43.0/lib/nghttp2_debug.c
nghttp2-1.43.0/lib/nghttp2_rcbuf.c
nghttp2-1.43.0/lib/nghttp2_http.c
nghttp2-1.43.0/lib/nghttp2_mem.c
nghttp2-1.43.0/lib/nghttp2_callbacks.c
nghttp2-1.43.0/lib/nghttp2_option.c
nghttp2-1.43.0/lib/nghttp2_priority_spec.c
nghttp2-1.43.0/lib/nghttp2_version.c
nghttp2-1.43.0/lib/nghttp2_hd_huffman_data.c
nghttp2-1.43.0/lib/nghttp2_hd_huffman.c
nghttp2-1.43.0/lib/nghttp2_hd.c
nghttp2-1.43.0/lib/nghttp2_npn.c
nghttp2-1.43.0/lib/nghttp2_helper.c
nghttp2-1.43.0/lib/nghttp2_submit.c
nghttp2-1.43.0/lib/nghttp2_session.c
nghttp2-1.43.0/lib/nghttp2_outbound_item.c
nghttp2-1.43.0/lib/nghttp2_stream.c
nghttp2-1.43.0/lib/nghttp2_buf.c
nghttp2-1.43.0/lib/nghttp2_frame.c
nghttp2-1.43.0/lib/nghttp2_queue.c
nghttp2-1.43.0/lib/nghttp2_map.c
nghttp2-1.43.0/lib/nghttp2_pq.c
nghttp2-1.43.0/lib/nghttp2_ksl.h
nghttp2-1.43.0/lib/nghttp2_debug.h
nghttp2-1.43.0/lib/nghttp2_rcbuf.h
nghttp2-1.43.0/lib/nghttp2_http.h
nghttp2-1.43.0/lib/nghttp2_mem.h
nghttp2-1.43.0/lib/nghttp2_callbacks.h
nghttp2-1.43.0/lib/nghttp2_option.h
nghttp2-1.43.0/lib/nghttp2_priority_spec.h
nghttp2-1.43.0/lib/nghttp2_hd_huffman.h
nghttp2-1.43.0/lib/nghttp2_hd.h
nghttp2-1.43.0/lib/nghttp2_net.h
nghttp2-1.43.0/lib/nghttp2_outbound_item.h
nghttp2-1.43.0/lib/nghttp2_submit.h
nghttp2-1.43.0/lib/nghttp2_npn.h
nghttp2-1.43.0/lib/nghttp2_stream.h
nghttp2-1.43.0/lib/nghttp2_helper.h
nghttp2-1.43.0/lib/nghttp2_session.h
nghttp2-1.43.0/lib/nghttp2_buf.h
nghttp2-1.43.0/lib/nghttp2_frame.h
nghttp2-1.43.0/lib/nghttp2_queue.h
nghttp2-1.43.0/lib/nghttp2_map.h
nghttp2-1.43.0/lib/nghttp2_int.h
nghttp2-1.43.0/lib/nghttp2_pq.h
nghttp2-1.43.0/lib/libnghttp2.pc.in
nghttp2-1.43.0/lib/Makefile.in
nghttp2-1.43.0/lib/Makefile.am
nghttp2-1.43.0/lib/includes/
nghttp2-1.43.0/lib/includes/CMakeLists.txt
nghttp2-1.43.0/lib/includes/Makefile.in
nghttp2-1.43.0/lib/includes/Makefile.am
nghttp2-1.43.0/lib/includes/nghttp2/
nghttp2-1.43.0/lib/includes/nghttp2/nghttp2ver.h
nghttp2-1.43.0/lib/includes/nghttp2/nghttp2.h
nghttp2-1.43.0/lib/includes/nghttp2/nghttp2ver.h.in
nghttp2-1.43.0/cmake/
nghttp2-1.43.0/cmake/FindSystemd.cmake
nghttp2-1.43.0/cmake/FindLibcares.cmake
nghttp2-1.43.0/cmake/FindJansson.cmake
nghttp2-1.43.0/cmake/FindLibevent.cmake
nghttp2-1.43.0/cmake/FindCython.cmake
nghttp2-1.43.0/cmake/Version.cmake
nghttp2-1.43.0/cmake/FindCUnit.cmake
nghttp2-1.43.0/cmake/FindLibev.cmake
nghttp2-1.43.0/cmake/FindJemalloc.cmake
nghttp2-1.43.0/cmake/ExtractValidFlags.cmake
checking for gcc... gcc
checking whether the C compiler works... yes
checking for C compiler default output file name... a.out
checking for suffix of executables... 
checking whether we are cross compiling... no
checking for suffix of object files... o
checking whether we are using the GNU C compiler... yes
checking whether gcc accepts -g... yes
checking for gcc option to accept ISO C89... none needed
checking whether gcc understands -c and -o together... yes
checking how to run the C preprocessor... gcc -E
checking for grep that handles long lines and -e... /usr/bin/grep
checking for egrep... /usr/bin/grep -E
checking for ANSI C header files... yes
checking for sys/types.h... yes
checking for sys/stat.h... yes
checking for stdlib.h... yes
checking for string.h... yes
checking for memory.h... yes
checking for strings.h... yes
checking for inttypes.h... yes
checking for stdint.h... yes
checking for unistd.h... yes
checking minix/config.h usability... no
checking minix/config.h presence... no
checking for minix/config.h... no
checking whether it is safe to define __EXTENSIONS__... yes
checking build system type... x86_64-slackware-linux-musl
checking host system type... x86_64-slackware-linux-musl
checking how to print strings... printf
checking for a sed that does not truncate output... /usr/bin/sed
checking for fgrep... /usr/bin/grep -F
checking for ld used by gcc... /usr/bin/ld
checking if the linker (/usr/bin/ld) is GNU ld... yes
checking for BSD- or MS-compatible name lister (nm)... /usr/bin/nm -B
checking the name lister (/usr/bin/nm -B) interface... BSD nm
checking whether ln -s works... yes
checking the maximum length of command line arguments... 98304
checking how to convert x86_64-slackware-linux-musl file names to x86_64-slackware-linux-musl format... func_convert_file_noop
checking how to convert x86_64-slackware-linux-musl file names to toolchain format... func_convert_file_noop
checking for /usr/bin/ld option to reload object files... -r
checking for objdump... objdump
checking how to recognize dependent libraries... pass_all
checking for dlltool... dlltool
checking how to associate runtime and link libraries... printf %s\n
checking for ar... ar
checking for archiver @FILE support... @
checking for strip... strip
checking for ranlib... ranlib
checking for gawk... gawk
checking command to parse /usr/bin/nm -B output from gcc object... ok
checking for sysroot... no
checking for a working dd... /usr/bin/dd
checking how to truncate binary pipes... /usr/bin/dd bs=4096 count=1
checking for mt... mt
checking if mt is a manifest tool... no
checking for dlfcn.h... yes
checking for objdir... .libs
checking if gcc supports -fno-rtti -fno-exceptions... no
checking for gcc option to produce PIC... -fPIC -DPIC
checking if gcc PIC flag -fPIC -DPIC works... yes
checking if gcc static flag -static works... yes
checking if gcc supports -c -o file.o... yes
checking if gcc supports -c -o file.o... (cached) yes
checking whether the gcc linker (/usr/bin/ld -m elf_x86_64) supports shared libraries... yes
checking whether -lc should be explicitly linked in... no
checking dynamic linker characteristics... GNU/Linux ld.so
checking how to hardcode library paths into programs... immediate
checking whether stripping libraries is possible... yes
checking if libtool supports shared libraries... yes
checking whether to build shared libraries... yes
checking whether to build static libraries... no
checking target system type... x86_64-slackware-linux-musl
checking for a BSD-compatible install... /usr/bin/ginstall -c
checking whether build environment is sane... yes
checking for a thread-safe mkdir -p... /usr/bin/mkdir -p
checking whether make sets $(MAKE)... yes
checking whether make supports the include directive... yes (GNU style)
checking whether make supports nested variables... yes
checking dependency style of gcc... gcc3
checking whether make supports nested variables... (cached) yes
checking for gcc... (cached) gcc
checking whether we are using the GNU C compiler... (cached) yes
checking whether gcc accepts -g... (cached) yes
checking for gcc option to accept ISO C89... (cached) none needed
checking whether gcc understands -c and -o together... (cached) yes
checking for g++... g++
checking whether we are using the GNU C++ compiler... yes
checking whether g++ accepts -g... yes
checking how to run the C++ preprocessor... g++ -E
checking for ld used by g++... /usr/bin/ld -m elf_x86_64
checking if the linker (/usr/bin/ld -m elf_x86_64) is GNU ld... yes
checking whether the g++ linker (/usr/bin/ld -m elf_x86_64) supports shared libraries... yes
checking for g++ option to produce PIC... -fPIC -DPIC
checking if g++ PIC flag -fPIC -DPIC works... yes
checking if g++ static flag -static works... yes
checking if g++ supports -c -o file.o... yes
checking if g++ supports -c -o file.o... (cached) yes
checking whether the g++ linker (/usr/bin/ld -m elf_x86_64) supports shared libraries... yes
checking dynamic linker characteristics... (cached) GNU/Linux ld.so
checking how to hardcode library paths into programs... immediate
checking dependency style of g++... gcc3
checking how to run the C preprocessor... gcc -E
checking whether ln -s works... yes
checking whether make sets $(MAKE)... (cached) yes
checking pkg-config is at least version 0.20... yes
checking for a Python interpreter with version >= 3.8... python3
checking for python3... /usr/bin/python3
checking for python3 version... 3.9
checking for python3 platform... linux
checking for python3 script directory... ${prefix}/lib/python3.9/site-packages
checking for python3 extension module directory... ${exec_prefix}/lib/python3.9/site-packages
checking for cython.py... no
checking for cython... cython
checking whether g++ supports C++14 features with -std=c++14... yes
checking whether std::future is available... yes
checking whether std::map::emplace is available... yes
checking whether std::atomic_* overloads for std::shared_ptr are available... yes
checking whether thread_local storage class specifier is available.... yes
checking for zlib >= 1.2.3... yes
checking for library containing dlopen... none required
checking for cunit >= 2.1... no
configure: WARNING: No package 'cunit' found
checking for CU_initialize_registry in -lcunit... no
checking for ev_time in -lev... no
checking for openssl >= 1.0.1... yes
checking for libcares >= 1.7.5... no
configure: No package 'libcares' found
checking for libevent_openssl >= 2.0.8... yes
checking for jansson >= 2.5... yes
checking for libsystemd >= 209... no
configure: No package 'libsystemd' found
checking for libxml-2.0 >= 2.6.26... yes
checking for library containing malloc_stats_print... -ljemalloc
checking whether to enable assertions... yes
checking arpa/inet.h usability... yes
checking arpa/inet.h presence... yes
checking for arpa/inet.h... yes
checking fcntl.h usability... yes
checking fcntl.h presence... yes
checking for fcntl.h... yes
checking for inttypes.h... (cached) yes
checking limits.h usability... yes
checking limits.h presence... yes
checking for limits.h... yes
checking netdb.h usability... yes
checking netdb.h presence... yes
checking for netdb.h... yes
checking netinet/in.h usability... yes
checking netinet/in.h presence... yes
checking for netinet/in.h... yes
checking pwd.h usability... yes
checking pwd.h presence... yes
checking for pwd.h... yes
checking stddef.h usability... yes
checking stddef.h presence... yes
checking for stddef.h... yes
checking for stdint.h... (cached) yes
checking for stdlib.h... (cached) yes
checking for string.h... (cached) yes
checking sys/socket.h usability... yes
checking sys/socket.h presence... yes
checking for sys/socket.h... yes
checking sys/time.h usability... yes
checking sys/time.h presence... yes
checking for sys/time.h... yes
checking syslog.h usability... yes
checking syslog.h presence... yes
checking for syslog.h... yes
checking time.h usability... yes
checking time.h presence... yes
checking for time.h... yes
checking for unistd.h... (cached) yes
checking for size_t... yes
checking for ssize_t... yes
checking for uint8_t... yes
checking for uint16_t... yes
checking for uint32_t... yes
checking for uint64_t... yes
checking for int8_t... yes
checking for int16_t... yes
checking for int32_t... yes
checking for int64_t... yes
checking for off_t... yes
checking for pid_t... yes
checking for uid_t in sys/types.h... yes
checking for ptrdiff_t... yes
checking whether byte ordering is bigendian... no
checking for inline... inline
checking for special C compiler options needed for large files... no
checking for _FILE_OFFSET_BITS value needed for large files... no
checking for struct tm.tm_gmtoff... yes
checking for struct sockaddr_in.sin_len... no
checking for struct sockaddr_in6.sin6_len... no
checking size of int *... 8
checking size of time_t... 8
checking for unistd.h... (cached) yes
checking for working chown... yes
checking for error_at_line... no
checking vfork.h usability... no
checking vfork.h presence... no
checking for vfork.h... no
checking for fork... yes
checking for vfork... yes
checking for working fork... yes
checking for working vfork... (cached) yes
checking whether strerror_r is declared... yes
checking for strerror_r... yes
checking whether strerror_r returns char *... no
checking for working strnlen... yes
checking for _Exit... yes
checking for accept4... yes
checking for dup2... yes
checking for getcwd... yes
checking for getpwnam... yes
checking for localtime_r... yes
checking for memchr... yes
checking for memmove... yes
checking for memset... yes
checking for mkostemp... yes
checking for socket... yes
checking for sqrt... yes
checking for strchr... yes
checking for strdup... yes
checking for strerror... yes
checking for strndup... yes
checking for strstr... yes
checking for strtol... yes
checking for strtoul... yes
checking for timegm... yes
checking for timerfd_create... yes
checking whether initgroups is declared... yes
checking whether C compiler accepts -fvisibility=hidden... yes
checking that generated files are newer than configure... done
configure: creating ./config.status
config.status: creating Makefile
config.status: creating lib/Makefile
config.status: creating lib/libnghttp2.pc
config.status: creating lib/includes/Makefile
config.status: creating lib/includes/nghttp2/nghttp2ver.h
config.status: creating tests/Makefile
config.status: creating tests/testdata/Makefile
config.status: creating third-party/Makefile
config.status: creating src/Makefile
config.status: creating src/includes/Makefile
config.status: creating src/libnghttp2_asio.pc
config.status: creating examples/Makefile
config.status: creating python/Makefile
config.status: creating python/setup.py
config.status: creating integration-tests/Makefile
config.status: creating integration-tests/config.go
config.status: creating integration-tests/setenv
config.status: creating doc/Makefile
config.status: creating doc/conf.py
config.status: creating doc/index.rst
config.status: creating doc/package_README.rst
config.status: creating doc/tutorial-client.rst
config.status: creating doc/tutorial-server.rst
config.status: creating doc/tutorial-hpack.rst
config.status: creating doc/nghttpx-howto.rst
config.status: creating doc/h2load-howto.rst
config.status: creating doc/libnghttp2_asio.rst
config.status: creating doc/python-apiref.rst
config.status: creating doc/building-android-binary.rst
config.status: creating doc/nghttp2.h.rst
config.status: creating doc/nghttp2ver.h.rst
config.status: creating doc/asio_http2.h.rst
config.status: creating doc/asio_http2_server.h.rst
config.status: creating doc/asio_http2_client.h.rst
config.status: creating doc/contribute.rst
config.status: creating contrib/Makefile
config.status: creating script/Makefile
config.status: creating config.h
config.status: executing libtool commands
config.status: executing depfiles commands
configure: summary of build options:

    Package version: 1.43.0
    Library version: 34:1:20
    Install prefix:  /usr
    System types:
      Build:         x86_64-slackware-linux-musl
      Host:          x86_64-slackware-linux-musl
      Target:        x86_64-slackware-linux-musl
    Compiler:
      C compiler:     gcc
      CFLAGS:         -O2 -fPIC
      LDFLAGS:        
      C++ compiler:   g++ -std=c++14
      CXXFLAGS:       -g -O2
      CXXCPP:         g++ -E -std=c++14
      C preprocessor: gcc -E
      CPPFLAGS:       
      WARNCFLAGS:     
      WARNCXXFLAGS:   
      CXX1XCXXFLAGS:  
      EXTRACFLAG:     -fvisibility=hidden
      LIBS:           
    Library:
      Shared:         yes
      Static:         no
    Python:
      Python:         /usr/bin/python3
      PYTHON_VERSION: 3.9
      pyexecdir:      ${exec_prefix}/lib/python3.9/site-packages
      PYTHON_CPPFLAGS:
      PYTHON_LIBS:    
      Cython:         cython
    Test:
      CUnit:          no (CFLAGS='' LIBS='')
      Failmalloc:     yes
    Libs:
      OpenSSL:        yes (CFLAGS='' LIBS='-lssl -lcrypto')
      Libxml2:        yes (CFLAGS='-I/usr/include/libxml2' LIBS='-lxml2')
      Libev:          no (CFLAGS='' LIBS='')
      Libc-ares:      no (CFLAGS='' LIBS='')
      Libevent(SSL):  yes (CFLAGS='' LIBS='-levent_openssl -levent')
      Jansson:        yes (CFLAGS='' LIBS='-ljansson')
      Jemalloc:       yes (LIBS='-ljemalloc')
      Zlib:           yes (CFLAGS='' LIBS='-lz')
      Systemd:        no (CFLAGS='' LIBS='')
      Boost CPPFLAGS: 
      Boost LDFLAGS:  
      Boost::ASIO:    
      Boost::System:  
      Boost::Thread:  
    Third-party:
      http-parser:    no
      MRuby:          no (CFLAGS='' LIBS='')
      Neverbleed:     no
    Features:
      Applications:   no
      HPACK tools:    no
      Libnghttp2_asio:no
      Examples:       no
      Python bindings:no
      Threading:      yes

make  all-recursive
make[1]: Entering directory '/tmp/nghttp2-1.43.0'
Making all in lib
make[2]: Entering directory '/tmp/nghttp2-1.43.0/lib'
Making all in includes
make[3]: Entering directory '/tmp/nghttp2-1.43.0/lib/includes'
make[3]: Nothing to be done for 'all'.
make[3]: Leaving directory '/tmp/nghttp2-1.43.0/lib/includes'
make[3]: Entering directory '/tmp/nghttp2-1.43.0/lib'
  CC       nghttp2_pq.lo
  CC       nghttp2_map.lo
  CC       nghttp2_queue.lo
  CC       nghttp2_frame.lo
  CC       nghttp2_buf.lo
  CC       nghttp2_stream.lo
  CC       nghttp2_outbound_item.lo
  CC       nghttp2_session.lo
  CC       nghttp2_submit.lo
  CC       nghttp2_helper.lo
  CC       nghttp2_npn.lo
  CC       nghttp2_hd.lo
  CC       nghttp2_hd_huffman.lo
  CC       nghttp2_hd_huffman_data.lo
  CC       nghttp2_version.lo
  CC       nghttp2_priority_spec.lo
  CC       nghttp2_option.lo
  CC       nghttp2_callbacks.lo
  CC       nghttp2_mem.lo
  CC       nghttp2_http.lo
  CC       nghttp2_rcbuf.lo
  CC       nghttp2_debug.lo
  CC       nghttp2_ksl.lo
  CCLD     libnghttp2.la
make[3]: Leaving directory '/tmp/nghttp2-1.43.0/lib'
make[2]: Leaving directory '/tmp/nghttp2-1.43.0/lib'
Making all in third-party
make[2]: Entering directory '/tmp/nghttp2-1.43.0/third-party'
make[2]: Nothing to be done for 'all'.
make[2]: Leaving directory '/tmp/nghttp2-1.43.0/third-party'
Making all in src
make[2]: Entering directory '/tmp/nghttp2-1.43.0/src'
Making all in includes
make[3]: Entering directory '/tmp/nghttp2-1.43.0/src/includes'
make[3]: Nothing to be done for 'all'.
make[3]: Leaving directory '/tmp/nghttp2-1.43.0/src/includes'
make[3]: Entering directory '/tmp/nghttp2-1.43.0/src'
make[3]: Nothing to be done for 'all-am'.
make[3]: Leaving directory '/tmp/nghttp2-1.43.0/src'
make[2]: Leaving directory '/tmp/nghttp2-1.43.0/src'
Making all in examples
make[2]: Entering directory '/tmp/nghttp2-1.43.0/examples'
make[2]: Nothing to be done for 'all'.
make[2]: Leaving directory '/tmp/nghttp2-1.43.0/examples'
Making all in python
make[2]: Entering directory '/tmp/nghttp2-1.43.0/python'
make[2]: Nothing to be done for 'all'.
make[2]: Leaving directory '/tmp/nghttp2-1.43.0/python'
Making all in tests
make[2]: Entering directory '/tmp/nghttp2-1.43.0/tests'
Making all in testdata
make[3]: Entering directory '/tmp/nghttp2-1.43.0/tests/testdata'
make[3]: Nothing to be done for 'all'.
make[3]: Leaving directory '/tmp/nghttp2-1.43.0/tests/testdata'
make[3]: Entering directory '/tmp/nghttp2-1.43.0/tests'
make[3]: Nothing to be done for 'all-am'.
make[3]: Leaving directory '/tmp/nghttp2-1.43.0/tests'
make[2]: Leaving directory '/tmp/nghttp2-1.43.0/tests'
Making all in integration-tests
make[2]: Entering directory '/tmp/nghttp2-1.43.0/integration-tests'
make[2]: Nothing to be done for 'all'.
make[2]: Leaving directory '/tmp/nghttp2-1.43.0/integration-tests'
Making all in doc
make[2]: Entering directory '/tmp/nghttp2-1.43.0/doc'
make[2]: Nothing to be done for 'all'.
make[2]: Leaving directory '/tmp/nghttp2-1.43.0/doc'
Making all in contrib
make[2]: Entering directory '/tmp/nghttp2-1.43.0/contrib'
rm -f nghttpx-init nghttpx-init.tmp
sed -e 's|@bindir[@]|/usr/bin|g' nghttpx.service.in > nghttpx.service
sed -e 's|@bindir[@]|/usr/bin|g' nghttpx-init.in > nghttpx-init.tmp
sed -e 's|@bindir[@]|/usr/bin|g' nghttpx-upstart.conf.in > nghttpx-upstart.conf
chmod +x nghttpx-init.tmp
mv nghttpx-init.tmp nghttpx-init
make[2]: Leaving directory '/tmp/nghttp2-1.43.0/contrib'
Making all in script
make[2]: Entering directory '/tmp/nghttp2-1.43.0/script'
make[2]: Nothing to be done for 'all'.
make[2]: Leaving directory '/tmp/nghttp2-1.43.0/script'
make[2]: Entering directory '/tmp/nghttp2-1.43.0'
make[2]: Leaving directory '/tmp/nghttp2-1.43.0'
make[1]: Leaving directory '/tmp/nghttp2-1.43.0'
Making install in lib
make[1]: Entering directory '/tmp/nghttp2-1.43.0/lib'
Making install in includes
make[2]: Entering directory '/tmp/nghttp2-1.43.0/lib/includes'
make[3]: Entering directory '/tmp/nghttp2-1.43.0/lib/includes'
make[3]: Nothing to be done for 'install-exec-am'.
 /usr/bin/mkdir -p '/tmp/package-nghttp2/usr/include'
 /usr/bin/mkdir -p '/tmp/package-nghttp2/usr/include/nghttp2'
 /usr/bin/ginstall -c -m 644  nghttp2/nghttp2.h nghttp2/nghttp2ver.h '/tmp/package-nghttp2/usr/include/nghttp2'
make[3]: Leaving directory '/tmp/nghttp2-1.43.0/lib/includes'
make[2]: Leaving directory '/tmp/nghttp2-1.43.0/lib/includes'
make[2]: Entering directory '/tmp/nghttp2-1.43.0/lib'
make[3]: Entering directory '/tmp/nghttp2-1.43.0/lib'
 /usr/bin/mkdir -p '/tmp/package-nghttp2/usr/lib'
 /bin/sh ../libtool   --mode=install /usr/bin/ginstall -c   libnghttp2.la '/tmp/package-nghttp2/usr/lib'
libtool: install: /usr/bin/ginstall -c .libs/libnghttp2.so.14.20.1 /tmp/package-nghttp2/usr/lib/libnghttp2.so.14.20.1
libtool: install: (cd /tmp/package-nghttp2/usr/lib && { ln -s -f libnghttp2.so.14.20.1 libnghttp2.so.14 || { rm -f libnghttp2.so.14 && ln -s libnghttp2.so.14.20.1 libnghttp2.so.14; }; })
libtool: install: (cd /tmp/package-nghttp2/usr/lib && { ln -s -f libnghttp2.so.14.20.1 libnghttp2.so || { rm -f libnghttp2.so && ln -s libnghttp2.so.14.20.1 libnghttp2.so; }; })
libtool: install: /usr/bin/ginstall -c .libs/libnghttp2.lai /tmp/package-nghttp2/usr/lib/libnghttp2.la
libtool: warning: remember to run 'libtool --finish /usr/lib'
 /usr/bin/mkdir -p '/tmp/package-nghttp2/usr/lib/pkgconfig'
 /usr/bin/ginstall -c -m 644 libnghttp2.pc '/tmp/package-nghttp2/usr/lib/pkgconfig'
make[3]: Leaving directory '/tmp/nghttp2-1.43.0/lib'
make[2]: Leaving directory '/tmp/nghttp2-1.43.0/lib'
make[1]: Leaving directory '/tmp/nghttp2-1.43.0/lib'
Making install in third-party
make[1]: Entering directory '/tmp/nghttp2-1.43.0/third-party'
make[2]: Entering directory '/tmp/nghttp2-1.43.0/third-party'
make[2]: Nothing to be done for 'install-exec-am'.
make[2]: Nothing to be done for 'install-data-am'.
make[2]: Leaving directory '/tmp/nghttp2-1.43.0/third-party'
make[1]: Leaving directory '/tmp/nghttp2-1.43.0/third-party'
Making install in src
make[1]: Entering directory '/tmp/nghttp2-1.43.0/src'
Making install in includes
make[2]: Entering directory '/tmp/nghttp2-1.43.0/src/includes'
make[3]: Entering directory '/tmp/nghttp2-1.43.0/src/includes'
make[3]: Nothing to be done for 'install-exec-am'.
make[3]: Leaving directory '/tmp/nghttp2-1.43.0/src/includes'
make[2]: Leaving directory '/tmp/nghttp2-1.43.0/src/includes'
make[2]: Entering directory '/tmp/nghttp2-1.43.0/src'
make[3]: Entering directory '/tmp/nghttp2-1.43.0/src'
 /usr/bin/mkdir -p '/tmp/package-nghttp2/usr/bin'
make[3]: Leaving directory '/tmp/nghttp2-1.43.0/src'
make[2]: Leaving directory '/tmp/nghttp2-1.43.0/src'
make[1]: Leaving directory '/tmp/nghttp2-1.43.0/src'
Making install in examples
make[1]: Entering directory '/tmp/nghttp2-1.43.0/examples'
make[2]: Entering directory '/tmp/nghttp2-1.43.0/examples'
make[2]: Nothing to be done for 'install-exec-am'.
make[2]: Nothing to be done for 'install-data-am'.
make[2]: Leaving directory '/tmp/nghttp2-1.43.0/examples'
make[1]: Leaving directory '/tmp/nghttp2-1.43.0/examples'
Making install in python
make[1]: Entering directory '/tmp/nghttp2-1.43.0/python'
make[2]: Entering directory '/tmp/nghttp2-1.43.0/python'
make[2]: Nothing to be done for 'install-exec-am'.
make[2]: Nothing to be done for 'install-data-am'.
make[2]: Leaving directory '/tmp/nghttp2-1.43.0/python'
make[1]: Leaving directory '/tmp/nghttp2-1.43.0/python'
Making install in tests
make[1]: Entering directory '/tmp/nghttp2-1.43.0/tests'
Making install in testdata
make[2]: Entering directory '/tmp/nghttp2-1.43.0/tests/testdata'
make[3]: Entering directory '/tmp/nghttp2-1.43.0/tests/testdata'
make[3]: Nothing to be done for 'install-exec-am'.
make[3]: Nothing to be done for 'install-data-am'.
make[3]: Leaving directory '/tmp/nghttp2-1.43.0/tests/testdata'
make[2]: Leaving directory '/tmp/nghttp2-1.43.0/tests/testdata'
make[2]: Entering directory '/tmp/nghttp2-1.43.0/tests'
make[3]: Entering directory '/tmp/nghttp2-1.43.0/tests'
make[3]: Nothing to be done for 'install-exec-am'.
make[3]: Nothing to be done for 'install-data-am'.
make[3]: Leaving directory '/tmp/nghttp2-1.43.0/tests'
make[2]: Leaving directory '/tmp/nghttp2-1.43.0/tests'
make[1]: Leaving directory '/tmp/nghttp2-1.43.0/tests'
Making install in integration-tests
make[1]: Entering directory '/tmp/nghttp2-1.43.0/integration-tests'
make[2]: Entering directory '/tmp/nghttp2-1.43.0/integration-tests'
make[2]: Nothing to be done for 'install-exec-am'.
make[2]: Nothing to be done for 'install-data-am'.
make[2]: Leaving directory '/tmp/nghttp2-1.43.0/integration-tests'
make[1]: Leaving directory '/tmp/nghttp2-1.43.0/integration-tests'
Making install in doc
make[1]: Entering directory '/tmp/nghttp2-1.43.0/doc'
make[2]: Entering directory '/tmp/nghttp2-1.43.0/doc'
make[2]: Nothing to be done for 'install-exec-am'.
 /usr/bin/mkdir -p '/tmp/package-nghttp2/usr/man/man1'
 /usr/bin/ginstall -c -m 644 nghttp.1 nghttpd.1 nghttpx.1 h2load.1 '/tmp/package-nghttp2/usr/man/man1'
make[2]: Leaving directory '/tmp/nghttp2-1.43.0/doc'
make[1]: Leaving directory '/tmp/nghttp2-1.43.0/doc'
Making install in contrib
make[1]: Entering directory '/tmp/nghttp2-1.43.0/contrib'
make[2]: Entering directory '/tmp/nghttp2-1.43.0/contrib'
make[2]: Nothing to be done for 'install-exec-am'.
make[2]: Nothing to be done for 'install-data-am'.
make[2]: Leaving directory '/tmp/nghttp2-1.43.0/contrib'
make[1]: Leaving directory '/tmp/nghttp2-1.43.0/contrib'
Making install in script
make[1]: Entering directory '/tmp/nghttp2-1.43.0/script'
make[2]: Entering directory '/tmp/nghttp2-1.43.0/script'
make[2]: Nothing to be done for 'install-exec-am'.
 /usr/bin/mkdir -p '/tmp/package-nghttp2/usr/share/nghttp2'
 /usr/bin/ginstall -c fetch-ocsp-response '/tmp/package-nghttp2/usr/share/nghttp2'
make[2]: Leaving directory '/tmp/nghttp2-1.43.0/script'
make[1]: Leaving directory '/tmp/nghttp2-1.43.0/script'
make[1]: Entering directory '/tmp/nghttp2-1.43.0'
make[2]: Entering directory '/tmp/nghttp2-1.43.0'
make[2]: Nothing to be done for 'install-exec-am'.
 /usr/bin/mkdir -p '/tmp/package-nghttp2/usr/doc/nghttp2-1.43.0'
 /usr/bin/ginstall -c -m 644 README.rst '/tmp/package-nghttp2/usr/doc/nghttp2-1.43.0'
make[2]: Leaving directory '/tmp/nghttp2-1.43.0'
make[1]: Leaving directory '/tmp/nghttp2-1.43.0'
cp: cannot stat 'CHANGES': No such file or directory
cp: cannot stat 'LICENSE*': No such file or directory
cp: cannot stat 'THANKS*': No such file or directory
cp: cannot stat 'TODO*': No such file or directory

Slackware package maker, version 3.14159265.

Searching for symbolic links:
usr/lib/libnghttp2.so	libnghttp2.so.14.20.1
usr/lib/libnghttp2.so.14	libnghttp2.so.14.20.1

Making symbolic link creation script:
( cd usr/lib ; rm -rf libnghttp2.so )
( cd usr/lib ; ln -sf libnghttp2.so.14.20.1 libnghttp2.so )
( cd usr/lib ; rm -rf libnghttp2.so.14 )
( cd usr/lib ; ln -sf libnghttp2.so.14.20.1 libnghttp2.so.14 )

It is recommended that you make these lines your new installation script.

Would you like to make this stuff the install script for this package
and remove the symbolic links ([y]es, [n]o)? y


Removing symbolic links:
removed './usr/lib/libnghttp2.so.14'
removed './usr/lib/libnghttp2.so'

Creating your new ./install/doinst.sh...

This next step is optional - you can set the directories in your package
to some sane permissions. If any of the directories in your package have
special permissions, then DO NOT reset them here!

Would you like to reset all directory permissions to 755 (drwxr-xr-x) and
directory ownerships to root.root ([y]es, [n]o)? n

Creating Slackware package:  /tmp/nghttp2-1.43.0-x86_64-1.txz

./
install/
install/doinst.sh
install/slack-desc
usr/
usr/bin/
usr/doc/
usr/doc/nghttp2-1.43.0/
usr/doc/nghttp2-1.43.0/AUTHORS
usr/doc/nghttp2-1.43.0/COPYING
usr/doc/nghttp2-1.43.0/ChangeLog
usr/doc/nghttp2-1.43.0/NEWS
usr/doc/nghttp2-1.43.0/README
usr/doc/nghttp2-1.43.0/README.rst
usr/include/
usr/include/nghttp2/
usr/include/nghttp2/nghttp2.h
usr/include/nghttp2/nghttp2ver.h
usr/lib/
usr/lib/libnghttp2.so.14.20.1
usr/lib/pkgconfig/
usr/lib/pkgconfig/libnghttp2.pc
usr/share/
usr/share/nghttp2/
usr/share/nghttp2/fetch-ocsp-response
WARNING:  zero length file usr/doc/nghttp2-1.43.0/NEWS

Slackware package /tmp/nghttp2-1.43.0-x86_64-1.txz created.

