libcgroup-0.41/
libcgroup-0.41/scripts/
libcgroup-0.41/scripts/Makefile.am
libcgroup-0.41/scripts/Makefile.in
libcgroup-0.41/scripts/init.d/
libcgroup-0.41/scripts/init.d/cgconfig.in
libcgroup-0.41/scripts/init.d/cgred.in
libcgroup-0.41/INSTALL
libcgroup-0.41/samples/
libcgroup-0.41/samples/Makefile.am
libcgroup-0.41/samples/cgsnapshot_blacklist.conf
libcgroup-0.41/samples/Makefile.in
libcgroup-0.41/samples/cgconfig.sysconfig
libcgroup-0.41/samples/cgrules.conf
libcgroup-0.41/samples/cgred.conf
libcgroup-0.41/samples/cgconfig.conf
libcgroup-0.41/aclocal.m4
libcgroup-0.41/dist/
libcgroup-0.41/dist/libcgroup.spec
libcgroup-0.41/dist/Makefile.am
libcgroup-0.41/dist/Makefile.in
libcgroup-0.41/dist/libcgroup.spec.in
libcgroup-0.41/Makefile.am
libcgroup-0.41/README_daemon
libcgroup-0.41/libcgroup.doxyfile
libcgroup-0.41/Makefile.in
libcgroup-0.41/COPYING
libcgroup-0.41/install-sh
libcgroup-0.41/ylwrap
libcgroup-0.41/configure.in
libcgroup-0.41/include/
libcgroup-0.41/include/Makefile.am
libcgroup-0.41/include/libcgroup.h
libcgroup-0.41/include/Makefile.in
libcgroup-0.41/include/libcgroup/
libcgroup-0.41/include/libcgroup/init.h
libcgroup-0.41/include/libcgroup/config.h
libcgroup-0.41/include/libcgroup/iterators.h
libcgroup-0.41/include/libcgroup/groups.h
libcgroup-0.41/include/libcgroup/tasks.h
libcgroup-0.41/include/libcgroup/log.h
libcgroup-0.41/include/libcgroup/error.h
libcgroup-0.41/config.sub
libcgroup-0.41/README_systemd
libcgroup-0.41/config.h.in
libcgroup-0.41/configure
libcgroup-0.41/src/
libcgroup-0.41/src/log.c
libcgroup-0.41/src/Makefile.am
libcgroup-0.41/src/bindings/
libcgroup-0.41/src/bindings/libcgroup.c
libcgroup-0.41/src/bindings/Makefile.am
libcgroup-0.41/src/bindings/Makefile.in
libcgroup-0.41/src/config.c
libcgroup-0.41/src/parse.y
libcgroup-0.41/src/Makefile.in
libcgroup-0.41/src/api.c
libcgroup-0.41/src/lex.l
libcgroup-0.41/src/tools/
libcgroup-0.41/src/tools/tools-common.c
libcgroup-0.41/src/tools/cgsnapshot.c
libcgroup-0.41/src/tools/Makefile.am
libcgroup-0.41/src/tools/tools-common.h
libcgroup-0.41/src/tools/cgexec.c
libcgroup-0.41/src/tools/cgclear.c
libcgroup-0.41/src/tools/cgget.c
libcgroup-0.41/src/tools/Makefile.in
libcgroup-0.41/src/tools/cgdelete.c
libcgroup-0.41/src/tools/lscgroup.c
libcgroup-0.41/src/tools/cgconfig.c
libcgroup-0.41/src/tools/cgcreate.c
libcgroup-0.41/src/tools/lssubsys.c
libcgroup-0.41/src/tools/cgset.c
libcgroup-0.41/src/tools/cgclassify.c
libcgroup-0.41/src/libcgroup.map
libcgroup-0.41/src/lex.c
libcgroup-0.41/src/libcgroup-internal.h
libcgroup-0.41/src/daemon/
libcgroup-0.41/src/daemon/cgrulesengd.c
libcgroup-0.41/src/daemon/Makefile.am
libcgroup-0.41/src/daemon/cgrulesengd.h
libcgroup-0.41/src/daemon/Makefile.in
libcgroup-0.41/src/wrapper.c
libcgroup-0.41/src/parse.c
libcgroup-0.41/src/pam/
libcgroup-0.41/src/pam/Makefile.am
libcgroup-0.41/src/pam/Makefile.in
libcgroup-0.41/src/pam/pam_cgroup.c
libcgroup-0.41/src/parse.h
libcgroup-0.41/doc/
libcgroup-0.41/doc/Makefile.am
libcgroup-0.41/doc/Makefile.in
libcgroup-0.41/doc/man/
libcgroup-0.41/doc/man/cgexec.1
libcgroup-0.41/doc/man/Makefile.am
libcgroup-0.41/doc/man/cgget.1
libcgroup-0.41/doc/man/Makefile.in
libcgroup-0.41/doc/man/cgclassify.1
libcgroup-0.41/doc/man/cgcreate.1
libcgroup-0.41/doc/man/cgconfigparser.8
libcgroup-0.41/doc/man/lscgroup.1
libcgroup-0.41/doc/man/cgset.1
libcgroup-0.41/doc/man/lssubsys.1
libcgroup-0.41/doc/man/cgsnapshot.1
libcgroup-0.41/doc/man/cgdelete.1
libcgroup-0.41/doc/man/cgrulesengd.8
libcgroup-0.41/doc/man/cgrules.conf.5
libcgroup-0.41/doc/man/cgconfig.conf.5
libcgroup-0.41/doc/man/cgred.conf.5
libcgroup-0.41/doc/man/cgclear.1
libcgroup-0.41/ltmain.sh
libcgroup-0.41/depcomp
libcgroup-0.41/test-driver
libcgroup-0.41/README
libcgroup-0.41/missing
libcgroup-0.41/libcgroup.pc.in
libcgroup-0.41/tests/
libcgroup-0.41/tests/read_stats.c
libcgroup-0.41/tests/Makefile.am
libcgroup-0.41/tests/get_variable_names.c
libcgroup-0.41/tests/setuid.c
libcgroup-0.41/tests/get_mount_point.c
libcgroup-0.41/tests/Makefile.in
libcgroup-0.41/tests/logger.sh
libcgroup-0.41/tests/walk_task.c
libcgroup-0.41/tests/get_controller.c
libcgroup-0.41/tests/libcgrouptest01.c
libcgroup-0.41/tests/get_all_controller.c
libcgroup-0.41/tests/tools/
libcgroup-0.41/tests/tools/Makefile.am
libcgroup-0.41/tests/tools/cgconfigparser/
libcgroup-0.41/tests/tools/cgconfigparser/cgclear/
libcgroup-0.41/tests/tools/cgconfigparser/cgclear/cgclear_config_multi_1.conf
libcgroup-0.41/tests/tools/cgconfigparser/cgclear/cgclear_config_one.conf
libcgroup-0.41/tests/tools/cgconfigparser/cgclear/cgclear_config_multi_3.conf
libcgroup-0.41/tests/tools/cgconfigparser/cgclear/cgclear_config_multi_2.conf
libcgroup-0.41/tests/tools/cgconfigparser/cgconfigparser_multiconfig
libcgroup-0.41/tests/tools/cgconfigparser/Makefile.am
libcgroup-0.41/tests/tools/cgconfigparser/permissions
libcgroup-0.41/tests/tools/cgconfigparser/cgclear_config_multi
libcgroup-0.41/tests/tools/cgconfigparser/Makefile.in
libcgroup-0.41/tests/tools/cgconfigparser/multiconfig/
libcgroup-0.41/tests/tools/cgconfigparser/multiconfig/3.conf
libcgroup-0.41/tests/tools/cgconfigparser/multiconfig/2.conf
libcgroup-0.41/tests/tools/cgconfigparser/multiconfig/4.conf
libcgroup-0.41/tests/tools/cgconfigparser/multiconfig/1.conf
libcgroup-0.41/tests/tools/cgconfigparser/multiconfig/5.conf
libcgroup-0.41/tests/tools/cgconfigparser/cgclear_config_one
libcgroup-0.41/tests/tools/cgconfigparser/cgconfigparser_conf_files_tests
libcgroup-0.41/tests/tools/cgconfigparser/cgconfigparser_simple
libcgroup-0.41/tests/tools/cgconfigparser/cgconfigparser_conf_files/
libcgroup-0.41/tests/tools/cgconfigparser/cgconfigparser_conf_files/permissions_default1.conf
libcgroup-0.41/tests/tools/cgconfigparser/cgconfigparser_conf_files/cgconfig.conf.5.ex4
libcgroup-0.41/tests/tools/cgconfigparser/cgconfigparser_conf_files/permissions_default2.conf
libcgroup-0.41/tests/tools/cgconfigparser/cgconfigparser_conf_files/permissions_default4.conf
libcgroup-0.41/tests/tools/cgconfigparser/cgconfigparser_conf_files/cgconfig.conf.5.ex1
libcgroup-0.41/tests/tools/cgconfigparser/cgconfigparser_conf_files/permissions_default3.conf
libcgroup-0.41/tests/tools/cgconfigparser/cgconfigparser_conf_files/cgconfig.conf.5.ex3
libcgroup-0.41/tests/tools/cgconfigparser/cgconfigparser_conf_files/cgconfig.conf.5.ex2
libcgroup-0.41/tests/tools/cgconfigparser/cgconfigparser_conf_files/permissions.conf
libcgroup-0.41/tests/tools/Makefile.in
libcgroup-0.41/tests/tools/multimount/
libcgroup-0.41/tests/tools/multimount/Makefile.am
libcgroup-0.41/tests/tools/multimount/Makefile.in
libcgroup-0.41/tests/tools/multimount/many_mp
libcgroup-0.41/tests/tools/multimount/many_named
libcgroup-0.41/tests/tools/cgclassify/
libcgroup-0.41/tests/tools/cgclassify/Makefile.am
libcgroup-0.41/tests/tools/cgclassify/Makefile.in
libcgroup-0.41/tests/tools/cgclassify/simple.conf
libcgroup-0.41/tests/tools/cgclassify/cgclassify-rules
libcgroup-0.41/tests/tools/cgclassify/cgclassify
libcgroup-0.41/tests/tools/testenv.sh.in
libcgroup-0.41/tests/tools/README
libcgroup-0.41/tests/walk_test.c
libcgroup-0.41/tests/test_named_hierarchy.c
libcgroup-0.41/tests/libcgrouptest.h
libcgroup-0.41/tests/wrapper_test.c
libcgroup-0.41/tests/proctest.c
libcgroup-0.41/tests/libcg_ba.cpp
libcgroup-0.41/tests/runlibcgrouptest.sh.in
libcgroup-0.41/tests/runlibcgrouptest.sh
libcgroup-0.41/tests/get_procs.c
libcgroup-0.41/tests/logger.c
libcgroup-0.41/tests/test_functions.c
libcgroup-0.41/config.guess
patching file include/libcgroup/config.h
Hunk #2 succeeded at 109 (offset 30 lines).
patching file include/libcgroup/error.h
Hunk #2 succeeded at 101 (offset -5 lines).
patching file include/libcgroup/groups.h
Hunk #2 succeeded at 579 (offset 7 lines).
patching file include/libcgroup/init.h
Hunk #2 succeeded at 60 (offset 4 lines).
patching file include/libcgroup/iterators.h
patching file include/libcgroup/tasks.h
Hunk #2 succeeded at 206 (offset 15 lines).
patching file src/daemon/cgrulesengd.h
Hunk #2 succeeded at 121 (offset 7 lines).
patching file src/libcgroup-internal.h
Hunk #2 succeeded at 281 (offset 10 lines).
patching file src/api.c
patching file include/libcgroup/log.h
Hmm...  Looks like a unified diff to me...
The text leading up to this was:
--------------------------
|--- ./scripts/init.d/cgred.in.orig	2014-01-13 08:05:56.000000000 -0600
|+++ ./scripts/init.d/cgred.in	2017-02-28 12:41:11.307424565 -0600
--------------------------
patching file scripts/init.d/cgred.in
Using Plan A...
Hunk #1 succeeded at 39.
Hunk #2 succeeded at 69.
Hunk #3 succeeded at 96.
Hunk #4 succeeded at 142.
Hmm...  The next patch looks like a unified diff to me...
The text leading up to this was:
--------------------------
|--- ./scripts/init.d/cgconfig.in.orig	2014-01-13 08:05:56.000000000 -0600
|+++ ./scripts/init.d/cgconfig.in	2017-02-28 12:42:13.278423245 -0600
--------------------------
patching file scripts/init.d/cgconfig.in
Using Plan A...
Hunk #1 succeeded at 36.
Hunk #2 succeeded at 49.
Hunk #3 succeeded at 93.
Hunk #4 succeeded at 118.
done
Hmm...  Looks like a unified diff to me...
The text leading up to this was:
--------------------------
|--- ./samples/cgred.conf.orig	2011-01-10 14:16:09.750002388 -0600
|+++ ./samples/cgred.conf	2011-01-10 14:16:20.446998061 -0600
--------------------------
patching file samples/cgred.conf
Using Plan A...
Hunk #1 succeeded at 1.
done
Hmm...  Looks like a unified diff to me...
The text leading up to this was:
--------------------------
|diff --git a/doc/man/cgclassify.1 b/doc/man/cgclassify.1
|index db4e086..1facd2b 100644
|--- a/doc/man/cgclassify.1
|+++ b/doc/man/cgclassify.1
--------------------------
patching file doc/man/cgclassify.1
Using Plan A...
Hunk #1 succeeded at 57.
Hmm...  The next patch looks like a unified diff to me...
The text leading up to this was:
--------------------------
|diff --git a/doc/man/cgclear.1 b/doc/man/cgclear.1
|index 318c925..241a095 100644
|--- a/doc/man/cgclear.1
|+++ b/doc/man/cgclear.1
--------------------------
patching file doc/man/cgclear.1
Using Plan A...
Hunk #1 succeeded at 43.
Hmm...  The next patch looks like a unified diff to me...
The text leading up to this was:
--------------------------
|diff --git a/doc/man/cgconfig.conf.5 b/doc/man/cgconfig.conf.5
|index be80e4e..f3a4ba9 100644
|--- a/doc/man/cgconfig.conf.5
|+++ b/doc/man/cgconfig.conf.5
--------------------------
patching file doc/man/cgconfig.conf.5
Using Plan A...
Hunk #1 succeeded at 251.
Hunk #2 succeeded at 784.
Hmm...  The next patch looks like a unified diff to me...
The text leading up to this was:
--------------------------
|diff --git a/doc/man/cgconfigparser.8 b/doc/man/cgconfigparser.8
|index 0a20f95..8fff95f 100644
|--- a/doc/man/cgconfigparser.8
|+++ b/doc/man/cgconfigparser.8
--------------------------
patching file doc/man/cgconfigparser.8
Using Plan A...
Hunk #1 succeeded at 74.
Hmm...  The next patch looks like a unified diff to me...
The text leading up to this was:
--------------------------
|diff --git a/doc/man/cgcreate.1 b/doc/man/cgcreate.1
|index 7068073..6ec1b27 100644
|--- a/doc/man/cgcreate.1
|+++ b/doc/man/cgcreate.1
--------------------------
patching file doc/man/cgcreate.1
Using Plan A...
Hunk #1 succeeded at 38.
Hunk #2 succeeded at 70.
Hmm...  The next patch looks like a unified diff to me...
The text leading up to this was:
--------------------------
|diff --git a/doc/man/cgdelete.1 b/doc/man/cgdelete.1
|index 025a799..9572287 100644
|--- a/doc/man/cgdelete.1
|+++ b/doc/man/cgdelete.1
--------------------------
patching file doc/man/cgdelete.1
Using Plan A...
Hunk #1 succeeded at 16.
Hunk #2 succeeded at 35.
Hmm...  The next patch looks like a unified diff to me...
The text leading up to this was:
--------------------------
|diff --git a/doc/man/cgred.conf.5 b/doc/man/cgred.conf.5
|index 3fe760f..1c0922f 100644
|--- a/doc/man/cgred.conf.5
|+++ b/doc/man/cgred.conf.5
--------------------------
patching file doc/man/cgred.conf.5
Using Plan A...
Hunk #1 succeeded at 42.
Hmm...  The next patch looks like a unified diff to me...
The text leading up to this was:
--------------------------
|diff --git a/doc/man/cgrules.conf.5 b/doc/man/cgrules.conf.5
|index 7a89fb5..2d434e7 100644
|--- a/doc/man/cgrules.conf.5
|+++ b/doc/man/cgrules.conf.5
--------------------------
patching file doc/man/cgrules.conf.5
Using Plan A...
Hunk #1 succeeded at 85.
Hunk #2 succeeded at 136.
Hmm...  The next patch looks like a unified diff to me...
The text leading up to this was:
--------------------------
|diff --git a/doc/man/cgrules.d.5 b/doc/man/cgrules.d.5
|new file mode 100644
|index 0000000..37717de
|--- /dev/null
|+++ b/doc/man/cgrules.d.5
--------------------------
patching file doc/man/cgrules.d.5
Using Plan A...
Hunk #1 succeeded at 1.
Hmm...  The next patch looks like a unified diff to me...
The text leading up to this was:
--------------------------
|diff --git a/doc/man/cgrulesengd.8 b/doc/man/cgrulesengd.8
|index 2e89c5b..cf45611 100644
|--- a/doc/man/cgrulesengd.8
|+++ b/doc/man/cgrulesengd.8
--------------------------
patching file doc/man/cgrulesengd.8
Using Plan A...
Hunk #1 succeeded at 10.
Hunk #2 succeeded at 64.
Hmm...  The next patch looks like a unified diff to me...
The text leading up to this was:
--------------------------
|diff --git a/doc/man/cgset.1 b/doc/man/cgset.1
|index be886c6..b05473f 100644
|--- a/doc/man/cgset.1
|+++ b/doc/man/cgset.1
--------------------------
patching file doc/man/cgset.1
Using Plan A...
Hunk #1 succeeded at 36.
Hmm...  The next patch looks like a unified diff to me...
The text leading up to this was:
--------------------------
|diff --git a/doc/man/cgsnapshot.1 b/doc/man/cgsnapshot.1
|index 03c85f6..48a038e 100644
|--- a/doc/man/cgsnapshot.1
|+++ b/doc/man/cgsnapshot.1
--------------------------
patching file doc/man/cgsnapshot.1
Using Plan A...
Hunk #1 succeeded at 8.
Hunk #2 succeeded at 96.
Hmm...  The next patch looks like a unified diff to me...
The text leading up to this was:
--------------------------
|diff --git a/doc/man/lscgroup.1 b/doc/man/lscgroup.1
|index 693fbbc..124379e 100644
|--- a/doc/man/lscgroup.1
|+++ b/doc/man/lscgroup.1
--------------------------
patching file doc/man/lscgroup.1
Using Plan A...
Hunk #1 succeeded at 26.
Hmm...  The next patch looks like a unified diff to me...
The text leading up to this was:
--------------------------
|diff --git a/include/libcgroup/config.h b/include/libcgroup/config.h
|index 43568e1..9aaa390 100644
|--- a/include/libcgroup/config.h
|+++ b/include/libcgroup/config.h
--------------------------
patching file include/libcgroup/config.h
Using Plan A...
Hunk #1 succeeded at 85 (offset 2 lines).
Hmm...  The next patch looks like a unified diff to me...
The text leading up to this was:
--------------------------
|diff --git a/include/libcgroup/groups.h b/include/libcgroup/groups.h
|index d5c87aa..201558f 100644
|--- a/include/libcgroup/groups.h
|+++ b/include/libcgroup/groups.h
--------------------------
patching file include/libcgroup/groups.h
Using Plan A...
Hunk #1 succeeded at 151 (offset 2 lines).
Hmm...  The next patch looks like a unified diff to me...
The text leading up to this was:
--------------------------
|diff --git a/src/api.c b/src/api.c
|index bfd0177..0bf0615 100644
|--- a/src/api.c
|+++ b/src/api.c
--------------------------
patching file src/api.c
Using Plan A...
Hunk #1 succeeded at 473.
Hunk #2 succeeded at 546.
Hunk #3 succeeded at 804.
Hunk #4 succeeded at 1495.
Hunk #5 succeeded at 1517.
Hunk #6 succeeded at 1549.
Hunk #7 succeeded at 2070.
Hunk #8 succeeded at 2775.
Hunk #9 succeeded at 3293.
Hunk #10 succeeded at 3313.
Hmm...  The next patch looks like a unified diff to me...
The text leading up to this was:
--------------------------
|diff --git a/src/config.c b/src/config.c
|index da2c0dd..090bea5 100644
|--- a/src/config.c
|+++ b/src/config.c
--------------------------
patching file src/config.c
Using Plan A...
Hunk #1 succeeded at 41.
Hunk #2 succeeded at 91.
Hunk #3 succeeded at 1575.
Hunk #4 succeeded at 1751.
Hunk #5 succeeded at 1826.
Hmm...  The next patch looks like a unified diff to me...
The text leading up to this was:
--------------------------
|diff --git a/src/daemon/Makefile.am b/src/daemon/Makefile.am
|index f3100ed..abbbe30 100644
|--- a/src/daemon/Makefile.am
|+++ b/src/daemon/Makefile.am
--------------------------
patching file src/daemon/Makefile.am
Using Plan A...
Hunk #1 succeeded at 1.
Hmm...  The next patch looks like a unified diff to me...
The text leading up to this was:
--------------------------
|diff --git a/src/daemon/cgrulesengd.c b/src/daemon/cgrulesengd.c
|index 367b898..ea51f11 100644
|--- a/src/daemon/cgrulesengd.c
|+++ b/src/daemon/cgrulesengd.c
--------------------------
patching file src/daemon/cgrulesengd.c
Using Plan A...
Hunk #1 succeeded at 34.
Hunk #2 succeeded at 60.
Hunk #3 succeeded at 940.
Hunk #4 succeeded at 955.
Hunk #5 succeeded at 968.
Hunk #6 succeeded at 1077.
Hunk #7 succeeded at 1190.
Hunk #8 succeeded at 1217.
Hunk #9 succeeded at 1295.
Hmm...  The next patch looks like a unified diff to me...
The text leading up to this was:
--------------------------
|diff --git a/src/lex.l b/src/lex.l
|index 1b357db..ecd212c 100644
|--- a/src/lex.l
|+++ b/src/lex.l
--------------------------
patching file src/lex.l
Using Plan A...
Hunk #1 succeeded at 42.
Hmm...  The next patch looks like a unified diff to me...
The text leading up to this was:
--------------------------
|diff --git a/src/libcgroup-internal.h b/src/libcgroup-internal.h
|index 4c0f46c..9875dd9 100644
|--- a/src/libcgroup-internal.h
|+++ b/src/libcgroup-internal.h
--------------------------
patching file src/libcgroup-internal.h
Using Plan A...
Hunk #1 succeeded at 50 (offset 2 lines).
Hmm...  The next patch looks like a unified diff to me...
The text leading up to this was:
--------------------------
|diff --git a/src/libcgroup.map b/src/libcgroup.map
|index b0c162c..8fe1990 100644
|--- a/src/libcgroup.map
|+++ b/src/libcgroup.map
--------------------------
patching file src/libcgroup.map
Using Plan A...
Hunk #1 succeeded at 117.
Hmm...  The next patch looks like a unified diff to me...
The text leading up to this was:
--------------------------
|diff --git a/src/parse.y b/src/parse.y
|index 9adbc0e..98f7699 100644
|--- a/src/parse.y
|+++ b/src/parse.y
--------------------------
patching file src/parse.y
Using Plan A...
Hunk #1 succeeded at 45.
Hunk #2 succeeded at 99.
Hunk #3 succeeded at 119.
Hmm...  The next patch looks like a unified diff to me...
The text leading up to this was:
--------------------------
|diff --git a/src/tools/cgcreate.c b/src/tools/cgcreate.c
|index 73abd91..65b188a 100644
|--- a/src/tools/cgcreate.c
|+++ b/src/tools/cgcreate.c
--------------------------
patching file src/tools/cgcreate.c
Using Plan A...
Hunk #1 succeeded at 54.
Hunk #2 succeeded at 194.
Hmm...  The next patch looks like a unified diff to me...
The text leading up to this was:
--------------------------
|diff --git a/src/tools/cgdelete.c b/src/tools/cgdelete.c
|index 190310f..43cc47c 100644
|--- a/src/tools/cgdelete.c
|+++ b/src/tools/cgdelete.c
--------------------------
patching file src/tools/cgdelete.c
Using Plan A...
Hunk #1 succeeded at 33.
Hunk #2 succeeded at 58.
Hunk #3 succeeded at 130.
Hunk #4 succeeded at 155.
Hunk #5 succeeded at 220.
Hunk #6 succeeded at 269.
Hunk #7 succeeded at 289.
Hmm...  The next patch looks like a unified diff to me...
The text leading up to this was:
--------------------------
|diff --git a/src/tools/tools-common.h b/src/tools/tools-common.h
|index e05465f..c723eb4 100644
|--- a/src/tools/tools-common.h
|+++ b/src/tools/tools-common.h
--------------------------
patching file src/tools/tools-common.h
Using Plan A...
Hunk #1 succeeded at 20.
Hmm...  The next patch looks like a unified diff to me...
The text leading up to this was:
--------------------------
|diff --git a/src/wrapper.c b/src/wrapper.c
|index c03472a..3a9331f 100644
|--- a/src/wrapper.c
|+++ b/src/wrapper.c
--------------------------
patching file src/wrapper.c
Using Plan A...
Hunk #1 succeeded at 92.
done
autoreconf: Entering directory `.'
autoreconf: configure.in: not using Gettext
autoreconf: running: aclocal --force 
aclocal: warning: autoconf input should be named 'configure.ac', not 'configure.in'
autoreconf: configure.in: tracing
autoreconf: running: libtoolize --copy --force
libtoolize: putting auxiliary files in '.'.
libtoolize: copying file './ltmain.sh'
libtoolize: Consider adding 'AC_CONFIG_MACRO_DIRS([m4])' to configure.in,
libtoolize: and rerunning libtoolize and aclocal.
libtoolize: Consider adding '-I m4' to ACLOCAL_AMFLAGS in Makefile.am.
aclocal: warning: autoconf input should be named 'configure.ac', not 'configure.in'
autoreconf: running: /usr/bin/autoconf --force
autoreconf: running: /usr/bin/autoheader --force
autoreconf: running: automake --add-missing --copy --force-missing
automake: warning: autoconf input should be named 'configure.ac', not 'configure.in'
configure.in:143: installing './compile'
configure.in:19: installing './missing'
automake: warning: autoconf input should be named 'configure.ac', not 'configure.in'
src/Makefile.am:12: warning: 'INCLUDES' is the old name for 'AM_CPPFLAGS' (or '*_CPPFLAGS')
src/Makefile.am: installing './depcomp'
src/bindings/Makefile.am:2: warning: 'INCLUDES' is the old name for 'AM_CPPFLAGS' (or '*_CPPFLAGS')
src/daemon/Makefile.am:1: warning: 'INCLUDES' is the old name for 'AM_CPPFLAGS' (or '*_CPPFLAGS')
src/daemon/Makefile.am:6: warning: source file '../tools/tools-common.c' is in a subdirectory,
src/daemon/Makefile.am:6: but option 'subdir-objects' is disabled
automake: warning: possible forward-incompatibility.
automake: At least a source file is in a subdirectory, but the 'subdir-objects'
automake: automake option hasn't been enabled.  For now, the corresponding output
automake: object file(s) will be placed in the top-level directory.  However,
automake: this behaviour will change in future Automake versions: they will
automake: unconditionally cause object files to be placed in the same subdirectory
automake: of the corresponding sources.
automake: You are advised to start using 'subdir-objects' option throughout your
automake: project, to avoid future incompatibilities.
src/pam/Makefile.am:1: warning: 'INCLUDES' is the old name for 'AM_CPPFLAGS' (or '*_CPPFLAGS')
src/tools/Makefile.am:1: warning: 'INCLUDES' is the old name for 'AM_CPPFLAGS' (or '*_CPPFLAGS')
tests/Makefile.am:3: warning: 'INCLUDES' is the old name for 'AM_CPPFLAGS' (or '*_CPPFLAGS')
autoreconf: Leaving directory `.'
checking for a BSD-compatible install... /usr/bin/ginstall -c
checking whether build environment is sane... yes
checking for a thread-safe mkdir -p... /usr/bin/mkdir -p
checking for gawk... gawk
checking whether make sets $(MAKE)... yes
checking whether make supports nested variables... yes
checking whether make supports nested variables... (cached) yes
./configure: line 3226: with_bindings: command not found
checking for g++... g++
checking whether the C++ compiler works... yes
checking for C++ compiler default output file name... a.out
checking for suffix of executables... 
checking whether we are cross compiling... no
checking for suffix of object files... o
checking whether we are using the GNU C++ compiler... yes
checking whether g++ accepts -g... yes
checking whether make supports the include directive... yes (GNU style)
checking dependency style of g++... gcc3
checking for gcc... gcc
checking whether we are using the GNU C compiler... yes
checking whether gcc accepts -g... yes
checking for gcc option to accept ISO C89... none needed
checking whether gcc understands -c and -o together... yes
checking dependency style of gcc... gcc3
checking for bison... bison -y
checking for flex... flex
checking lex output file root... lex.yy
checking lex library... -lfl
checking whether yytext is a pointer... yes
checking build system type... x86_64-slackware-linux-musl
checking host system type... x86_64-slackware-linux-musl
checking how to print strings... printf
checking for a sed that does not truncate output... /usr/bin/sed
checking for grep that handles long lines and -e... /usr/bin/grep
checking for egrep... /usr/bin/grep -E
checking for fgrep... /usr/bin/grep -F
checking for ld used by gcc... /usr/bin/ld
checking if the linker (/usr/bin/ld) is GNU ld... yes
checking for BSD- or MS-compatible name lister (nm)... /usr/bin/nm -B
checking the name lister (/usr/bin/nm -B) interface... BSD nm
checking whether ln -s works... yes
checking the maximum length of command line arguments... 98304
checking how to convert x86_64-slackware-linux-musl file names to x86_64-slackware-linux-musl format... func_convert_file_noop
checking how to convert x86_64-slackware-linux-musl file names to toolchain format... func_convert_file_noop
checking for /usr/bin/ld option to reload object files... -r
checking for objdump... objdump
checking how to recognize dependent libraries... pass_all
checking for dlltool... dlltool
checking how to associate runtime and link libraries... printf %s\n
checking for ar... ar
checking for archiver @FILE support... @
checking for strip... strip
checking for ranlib... ranlib
checking command to parse /usr/bin/nm -B output from gcc object... ok
checking for sysroot... no
checking for a working dd... /usr/bin/dd
checking how to truncate binary pipes... /usr/bin/dd bs=4096 count=1
checking for mt... mt
checking if mt is a manifest tool... no
checking how to run the C preprocessor... gcc -E
checking for ANSI C header files... yes
checking for sys/types.h... yes
checking for sys/stat.h... yes
checking for stdlib.h... yes
checking for string.h... yes
checking for memory.h... yes
checking for strings.h... yes
checking for inttypes.h... yes
checking for stdint.h... yes
checking for unistd.h... yes
checking for dlfcn.h... yes
checking for objdir... .libs
checking if gcc supports -fno-rtti -fno-exceptions... no
checking for gcc option to produce PIC... -fPIC -DPIC
checking if gcc PIC flag -fPIC -DPIC works... yes
checking if gcc static flag -static works... yes
checking if gcc supports -c -o file.o... yes
checking if gcc supports -c -o file.o... (cached) yes
checking whether the gcc linker (/usr/bin/ld -m elf_x86_64) supports shared libraries... yes
checking whether -lc should be explicitly linked in... no
checking dynamic linker characteristics... GNU/Linux ld.so
checking how to hardcode library paths into programs... immediate
checking whether stripping libraries is possible... yes
checking if libtool supports shared libraries... yes
checking whether to build shared libraries... yes
checking whether to build static libraries... no
checking how to run the C++ preprocessor... g++ -E
checking for ld used by g++... /usr/bin/ld -m elf_x86_64
checking if the linker (/usr/bin/ld -m elf_x86_64) is GNU ld... yes
checking whether the g++ linker (/usr/bin/ld -m elf_x86_64) supports shared libraries... yes
checking for g++ option to produce PIC... -fPIC -DPIC
checking if g++ PIC flag -fPIC -DPIC works... yes
checking if g++ static flag -static works... yes
checking if g++ supports -c -o file.o... yes
checking if g++ supports -c -o file.o... (cached) yes
checking whether the g++ linker (/usr/bin/ld -m elf_x86_64) supports shared libraries... yes
checking dynamic linker characteristics... (cached) GNU/Linux ld.so
checking how to hardcode library paths into programs... immediate
checking for dirent.h that defines DIR... yes
checking for library containing opendir... none required
checking for ANSI C header files... (cached) yes
checking limits.h usability... yes
checking limits.h presence... yes
checking for limits.h... yes
checking mntent.h usability... yes
checking mntent.h presence... yes
checking for mntent.h... yes
checking for stdlib.h... (cached) yes
checking for string.h... (cached) yes
checking sys/mount.h usability... yes
checking sys/mount.h presence... yes
checking for sys/mount.h... yes
checking for unistd.h... (cached) yes
checking for stdbool.h that conforms to C99... yes
checking for _Bool... yes
checking for an ANSI C-conforming const... yes
checking for uid_t in sys/types.h... yes
checking for inline... inline
checking for int64_t... yes
checking for pid_t... yes
checking for unistd.h... (cached) yes
checking for working chown... yes
checking for library containing getmntent... none required
checking for stdlib.h... (cached) yes
checking for GNU libc compatible malloc... yes
checking for stdlib.h... (cached) yes
checking for GNU libc compatible realloc... yes
checking whether lstat correctly handles trailing slash... yes
checking whether stat accepts an empty string... no
checking for getmntent... (cached) yes
checking for hasmntopt... yes
checking for memset... yes
checking for mkdir... yes
checking for rmdir... yes
checking for strdup... yes
checking for pam_syslog in -lpam... yes
checking security/pam_modules.h usability... yes
checking security/pam_modules.h presence... yes
checking for security/pam_modules.h... yes
checking security/pam_modutil.h usability... yes
checking security/pam_modutil.h presence... yes
checking for security/pam_modutil.h... yes
checking security/pam_ext.h usability... yes
checking security/pam_ext.h presence... yes
checking for security/pam_ext.h... yes
checking that generated files are newer than configure... done
configure: creating ./config.status
config.status: creating Makefile
config.status: creating tests/Makefile
config.status: creating tests/tools/testenv.sh
config.status: creating tests/tools/Makefile
config.status: creating tests/tools/cgconfigparser/Makefile
config.status: creating tests/tools/cgclassify/Makefile
config.status: creating tests/tools/multimount/Makefile
config.status: creating tests/runlibcgrouptest.sh
config.status: creating src/Makefile
config.status: creating src/daemon/Makefile
config.status: creating src/tools/Makefile
config.status: creating src/pam/Makefile
config.status: creating src/bindings/Makefile
config.status: creating scripts/Makefile
config.status: creating scripts/init.d/cgconfig
config.status: creating scripts/init.d/cgred
config.status: creating samples/Makefile
config.status: creating include/Makefile
config.status: creating doc/Makefile
config.status: creating doc/man/Makefile
config.status: creating dist/Makefile
config.status: creating libcgroup.pc
config.status: creating dist/libcgroup.spec
config.status: creating config.h
config.status: executing depfiles commands
config.status: executing libtool commands
make  all-recursive
make[1]: Entering directory '/tmp/libcgroup-0.41'
Making all in dist
make[2]: Entering directory '/tmp/libcgroup-0.41/dist'
make[2]: Nothing to be done for 'all'.
make[2]: Leaving directory '/tmp/libcgroup-0.41/dist'
Making all in doc
make[2]: Entering directory '/tmp/libcgroup-0.41/doc'
Making all in man
make[3]: Entering directory '/tmp/libcgroup-0.41/doc/man'
make[3]: Nothing to be done for 'all'.
make[3]: Leaving directory '/tmp/libcgroup-0.41/doc/man'
make[3]: Entering directory '/tmp/libcgroup-0.41/doc'
make[3]: Nothing to be done for 'all-am'.
make[3]: Leaving directory '/tmp/libcgroup-0.41/doc'
make[2]: Leaving directory '/tmp/libcgroup-0.41/doc'
Making all in include
make[2]: Entering directory '/tmp/libcgroup-0.41/include'
make[2]: Nothing to be done for 'all'.
make[2]: Leaving directory '/tmp/libcgroup-0.41/include'
Making all in samples
make[2]: Entering directory '/tmp/libcgroup-0.41/samples'
make[2]: Nothing to be done for 'all'.
make[2]: Leaving directory '/tmp/libcgroup-0.41/samples'
Making all in scripts
make[2]: Entering directory '/tmp/libcgroup-0.41/scripts'
make[2]: Nothing to be done for 'all'.
make[2]: Leaving directory '/tmp/libcgroup-0.41/scripts'
Making all in src
make[2]: Entering directory '/tmp/libcgroup-0.41/src'
Making all in .
make[3]: Entering directory '/tmp/libcgroup-0.41/src'
  YACC     parse.c
  LEX      lex.c
  CC       api.lo
  CC       config.lo
/tmp/libcgroup-0.41/src/parse.y:48.14-15: warning: POSIX yacc reserves %type to nonterminals [-Wyacc]
   48 | %type <name> ID DEFAULT
      |              ^~
/tmp/libcgroup-0.41/src/parse.y:48.17-23: warning: POSIX yacc reserves %type to nonterminals [-Wyacc]
   48 | %type <name> ID DEFAULT
      |                 ^~~~~~~
/tmp/libcgroup-0.41/src/parse.y: warning: 4 shift/reduce conflicts [-Wconflicts-sr]
/tmp/libcgroup-0.41/src/parse.y: note: rerun with option '-Wcounterexamples' to generate conflict counterexamples
api.c:84:12: warning: duplicate ‘const’ declaration specifier [-Wduplicate-decl-specifier]
   84 | const char const *cgroup_strerror_codes[] = {
      |            ^~~~~
api.c:117:19: warning: duplicate ‘const’ declaration specifier [-Wduplicate-decl-specifier]
  117 | static const char const *cgroup_ignored_tasks_files[] = { "tasks", NULL };
      |                   ^~~~~
api.c:261:34: warning: duplicate ‘const’ declaration specifier [-Wduplicate-decl-specifier]
  261 |   int owner_is_umask, const char const **ignore_list)
      |                                  ^~~~~
config.c: In function ‘config_insert_cgroup’:
config.c:174:2: warning: ‘strncpy’ specified bound 4096 equals destination size [-Wstringop-truncation]
  174 |  strncpy(config_cgroup->name, cg_name, FILENAME_MAX);
      |  ^~~~~~~~~~~~~~~~~~~~~~~~~~~~~~~~~~~~~~~~~~~~~~~~~~~
api.c: In function ‘cgroup_parse_rules_file’:
api.c:609:3: warning: ‘strncpy’ output may be truncated copying between 0 and 255 bytes from a string of length 4352 [-Wstringop-truncation]
  609 |   strncpy(user, key, len_username);
      |   ^~~~~~~~~~~~~~~~~~~~~~~~~~~~~~~~
api.c:729:3: warning: ‘strncpy’ output may be truncated copying between 0 and 255 bytes from a string of length 255 [-Wstringop-truncation]
  729 |   strncpy(newrule->username, user, len_username);
      |   ^~~~~~~~~~~~~~~~~~~~~~~~~~~~~~~~~~~~~~~~~~~~~~
api.c:729:3: warning: ‘strncpy’ output may be truncated copying between 0 and 255 bytes from a string of length 255 [-Wstringop-truncation]
api.c:729:3: warning: ‘strncpy’ output may be truncated copying between 0 and 255 bytes from a string of length 255 [-Wstringop-truncation]
api.c:743:3: warning: ‘strncpy’ output may be truncated copying 4095 bytes from a string of length 4095 [-Wstringop-truncation]
  743 |   strncpy(newrule->destination, destination,
      |   ^~~~~~~~~~~~~~~~~~~~~~~~~~~~~~~~~~~~~~~~~~
  744 |    sizeof(newrule->destination) - 1);
      |    ~~~~~~~~~~~~~~~~~~~~~~~~~~~~~~~~~
api.c: In function ‘cg_read_stat’:
api.c:3761:2: warning: ‘strncpy’ specified bound 4096 equals destination size [-Wstringop-truncation]
 3761 |  strncpy(cgroup_stat->name, token, FILENAME_MAX);
      |  ^~~~~~~~~~~~~~~~~~~~~~~~~~~~~~~~~~~~~~~~~~~~~~~
api.c:3768:2: warning: ‘strncpy’ specified bound 100 equals destination size [-Wstringop-truncation]
 3768 |  strncpy(cgroup_stat->value, token, CG_VALUE_MAX);
      |  ^~~~~~~~~~~~~~~~~~~~~~~~~~~~~~~~~~~~~~~~~~~~~~~~
config.c: In function ‘cgroup_config_create_template_group’:
config.c:1800:5: warning: ‘strncpy’ output may be truncated copying 4095 bytes from a string of length 4095 [-Wstringop-truncation]
 1800 |     strncpy(buffer, t_cgroup->name,
      |     ^~~~~~~~~~~~~~~~~~~~~~~~~~~~~~~
 1801 |      FILENAME_MAX-1);
      |      ~~~~~~~~~~~~~~~
config.c:1802:5: warning: ‘strncpy’ output may be truncated copying 4095 bytes from a string of length 4095 [-Wstringop-truncation]
 1802 |     strncpy(t_cgroup->name, cgroup->name,
      |     ^~~~~~~~~~~~~~~~~~~~~~~~~~~~~~~~~~~~~
 1803 |      FILENAME_MAX-1);
      |      ~~~~~~~~~~~~~~~
config.c:1807:5: warning: ‘strncpy’ output may be truncated copying 4095 bytes from a string of length 4095 [-Wstringop-truncation]
 1807 |     strncpy(t_cgroup->name, buffer,
      |     ^~~~~~~~~~~~~~~~~~~~~~~~~~~~~~~
 1808 |      FILENAME_MAX-1);
      |      ~~~~~~~~~~~~~~~
updating parse.h
  CC       wrapper.lo
  CC       log.lo
wrapper.c: In function ‘cgroup_new_cgroup’:
wrapper.c:51:2: warning: ‘strncpy’ specified bound 4096 equals destination size [-Wstringop-truncation]
   51 |  strncpy(cgroup->name, name, sizeof(cgroup->name));
      |  ^~~~~~~~~~~~~~~~~~~~~~~~~~~~~~~~~~~~~~~~~~~~~~~~~
  CC       parse.lo
wrapper.c: In function ‘cgroup_add_controller’:
wrapper.c:85:2: warning: ‘strncpy’ specified bound 4096 equals destination size [-Wstringop-truncation]
   85 |  strncpy(controller->name, name, sizeof(controller->name));
      |  ^~~~~~~~~~~~~~~~~~~~~~~~~~~~~~~~~~~~~~~~~~~~~~~~~~~~~~~~~
wrapper.c: In function ‘cgroup_add_value_string’:
wrapper.c:198:2: warning: ‘strncpy’ specified bound 4096 equals destination size [-Wstringop-truncation]
  198 |  strncpy(cntl_value->name, name, sizeof(cntl_value->name));
      |  ^~~~~~~~~~~~~~~~~~~~~~~~~~~~~~~~~~~~~~~~~~~~~~~~~~~~~~~~~
wrapper.c:199:2: warning: ‘strncpy’ specified bound 100 equals destination size [-Wstringop-truncation]
  199 |  strncpy(cntl_value->value, value, sizeof(cntl_value->value));
      |  ^~~~~~~~~~~~~~~~~~~~~~~~~~~~~~~~~~~~~~~~~~~~~~~~~~~~~~~~~~~~
wrapper.c: In function ‘cgroup_set_value_string’:
wrapper.c:409:4: warning: ‘strncpy’ specified bound 100 equals destination size [-Wstringop-truncation]
  409 |    strncpy(val->value, value, CG_VALUE_MAX);
      |    ^~~~~~~~~~~~~~~~~~~~~~~~~~~~~~~~~~~~~~~~
wrapper.c: In function ‘create_cgroup_from_name_value_pairs’:
wrapper.c:606:3: warning: ‘strncpy’ specified bound 4096 equals destination size [-Wstringop-truncation]
  606 |   strncpy(con, name_value[i].name, FILENAME_MAX);
      |   ^~~~~~~~~~~~~~~~~~~~~~~~~~~~~~~~~~~~~~~~~~~~~~
parse.y: In function ‘yyparse’:
parse.y:106:56: warning: passing argument 1 of ‘cgroup_config_insert_cgroup’ makes pointer from integer without a cast [-Wint-conversion]
  106 |    $$ = cgroup_config_insert_cgroup($2);
      |                                                        ^    
      |                                                        |
      |                                                        int
In file included from parse.y:21:
./libcgroup-internal.h:229:39: note: expected ‘char *’ but argument is of type ‘int’
  229 | int cgroup_config_insert_cgroup(char *cg_name);
      |                                 ~~~~~~^~~~~~~
parse.y:125:15: warning: assignment to ‘int’ from ‘char *’ makes integer from pointer without a cast [-Wint-conversion]
  125 |   $$ = $1;
      |               ^
parse.y:129:15: warning: assignment to ‘int’ from ‘char *’ makes integer from pointer without a cast [-Wint-conversion]
  129 |   $$ = $1;
      |               ^
api.c: In function ‘cgroup_delete_cgroup_ext’:
api.c:2221:51: warning: ‘snprintf’ output may be truncated before the last format character [-Wformat-truncation=]
 2221 |    snprintf(child_name, sizeof(child_name), "%s/%s",
      |                                                   ^
api.c:2221:4: note: ‘snprintf’ output 2 or more bytes (assuming 4097) into a destination of size 4096
 2221 |    snprintf(child_name, sizeof(child_name), "%s/%s",
      |    ^~~~~~~~~~~~~~~~~~~~~~~~~~~~~~~~~~~~~~~~~~~~~~~~~
 2222 |      cgroup_name,
      |      ~~~~~~~~~~~~
 2223 |      info.full_path + group_len);
      |      ~~~~~~~~~~~~~~~~~~~~~~~~~~~
  CC       lex.lo
api.c: In function ‘cgroup_read_value_begin’:
api.c:3830:47: warning: ‘snprintf’ output may be truncated before the last format character [-Wformat-truncation=]
 3830 |  snprintf(stat_file, sizeof(stat_file), "%s/%s", stat_path,
      |                                               ^
api.c:3830:2: note: ‘snprintf’ output 2 or more bytes (assuming 4097) into a destination of size 4096
 3830 |  snprintf(stat_file, sizeof(stat_file), "%s/%s", stat_path,
      |  ^~~~~~~~~~~~~~~~~~~~~~~~~~~~~~~~~~~~~~~~~~~~~~~~~~~~~~~~~~
 3831 |   name);
      |   ~~~~~
api.c: In function ‘cgroup_read_stats_begin’:
api.c:3905:47: warning: ‘.stat’ directive output may be truncated writing 5 bytes into a region of size between 0 and 4095 [-Wformat-truncation=]
 3905 |  snprintf(stat_file, sizeof(stat_file), "%s/%s.stat", stat_path,
      |                                               ^~~~~
api.c:3905:2: note: ‘snprintf’ output 7 or more bytes (assuming 4102) into a destination of size 4096
 3905 |  snprintf(stat_file, sizeof(stat_file), "%s/%s.stat", stat_path,
      |  ^~~~~~~~~~~~~~~~~~~~~~~~~~~~~~~~~~~~~~~~~~~~~~~~~~~~~~~~~~~~~~~
 3906 |    controller);
      |    ~~~~~~~~~~~
api.c: In function ‘cgroup_get_controller_next’:
api.c:4025:2: warning: ‘strncpy’ specified bound 4096 equals destination size [-Wstringop-truncation]
 4025 |  strncpy(info->name, cg_mount_table[*pos].name, FILENAME_MAX);
      |  ^~~~~~~~~~~~~~~~~~~~~~~~~~~~~~~~~~~~~~~~~~~~~~~~~~~~~~~~~~~~
api.c:4027:2: warning: ‘strncpy’ specified bound 4096 equals destination size [-Wstringop-truncation]
 4027 |  strncpy(info->path, cg_mount_table[*pos].mount.path, FILENAME_MAX);
      |  ^~~~~~~~~~~~~~~~~~~~~~~~~~~~~~~~~~~~~~~~~~~~~~~~~~~~~~~~~~~~~~~~~~
  CCLD     libcgroup.la
make[3]: Leaving directory '/tmp/libcgroup-0.41/src'
Making all in daemon
make[3]: Entering directory '/tmp/libcgroup-0.41/src/daemon'
  CC       cgrulesengd.o
  CC       tools-common.o
../tools/tools-common.c: In function ‘parse_cgroup_spec’:
../tools/tools-common.c:92:2: warning: ‘strncpy’ specified bound 4096 equals destination size [-Wstringop-truncation]
   92 |  strncpy(cdptr[i]->path, pathptr, FILENAME_MAX);
      |  ^~~~~~~~~~~~~~~~~~~~~~~~~~~~~~~~~~~~~~~~~~~~~~
cgrulesengd.c: In function ‘cgre_parse_syslog_facility’:
cgrulesengd.c:1014:5: warning: this ‘if’ clause does not guard... [-Wmisleading-indentation]
 1014 |     if (strlen(arg) > 1)
      |     ^~
cgrulesengd.c:1017:2: note: ...this statement, but the latter is misleadingly indented as if it were guarded by the ‘if’
 1017 |  switch (arg[0]) {
      |  ^~~~~~
  CCLD     cgrulesengd
make[3]: Leaving directory '/tmp/libcgroup-0.41/src/daemon'
Making all in pam
make[3]: Entering directory '/tmp/libcgroup-0.41/src/pam'
  CC       pam_cgroup.lo
  CCLD     pam_cgroup.la
make[3]: Leaving directory '/tmp/libcgroup-0.41/src/pam'
Making all in tools
make[3]: Entering directory '/tmp/libcgroup-0.41/src/tools'
  CC       cgexec.o
  CC       tools-common.o
  CC       cgclassify.o
tools-common.c: In function ‘parse_cgroup_spec’:
tools-common.c:92:2: warning: ‘strncpy’ specified bound 4096 equals destination size [-Wstringop-truncation]
   92 |  strncpy(cdptr[i]->path, pathptr, FILENAME_MAX);
      |  ^~~~~~~~~~~~~~~~~~~~~~~~~~~~~~~~~~~~~~~~~~~~~~
  CC       cgcreate.o
  CC       cgset.o
  CC       cgget.o
  CC       cgdelete.o
  CC       lssubsys.o
  CC       lscgroup.o
In function ‘print_all_controllers_in_hierarchy’,
    inlined from ‘cgroup_list_all_controllers’ at lssubsys.c:215:9,
    inlined from ‘main’ at lssubsys.c:283:8:
lssubsys.c:127:4: warning: ‘strncat’ output may be truncated copying 4095 bytes from a string of length 4095 [-Wstringop-truncation]
  127 |    strncat(cont_names, info.name, FILENAME_MAX-1);
      |    ^~~~~~~~~~~~~~~~~~~~~~~~~~~~~~~~~~~~~~~~~~~~~~
lssubsys.c:120:4: warning: ‘strncpy’ output may be truncated copying 4095 bytes from a string of length 4095 [-Wstringop-truncation]
  120 |    strncpy(cont_name, info.name, FILENAME_MAX-1);
      |    ^~~~~~~~~~~~~~~~~~~~~~~~~~~~~~~~~~~~~~~~~~~~~
lssubsys.c:122:4: warning: ‘strncpy’ output may be truncated copying 4095 bytes from a string of length 4095 [-Wstringop-truncation]
  122 |    strncpy(cont_names, info.name, FILENAME_MAX-1);
      |    ^~~~~~~~~~~~~~~~~~~~~~~~~~~~~~~~~~~~~~~~~~~~~~
lscgroup.c: In function ‘display_controller_data’:
lscgroup.c:99:2: warning: ‘strncpy’ specified bound 4096 equals destination size [-Wstringop-truncation]
   99 |  strncpy(cgroup_dir_path, info.full_path, FILENAME_MAX);
      |  ^~~~~~~~~~~~~~~~~~~~~~~~~~~~~~~~~~~~~~~~~~~~~~~~~~~~~~
lscgroup.c:103:2: warning: ‘strncpy’ specified bound 4096 equals destination size [-Wstringop-truncation]
  103 |  strncpy(input_dir_path, input_path, FILENAME_MAX);
      |  ^~~~~~~~~~~~~~~~~~~~~~~~~~~~~~~~~~~~~~~~~~~~~~~~~
  CC       cgsnapshot.o
  CC       cgconfig.o
  CC       cgclear.o
  CCLD     cgexec
  CCLD     cgclassify
  CCLD     cgcreate
  CCLD     cgset
  CCLD     cgget
  CCLD     cgdelete
  CCLD     lssubsys
  CCLD     lscgroup
  CCLD     cgsnapshot
  CCLD     cgconfigparser
  CCLD     cgclear
make[3]: Leaving directory '/tmp/libcgroup-0.41/src/tools'
make[2]: Leaving directory '/tmp/libcgroup-0.41/src'
Making all in tests
make[2]: Entering directory '/tmp/libcgroup-0.41/tests'
Making all in tools
make[3]: Entering directory '/tmp/libcgroup-0.41/tests/tools'
Making all in cgconfigparser
make[4]: Entering directory '/tmp/libcgroup-0.41/tests/tools/cgconfigparser'
make[4]: Nothing to be done for 'all'.
make[4]: Leaving directory '/tmp/libcgroup-0.41/tests/tools/cgconfigparser'
Making all in cgclassify
make[4]: Entering directory '/tmp/libcgroup-0.41/tests/tools/cgclassify'
make[4]: Nothing to be done for 'all'.
make[4]: Leaving directory '/tmp/libcgroup-0.41/tests/tools/cgclassify'
Making all in multimount
make[4]: Entering directory '/tmp/libcgroup-0.41/tests/tools/multimount'
make[4]: Nothing to be done for 'all'.
make[4]: Leaving directory '/tmp/libcgroup-0.41/tests/tools/multimount'
make[4]: Entering directory '/tmp/libcgroup-0.41/tests/tools'
make[4]: Nothing to be done for 'all-am'.
make[4]: Leaving directory '/tmp/libcgroup-0.41/tests/tools'
make[3]: Leaving directory '/tmp/libcgroup-0.41/tests/tools'
make[3]: Entering directory '/tmp/libcgroup-0.41/tests'
  CC       libcgrouptest01.o
  CC       test_functions.o
  CXX      libcg_ba.o
libcgrouptest01.c: In function ‘main’:
libcgrouptest01.c:63:3: warning: ‘strncpy’ specified bound 4096 equals destination size [-Wstringop-truncation]
   63 |   strncpy(mountpoint, argv[4], sizeof(mountpoint));
      |   ^~~~~~~~~~~~~~~~~~~~~~~~~~~~~~~~~~~~~~~~~~~~~~~~
libcgrouptest01.c:67:4: warning: ‘strncpy’ specified bound 4096 equals destination size [-Wstringop-truncation]
   67 |    strncpy(mountpoint2, argv[5], sizeof(mountpoint2));
      |    ^~~~~~~~~~~~~~~~~~~~~~~~~~~~~~~~~~~~~~~~~~~~~~~~~~
test_functions.c: In function ‘create_new_cgroup_ds’:
test_functions.c:142:2: warning: ‘strncpy’ specified bound 4096 equals destination size [-Wstringop-truncation]
  142 |  strncpy(group, grpname, sizeof(group));
      |  ^~~~~~~~~~~~~~~~~~~~~~~~~~~~~~~~~~~~~~
  CC       setuid.o
  CC       walk_test.o
  CC       read_stats.o
read_stats.c: In function ‘main’:
read_stats.c:66:2: warning: ‘strncpy’ specified bound 4096 equals destination size [-Wstringop-truncation]
   66 |  strncpy(cgroup_path, info.path, FILENAME_MAX);
      |  ^~~~~~~~~~~~~~~~~~~~~~~~~~~~~~~~~~~~~~~~~~~~~
read_stats.c:75:3: warning: ‘strncpy’ specified bound 4096 equals destination size [-Wstringop-truncation]
   75 |   strncpy(cgroup_path, info.full_path + root_len, FILENAME_MAX);
      |   ^~~~~~~~~~~~~~~~~~~~~~~~~~~~~~~~~~~~~~~~~~~~~~~~~~~~~~~~~~~~~
  CC       walk_task.o
  CC       get_controller.o
  CC       get_mount_point.o
  CC       proctest.o
  CC       get_all_controller.o
  CC       get_variable_names.o
  CC       test_named_hierarchy.o
  CC       get_procs.o
  CC       wrapper_test.o
  CC       logger.o
  CCLD     libcgrouptest01
  CCLD     setuid
  CCLD     walk_test
  CCLD     read_stats
  CCLD     walk_task
  CCLD     get_controller
  CCLD     get_mount_point
  CCLD     proctest
  CCLD     get_all_controller
  CCLD     get_variable_names
  CCLD     test_named_hierarchy
  CCLD     get_procs
  CCLD     wrapper_test
  CCLD     logger
  CXXLD    libcg_ba
make[3]: Leaving directory '/tmp/libcgroup-0.41/tests'
make[2]: Leaving directory '/tmp/libcgroup-0.41/tests'
make[2]: Entering directory '/tmp/libcgroup-0.41'
make[2]: Leaving directory '/tmp/libcgroup-0.41'
make[1]: Leaving directory '/tmp/libcgroup-0.41'
Making install in dist
make[1]: Entering directory '/tmp/libcgroup-0.41/dist'
make[2]: Entering directory '/tmp/libcgroup-0.41/dist'
make[2]: Nothing to be done for 'install-exec-am'.
make[2]: Nothing to be done for 'install-data-am'.
make[2]: Leaving directory '/tmp/libcgroup-0.41/dist'
make[1]: Leaving directory '/tmp/libcgroup-0.41/dist'
Making install in doc
make[1]: Entering directory '/tmp/libcgroup-0.41/doc'
Making install in man
make[2]: Entering directory '/tmp/libcgroup-0.41/doc/man'
make[3]: Entering directory '/tmp/libcgroup-0.41/doc/man'
make[3]: Nothing to be done for 'install-exec-am'.
 /usr/bin/mkdir -p '/tmp/package-libcgroup/usr/man/man1'
 /usr/bin/ginstall -c -m 644 cgclassify.1 cgexec.1 cgcreate.1 cgset.1 cgclear.1 cgget.1 cgdelete.1 lssubsys.1 lscgroup.1 cgsnapshot.1 '/tmp/package-libcgroup/usr/man/man1'
 /usr/bin/mkdir -p '/tmp/package-libcgroup/usr/man/man5'
 /usr/bin/ginstall -c -m 644 cgconfig.conf.5 cgred.conf.5 cgrules.conf.5 '/tmp/package-libcgroup/usr/man/man5'
 /usr/bin/mkdir -p '/tmp/package-libcgroup/usr/man/man8'
 /usr/bin/ginstall -c -m 644 cgconfigparser.8 cgrulesengd.8 '/tmp/package-libcgroup/usr/man/man8'
make[3]: Leaving directory '/tmp/libcgroup-0.41/doc/man'
make[2]: Leaving directory '/tmp/libcgroup-0.41/doc/man'
make[2]: Entering directory '/tmp/libcgroup-0.41/doc'
make[3]: Entering directory '/tmp/libcgroup-0.41/doc'
make[3]: Nothing to be done for 'install-exec-am'.
make[3]: Nothing to be done for 'install-data-am'.
make[3]: Leaving directory '/tmp/libcgroup-0.41/doc'
make[2]: Leaving directory '/tmp/libcgroup-0.41/doc'
make[1]: Leaving directory '/tmp/libcgroup-0.41/doc'
Making install in include
make[1]: Entering directory '/tmp/libcgroup-0.41/include'
make[2]: Entering directory '/tmp/libcgroup-0.41/include'
make[2]: Nothing to be done for 'install-exec-am'.
 /usr/bin/mkdir -p '/tmp/package-libcgroup/usr/include'
 /usr/bin/ginstall -c -m 644  libcgroup.h '/tmp/package-libcgroup/usr/include/.'
 /usr/bin/mkdir -p '/tmp/package-libcgroup/usr/include/libcgroup'
 /usr/bin/ginstall -c -m 644  libcgroup/error.h libcgroup/init.h libcgroup/groups.h libcgroup/tasks.h libcgroup/iterators.h libcgroup/config.h libcgroup/log.h '/tmp/package-libcgroup/usr/include/libcgroup'
make[2]: Leaving directory '/tmp/libcgroup-0.41/include'
make[1]: Leaving directory '/tmp/libcgroup-0.41/include'
Making install in samples
make[1]: Entering directory '/tmp/libcgroup-0.41/samples'
make[2]: Entering directory '/tmp/libcgroup-0.41/samples'
make[2]: Nothing to be done for 'install-exec-am'.
make[2]: Nothing to be done for 'install-data-am'.
make[2]: Leaving directory '/tmp/libcgroup-0.41/samples'
make[1]: Leaving directory '/tmp/libcgroup-0.41/samples'
Making install in scripts
make[1]: Entering directory '/tmp/libcgroup-0.41/scripts'
make[2]: Entering directory '/tmp/libcgroup-0.41/scripts'
make  install-exec-hook
make[3]: Entering directory '/tmp/libcgroup-0.41/scripts'
make[3]: Nothing to be done for 'install-exec-hook'.
make[3]: Leaving directory '/tmp/libcgroup-0.41/scripts'
make[2]: Nothing to be done for 'install-data-am'.
make[2]: Leaving directory '/tmp/libcgroup-0.41/scripts'
make[1]: Leaving directory '/tmp/libcgroup-0.41/scripts'
Making install in src
make[1]: Entering directory '/tmp/libcgroup-0.41/src'
Making install in .
make[2]: Entering directory '/tmp/libcgroup-0.41/src'
make[3]: Entering directory '/tmp/libcgroup-0.41/src'
 /usr/bin/mkdir -p '/tmp/package-libcgroup/usr/lib'
 /bin/sh ../libtool   --mode=install /usr/bin/ginstall -c   libcgroup.la '/tmp/package-libcgroup/usr/lib'
libtool: install: /usr/bin/ginstall -c .libs/libcgroup.so.1.0.41 /tmp/package-libcgroup/usr/lib/libcgroup.so.1.0.41
libtool: install: (cd /tmp/package-libcgroup/usr/lib && { ln -s -f libcgroup.so.1.0.41 libcgroup.so.1 || { rm -f libcgroup.so.1 && ln -s libcgroup.so.1.0.41 libcgroup.so.1; }; })
libtool: install: (cd /tmp/package-libcgroup/usr/lib && { ln -s -f libcgroup.so.1.0.41 libcgroup.so || { rm -f libcgroup.so && ln -s libcgroup.so.1.0.41 libcgroup.so; }; })
libtool: install: /usr/bin/ginstall -c .libs/libcgroup.lai /tmp/package-libcgroup/usr/lib/libcgroup.la
libtool: warning: remember to run 'libtool --finish /usr/lib'
make[3]: Nothing to be done for 'install-data-am'.
make[3]: Leaving directory '/tmp/libcgroup-0.41/src'
make[2]: Leaving directory '/tmp/libcgroup-0.41/src'
Making install in daemon
make[2]: Entering directory '/tmp/libcgroup-0.41/src/daemon'
make[3]: Entering directory '/tmp/libcgroup-0.41/src/daemon'
 /usr/bin/mkdir -p '/tmp/package-libcgroup/usr/sbin'
  /bin/sh ../../libtool   --mode=install /usr/bin/ginstall -c cgrulesengd '/tmp/package-libcgroup/usr/sbin'
libtool: warning: '../../src/.libs/libcgroup.la' has not been installed in '/usr/lib'
libtool: install: /usr/bin/ginstall -c .libs/cgrulesengd /tmp/package-libcgroup/usr/sbin/cgrulesengd
make[3]: Nothing to be done for 'install-data-am'.
make[3]: Leaving directory '/tmp/libcgroup-0.41/src/daemon'
make[2]: Leaving directory '/tmp/libcgroup-0.41/src/daemon'
Making install in pam
make[2]: Entering directory '/tmp/libcgroup-0.41/src/pam'
make[3]: Entering directory '/tmp/libcgroup-0.41/src/pam'
make[3]: Nothing to be done for 'install-exec-am'.
 /usr/bin/mkdir -p '/tmp/package-libcgroup/lib/security'
 /bin/sh ../../libtool   --mode=install /usr/bin/ginstall -c   pam_cgroup.la '/tmp/package-libcgroup/lib/security'
libtool: warning: relinking 'pam_cgroup.la'
libtool: install: (cd /tmp/libcgroup-0.41/src/pam; /bin/sh "/tmp/libcgroup-0.41/libtool"  --silent --tag CC --mode=relink gcc -O2 -fPIC -Wall -module -lfts -o pam_cgroup.la -rpath /lib/security pam_cgroup.lo ../../src/.libs/libcgroup.la -lpam -inst-prefix-dir /tmp/package-libcgroup)
libtool: install: /usr/bin/ginstall -c .libs/pam_cgroup.so.0.0.0T /tmp/package-libcgroup/lib/security/pam_cgroup.so.0.0.0
libtool: install: (cd /tmp/package-libcgroup/lib/security && { ln -s -f pam_cgroup.so.0.0.0 pam_cgroup.so.0 || { rm -f pam_cgroup.so.0 && ln -s pam_cgroup.so.0.0.0 pam_cgroup.so.0; }; })
libtool: install: (cd /tmp/package-libcgroup/lib/security && { ln -s -f pam_cgroup.so.0.0.0 pam_cgroup.so || { rm -f pam_cgroup.so && ln -s pam_cgroup.so.0.0.0 pam_cgroup.so; }; })
libtool: install: /usr/bin/ginstall -c .libs/pam_cgroup.lai /tmp/package-libcgroup/lib/security/pam_cgroup.la
libtool: warning: remember to run 'libtool --finish /lib/security'
make[3]: Leaving directory '/tmp/libcgroup-0.41/src/pam'
make[2]: Leaving directory '/tmp/libcgroup-0.41/src/pam'
Making install in tools
make[2]: Entering directory '/tmp/libcgroup-0.41/src/tools'
make[3]: Entering directory '/tmp/libcgroup-0.41/src/tools'
 /usr/bin/mkdir -p '/tmp/package-libcgroup/usr/bin'
  /bin/sh ../../libtool   --mode=install /usr/bin/ginstall -c cgexec cgclassify cgcreate cgset cgget cgdelete lssubsys lscgroup cgsnapshot '/tmp/package-libcgroup/usr/bin'
libtool: warning: '../../src/.libs/libcgroup.la' has not been installed in '/usr/lib'
libtool: install: /usr/bin/ginstall -c .libs/cgexec /tmp/package-libcgroup/usr/bin/cgexec
libtool: warning: '../../src/.libs/libcgroup.la' has not been installed in '/usr/lib'
libtool: install: /usr/bin/ginstall -c .libs/cgclassify /tmp/package-libcgroup/usr/bin/cgclassify
libtool: warning: '../../src/.libs/libcgroup.la' has not been installed in '/usr/lib'
libtool: install: /usr/bin/ginstall -c .libs/cgcreate /tmp/package-libcgroup/usr/bin/cgcreate
libtool: warning: '../../src/.libs/libcgroup.la' has not been installed in '/usr/lib'
libtool: install: /usr/bin/ginstall -c .libs/cgset /tmp/package-libcgroup/usr/bin/cgset
libtool: warning: '../../src/.libs/libcgroup.la' has not been installed in '/usr/lib'
libtool: install: /usr/bin/ginstall -c .libs/cgget /tmp/package-libcgroup/usr/bin/cgget
libtool: warning: '../../src/.libs/libcgroup.la' has not been installed in '/usr/lib'
libtool: install: /usr/bin/ginstall -c .libs/cgdelete /tmp/package-libcgroup/usr/bin/cgdelete
libtool: warning: '../../src/.libs/libcgroup.la' has not been installed in '/usr/lib'
libtool: install: /usr/bin/ginstall -c .libs/lssubsys /tmp/package-libcgroup/usr/bin/lssubsys
libtool: warning: '../../src/.libs/libcgroup.la' has not been installed in '/usr/lib'
libtool: install: /usr/bin/ginstall -c .libs/lscgroup /tmp/package-libcgroup/usr/bin/lscgroup
libtool: warning: '../../src/.libs/libcgroup.la' has not been installed in '/usr/lib'
libtool: install: /usr/bin/ginstall -c .libs/cgsnapshot /tmp/package-libcgroup/usr/bin/cgsnapshot
 /usr/bin/mkdir -p '/tmp/package-libcgroup/usr/sbin'
  /bin/sh ../../libtool   --mode=install /usr/bin/ginstall -c cgconfigparser cgclear '/tmp/package-libcgroup/usr/sbin'
libtool: warning: '../../src/.libs/libcgroup.la' has not been installed in '/usr/lib'
libtool: install: /usr/bin/ginstall -c .libs/cgconfigparser /tmp/package-libcgroup/usr/sbin/cgconfigparser
libtool: warning: '../../src/.libs/libcgroup.la' has not been installed in '/usr/lib'
libtool: install: /usr/bin/ginstall -c .libs/cgclear /tmp/package-libcgroup/usr/sbin/cgclear
make  install-exec-hook
make[4]: Entering directory '/tmp/libcgroup-0.41/src/tools'
chmod u+s /tmp/package-libcgroup/usr/bin/cgexec
make[4]: Leaving directory '/tmp/libcgroup-0.41/src/tools'
make[3]: Nothing to be done for 'install-data-am'.
make[3]: Leaving directory '/tmp/libcgroup-0.41/src/tools'
make[2]: Leaving directory '/tmp/libcgroup-0.41/src/tools'
make[1]: Leaving directory '/tmp/libcgroup-0.41/src'
Making install in tests
make[1]: Entering directory '/tmp/libcgroup-0.41/tests'
Making install in tools
make[2]: Entering directory '/tmp/libcgroup-0.41/tests/tools'
Making install in cgconfigparser
make[3]: Entering directory '/tmp/libcgroup-0.41/tests/tools/cgconfigparser'
make[4]: Entering directory '/tmp/libcgroup-0.41/tests/tools/cgconfigparser'
make[4]: Nothing to be done for 'install-exec-am'.
make[4]: Nothing to be done for 'install-data-am'.
make[4]: Leaving directory '/tmp/libcgroup-0.41/tests/tools/cgconfigparser'
make[3]: Leaving directory '/tmp/libcgroup-0.41/tests/tools/cgconfigparser'
Making install in cgclassify
make[3]: Entering directory '/tmp/libcgroup-0.41/tests/tools/cgclassify'
make[4]: Entering directory '/tmp/libcgroup-0.41/tests/tools/cgclassify'
make[4]: Nothing to be done for 'install-exec-am'.
make[4]: Nothing to be done for 'install-data-am'.
make[4]: Leaving directory '/tmp/libcgroup-0.41/tests/tools/cgclassify'
make[3]: Leaving directory '/tmp/libcgroup-0.41/tests/tools/cgclassify'
Making install in multimount
make[3]: Entering directory '/tmp/libcgroup-0.41/tests/tools/multimount'
make[4]: Entering directory '/tmp/libcgroup-0.41/tests/tools/multimount'
make[4]: Nothing to be done for 'install-exec-am'.
make[4]: Nothing to be done for 'install-data-am'.
make[4]: Leaving directory '/tmp/libcgroup-0.41/tests/tools/multimount'
make[3]: Leaving directory '/tmp/libcgroup-0.41/tests/tools/multimount'
make[3]: Entering directory '/tmp/libcgroup-0.41/tests/tools'
make[4]: Entering directory '/tmp/libcgroup-0.41/tests/tools'
make[4]: Nothing to be done for 'install-exec-am'.
make[4]: Nothing to be done for 'install-data-am'.
make[4]: Leaving directory '/tmp/libcgroup-0.41/tests/tools'
make[3]: Leaving directory '/tmp/libcgroup-0.41/tests/tools'
make[2]: Leaving directory '/tmp/libcgroup-0.41/tests/tools'
make[2]: Entering directory '/tmp/libcgroup-0.41/tests'
make[3]: Entering directory '/tmp/libcgroup-0.41/tests'
make[3]: Nothing to be done for 'install-exec-am'.
make[3]: Nothing to be done for 'install-data-am'.
make[3]: Leaving directory '/tmp/libcgroup-0.41/tests'
make[2]: Leaving directory '/tmp/libcgroup-0.41/tests'
make[1]: Leaving directory '/tmp/libcgroup-0.41/tests'
make[1]: Entering directory '/tmp/libcgroup-0.41'
make[2]: Entering directory '/tmp/libcgroup-0.41'
make[2]: Nothing to be done for 'install-exec-am'.
 /usr/bin/mkdir -p '/tmp/package-libcgroup/usr/lib/pkgconfig'
 /usr/bin/ginstall -c -m 644 libcgroup.pc '/tmp/package-libcgroup/usr/lib/pkgconfig'
make[2]: Leaving directory '/tmp/libcgroup-0.41'
make[1]: Leaving directory '/tmp/libcgroup-0.41'
cp: cannot stat 'AUTHORS': No such file or directory
cp: cannot stat 'NEWS': No such file or directory
cp: cannot stat 'THANKS': No such file or directory
cp: cannot stat 'TODO': No such file or directory

Slackware package maker, version 3.14159265.

Searching for symbolic links:
lib/security/pam_cgroup.so	pam_cgroup.so.0.0.0
lib/security/pam_cgroup.so.0	pam_cgroup.so.0.0.0
usr/lib/libcgroup.so	libcgroup.so.1.0.41
usr/lib/libcgroup.so.1	libcgroup.so.1.0.41

Making symbolic link creation script:
( cd lib/security ; rm -rf pam_cgroup.so )
( cd lib/security ; ln -sf pam_cgroup.so.0.0.0 pam_cgroup.so )
( cd lib/security ; rm -rf pam_cgroup.so.0 )
( cd lib/security ; ln -sf pam_cgroup.so.0.0.0 pam_cgroup.so.0 )
( cd usr/lib ; rm -rf libcgroup.so )
( cd usr/lib ; ln -sf libcgroup.so.1.0.41 libcgroup.so )
( cd usr/lib ; rm -rf libcgroup.so.1 )
( cd usr/lib ; ln -sf libcgroup.so.1.0.41 libcgroup.so.1 )

Unless your existing installation script already contains the code
to create these links, you should append these lines to your existing
install script. Now's your chance. :^)

Would you like to add this stuff to the existing install script and
remove the symbolic links ([y]es, [n]o)? y


Removing symbolic links:
removed './lib/security/pam_cgroup.so.0'
removed './lib/security/pam_cgroup.so'
removed './usr/lib/libcgroup.so.1'
removed './usr/lib/libcgroup.so'

Updating your ./install/doinst.sh...

This next step is optional - you can set the directories in your package
to some sane permissions. If any of the directories in your package have
special permissions, then DO NOT reset them here!

Would you like to reset all directory permissions to 755 (drwxr-xr-x) and
directory ownerships to root.root ([y]es, [n]o)? n

Creating Slackware package:  /tmp/libcgroup-0.41-x86_64-8.txz

./
etc/
etc/cgconfig.conf.new
etc/cgconfig.d/
etc/cgred.conf.new
etc/cgrules.conf.new
etc/cgsnapshot_blacklist.conf.new
etc/rc.d/
etc/rc.d/rc.cgconfig.new
etc/rc.d/rc.cgred.new
install/
install/doinst.sh
install/slack-desc
lib/
lib/security/
lib/security/pam_cgroup.so.0.0.0
usr/
usr/bin/
usr/bin/cgclassify
usr/bin/cgcreate
usr/bin/cgdelete
usr/bin/cgexec
usr/bin/cgget
usr/bin/cgset
usr/bin/cgsnapshot
usr/bin/lscgroup
usr/bin/lssubsys
usr/doc/
usr/doc/libcgroup-0.41/
usr/doc/libcgroup-0.41/COPYING
usr/doc/libcgroup-0.41/INSTALL
usr/doc/libcgroup-0.41/README
usr/doc/libcgroup-0.41/README_daemon
usr/doc/libcgroup-0.41/README_systemd
usr/doc/libcgroup-0.41/samples/
usr/doc/libcgroup-0.41/samples/cgconfig.conf
usr/doc/libcgroup-0.41/samples/cgred.conf
usr/doc/libcgroup-0.41/samples/cgrules.conf
usr/doc/libcgroup-0.41/samples/cgsnapshot_blacklist.conf
usr/include/
usr/include/libcgroup/
usr/include/libcgroup.h
usr/include/libcgroup/config.h
usr/include/libcgroup/error.h
usr/include/libcgroup/groups.h
usr/include/libcgroup/init.h
usr/include/libcgroup/iterators.h
usr/include/libcgroup/log.h
usr/include/libcgroup/tasks.h
usr/lib/
usr/lib/libcgroup.so.1.0.41
usr/lib/pkgconfig/
usr/lib/pkgconfig/libcgroup.pc
usr/man/
usr/man/man1/
usr/man/man1/cgclassify.1.gz
usr/man/man1/cgclear.1.gz
usr/man/man1/cgcreate.1.gz
usr/man/man1/cgdelete.1.gz
usr/man/man1/cgexec.1.gz
usr/man/man1/cgget.1.gz
usr/man/man1/cgset.1.gz
usr/man/man1/cgsnapshot.1.gz
usr/man/man1/lscgroup.1.gz
usr/man/man1/lssubsys.1.gz
usr/man/man5/
usr/man/man5/cgconfig.conf.5.gz
usr/man/man5/cgred.conf.5.gz
usr/man/man5/cgrules.conf.5.gz
usr/man/man8/
usr/man/man8/cgconfigparser.8.gz
usr/man/man8/cgrulesengd.8.gz
usr/sbin/
usr/sbin/cgclear
usr/sbin/cgconfigparser
usr/sbin/cgrulesengd

Slackware package /tmp/libcgroup-0.41-x86_64-8.txz created.

